2024-12-04 12:56:46.764 [info] Extension host with pid 1482 started
2024-12-04 12:56:46.779 [info] Lock '/home/abe/.vscode-server/data/User/workspaceStorage/40d0012a8f172ffa2517b34379f1b79c/vscode.lock': Lock acquired.
2024-12-04 12:56:46.805 [info] ExtensionService#_doActivateExtension vscode.git-base, startup: true, activationEvent: '*', root cause: vscode.git
2024-12-04 12:56:46.854 [info] ExtensionService#_doActivateExtension vscode.git, startup: true, activationEvent: '*'
2024-12-04 12:56:46.855 [info] ExtensionService#_doActivateExtension vscode.github, startup: true, activationEvent: '*'
2024-12-04 12:56:47.030 [info] Eager extensions activated
2024-12-04 12:56:47.031 [info] ExtensionService#_doActivateExtension vscode.debug-auto-launch, startup: false, activationEvent: 'onStartupFinished'
2024-12-04 12:56:47.031 [info] ExtensionService#_doActivateExtension vscode.merge-conflict, startup: false, activationEvent: 'onStartupFinished'
2024-12-04 12:56:47.157 [info] ExtensionService#_doActivateExtension vscode.emmet, startup: false, activationEvent: 'onLanguage'
2024-12-04 12:57:30.499 [info] ExtensionService#_doActivateExtension vscode.extension-editing, startup: false, activationEvent: 'onLanguage:markdown'
2024-12-04 12:57:30.499 [info] ExtensionService#_doActivateExtension vscode.markdown-language-features, startup: false, activationEvent: 'onLanguage:markdown'
2024-12-04 12:57:30.954 [info] ExtensionService#_doActivateExtension vscode.markdown-math, startup: false, activationEvent: 'api', root cause: vscode.markdown-language-features
2024-12-04 12:57:31.918 [info] ExtensionService#_doActivateExtension vscode.typescript-language-features, startup: false, activationEvent: 'onLanguage:javascript'
2024-12-05 13:39:37.129 [info] Extension host terminating: received terminate message from renderer
2024-12-05 13:39:37.136 [info] Lock '/home/abe/.vscode-server/data/User/workspaceStorage/40d0012a8f172ffa2517b34379f1b79c/vscode.lock': Marking the lockfile as scheduled to be released in 6000 ms.
2024-12-05 13:39:37.349 [error] Canceled: Canceled
	at new tT (file:///home/abe/.vscode-server/bin/f1a4fb101478ce6ec82fe9627c43efbf9e98c813/out/vs/workbench/api/node/extensionHostProcess.js:31:151066)
	at py.U (file:///home/abe/.vscode-server/bin/f1a4fb101478ce6ec82fe9627c43efbf9e98c813/out/vs/workbench/api/node/extensionHostProcess.js:31:155676)
	at s.<computed>.n.charCodeAt.s.<computed> (file:///home/abe/.vscode-server/bin/f1a4fb101478ce6ec82fe9627c43efbf9e98c813/out/vs/workbench/api/node/extensionHostProcess.js:31:153170)
	at Y0.g (file:///home/abe/.vscode-server/bin/f1a4fb101478ce6ec82fe9627c43efbf9e98c813/out/vs/workbench/api/node/extensionHostProcess.js:114:32313)
	at Y0.executeCommand (file:///home/abe/.vscode-server/bin/f1a4fb101478ce6ec82fe9627c43efbf9e98c813/out/vs/workbench/api/node/extensionHostProcess.js:114:31817)
	at r.registerCommand.description (file:///home/abe/.vscode-server/bin/f1a4fb101478ce6ec82fe9627c43efbf9e98c813/out/vs/workbench/api/node/extensionHostProcess.js:114:31147)
	at Y0.h (file:///home/abe/.vscode-server/bin/f1a4fb101478ce6ec82fe9627c43efbf9e98c813/out/vs/workbench/api/node/extensionHostProcess.js:114:32833)
	at Y0.g (file:///home/abe/.vscode-server/bin/f1a4fb101478ce6ec82fe9627c43efbf9e98c813/out/vs/workbench/api/node/extensionHostProcess.js:114:31910)
	at Y0.executeCommand (file:///home/abe/.vscode-server/bin/f1a4fb101478ce6ec82fe9627c43efbf9e98c813/out/vs/workbench/api/node/extensionHostProcess.js:114:31817)
	at Object.executeCommand (file:///home/abe/.vscode-server/bin/f1a4fb101478ce6ec82fe9627c43efbf9e98c813/out/vs/workbench/api/node/extensionHostProcess.js:156:37246)
	at mh.O [as value] (/home/abe/.vscode-server/bin/f1a4fb101478ce6ec82fe9627c43efbf9e98c813/extensions/git/dist/main.js:2:961845)
	at P.B (file:///home/abe/.vscode-server/bin/f1a4fb101478ce6ec82fe9627c43efbf9e98c813/out/vs/workbench/api/node/extensionHostProcess.js:29:746)
	at P.C (file:///home/abe/.vscode-server/bin/f1a4fb101478ce6ec82fe9627c43efbf9e98c813/out/vs/workbench/api/node/extensionHostProcess.js:29:816)
	at P.fire (file:///home/abe/.vscode-server/bin/f1a4fb101478ce6ec82fe9627c43efbf9e98c813/out/vs/workbench/api/node/extensionHostProcess.js:29:1033)
	at Object.p [as dispose] (/home/abe/.vscode-server/bin/f1a4fb101478ce6ec82fe9627c43efbf9e98c813/extensions/git/dist/main.js:2:983333)
	at /home/abe/.vscode-server/bin/f1a4fb101478ce6ec82fe9627c43efbf9e98c813/extensions/git/dist/main.js:2:989455
	at Array.forEach (<anonymous>)
	at b.dispose (/home/abe/.vscode-server/bin/f1a4fb101478ce6ec82fe9627c43efbf9e98c813/extensions/git/dist/main.js:2:989441)
	at V1.<anonymous> (file:///home/abe/.vscode-server/bin/f1a4fb101478ce6ec82fe9627c43efbf9e98c813/out/vs/workbench/api/node/extensionHostProcess.js:108:19994)
	at V1.dispose (file:///home/abe/.vscode-server/bin/f1a4fb101478ce6ec82fe9627c43efbf9e98c813/out/vs/workbench/api/node/extensionHostProcess.js:108:20090)
	at V1.<anonymous> (/home/abe/.vscode-server/bin/f1a4fb101478ce6ec82fe9627c43efbf9e98c813/extensions/git/dist/main.js:2:964255)
	at V1.dispose (file:///home/abe/.vscode-server/bin/f1a4fb101478ce6ec82fe9627c43efbf9e98c813/out/vs/workbench/api/node/extensionHostProcess.js:108:20090)
	at ci (file:///home/abe/.vscode-server/bin/f1a4fb101478ce6ec82fe9627c43efbf9e98c813/out/vs/workbench/api/node/extensionHostProcess.js:24:699)
	at file:///home/abe/.vscode-server/bin/f1a4fb101478ce6ec82fe9627c43efbf9e98c813/out/vs/workbench/api/node/extensionHostProcess.js:118:14992
	at file:///home/abe/.vscode-server/bin/f1a4fb101478ce6ec82fe9627c43efbf9e98c813/out/vs/workbench/api/node/extensionHostProcess.js:24:1009
	at Object.dispose (file:///home/abe/.vscode-server/bin/f1a4fb101478ce6ec82fe9627c43efbf9e98c813/out/vs/workbench/api/node/extensionHostProcess.js:7:2146)
	at _z.eb (file:///home/abe/.vscode-server/bin/f1a4fb101478ce6ec82fe9627c43efbf9e98c813/out/vs/workbench/api/node/extensionHostProcess.js:118:11919)
	at file:///home/abe/.vscode-server/bin/f1a4fb101478ce6ec82fe9627c43efbf9e98c813/out/vs/workbench/api/node/extensionHostProcess.js:118:9874
	at Array.map (<anonymous>)
	at _z.$ (file:///home/abe/.vscode-server/bin/f1a4fb101478ce6ec82fe9627c43efbf9e98c813/out/vs/workbench/api/node/extensionHostProcess.js:118:9862)
	at _z.terminate (file:///home/abe/.vscode-server/bin/f1a4fb101478ce6ec82fe9627c43efbf9e98c813/out/vs/workbench/api/node/extensionHostProcess.js:118:10105)
	at xC.terminate (file:///home/abe/.vscode-server/bin/f1a4fb101478ce6ec82fe9627c43efbf9e98c813/out/vs/workbench/api/node/extensionHostProcess.js:119:1424)
	at Zi (file:///home/abe/.vscode-server/bin/f1a4fb101478ce6ec82fe9627c43efbf9e98c813/out/vs/workbench/api/node/extensionHostProcess.js:174:15084)
	at mh.value (file:///home/abe/.vscode-server/bin/f1a4fb101478ce6ec82fe9627c43efbf9e98c813/out/vs/workbench/api/node/extensionHostProcess.js:174:13245)
	at P.B (file:///home/abe/.vscode-server/bin/f1a4fb101478ce6ec82fe9627c43efbf9e98c813/out/vs/workbench/api/node/extensionHostProcess.js:29:746)
	at P.fire (file:///home/abe/.vscode-server/bin/f1a4fb101478ce6ec82fe9627c43efbf9e98c813/out/vs/workbench/api/node/extensionHostProcess.js:29:964)
	at Vn.fire (file:///home/abe/.vscode-server/bin/f1a4fb101478ce6ec82fe9627c43efbf9e98c813/out/vs/workbench/api/node/extensionHostProcess.js:31:9457)
	at Fm.A (file:///home/abe/.vscode-server/bin/f1a4fb101478ce6ec82fe9627c43efbf9e98c813/out/vs/workbench/api/node/extensionHostProcess.js:31:12573)
	at mh.value (file:///home/abe/.vscode-server/bin/f1a4fb101478ce6ec82fe9627c43efbf9e98c813/out/vs/workbench/api/node/extensionHostProcess.js:31:11974)
	at P.B (file:///home/abe/.vscode-server/bin/f1a4fb101478ce6ec82fe9627c43efbf9e98c813/out/vs/workbench/api/node/extensionHostProcess.js:29:746)
	at P.fire (file:///home/abe/.vscode-server/bin/f1a4fb101478ce6ec82fe9627c43efbf9e98c813/out/vs/workbench/api/node/extensionHostProcess.js:29:964)
	at j5.acceptChunk (file:///home/abe/.vscode-server/bin/f1a4fb101478ce6ec82fe9627c43efbf9e98c813/out/vs/workbench/api/node/extensionHostProcess.js:31:7940)
	at mh.value (file:///home/abe/.vscode-server/bin/f1a4fb101478ce6ec82fe9627c43efbf9e98c813/out/vs/workbench/api/node/extensionHostProcess.js:31:7226)
	at P.B (file:///home/abe/.vscode-server/bin/f1a4fb101478ce6ec82fe9627c43efbf9e98c813/out/vs/workbench/api/node/extensionHostProcess.js:29:746)
	at P.fire (file:///home/abe/.vscode-server/bin/f1a4fb101478ce6ec82fe9627c43efbf9e98c813/out/vs/workbench/api/node/extensionHostProcess.js:29:964)
	at V2.z (file:///home/abe/.vscode-server/bin/f1a4fb101478ce6ec82fe9627c43efbf9e98c813/out/vs/workbench/api/node/extensionHostProcess.js:31:21944)
	at V2.acceptFrame (file:///home/abe/.vscode-server/bin/f1a4fb101478ce6ec82fe9627c43efbf9e98c813/out/vs/workbench/api/node/extensionHostProcess.js:31:21750)
	at W2.n (file:///home/abe/.vscode-server/bin/f1a4fb101478ce6ec82fe9627c43efbf9e98c813/out/vs/workbench/api/node/extensionHostProcess.js:31:20278)
	at file:///home/abe/.vscode-server/bin/f1a4fb101478ce6ec82fe9627c43efbf9e98c813/out/vs/workbench/api/node/extensionHostProcess.js:31:17510
	at Socket.t (file:///home/abe/.vscode-server/bin/f1a4fb101478ce6ec82fe9627c43efbf9e98c813/out/vs/workbench/api/node/extensionHostProcess.js:31:15451)
	at Socket.emit (node:events:519:28)
	at addChunk (node:internal/streams/readable:559:12)
	at readableAddChunkPushByteMode (node:internal/streams/readable:510:3)
	at Readable.push (node:internal/streams/readable:390:5)
	at TCP.onStreamRead (node:internal/stream_base_commons:191:23) setContext undefined
2024-12-05 13:39:37.354 [error] Canceled: Canceled
	at new tT (file:///home/abe/.vscode-server/bin/f1a4fb101478ce6ec82fe9627c43efbf9e98c813/out/vs/workbench/api/node/extensionHostProcess.js:31:151066)
	at py.U (file:///home/abe/.vscode-server/bin/f1a4fb101478ce6ec82fe9627c43efbf9e98c813/out/vs/workbench/api/node/extensionHostProcess.js:31:155676)
	at s.<computed>.n.charCodeAt.s.<computed> (file:///home/abe/.vscode-server/bin/f1a4fb101478ce6ec82fe9627c43efbf9e98c813/out/vs/workbench/api/node/extensionHostProcess.js:31:153170)
	at Y0.g (file:///home/abe/.vscode-server/bin/f1a4fb101478ce6ec82fe9627c43efbf9e98c813/out/vs/workbench/api/node/extensionHostProcess.js:114:32313)
	at Y0.executeCommand (file:///home/abe/.vscode-server/bin/f1a4fb101478ce6ec82fe9627c43efbf9e98c813/out/vs/workbench/api/node/extensionHostProcess.js:114:31817)
	at r.registerCommand.description (file:///home/abe/.vscode-server/bin/f1a4fb101478ce6ec82fe9627c43efbf9e98c813/out/vs/workbench/api/node/extensionHostProcess.js:114:31147)
	at Y0.h (file:///home/abe/.vscode-server/bin/f1a4fb101478ce6ec82fe9627c43efbf9e98c813/out/vs/workbench/api/node/extensionHostProcess.js:114:32833)
	at Y0.g (file:///home/abe/.vscode-server/bin/f1a4fb101478ce6ec82fe9627c43efbf9e98c813/out/vs/workbench/api/node/extensionHostProcess.js:114:31910)
	at Y0.executeCommand (file:///home/abe/.vscode-server/bin/f1a4fb101478ce6ec82fe9627c43efbf9e98c813/out/vs/workbench/api/node/extensionHostProcess.js:114:31817)
	at Object.executeCommand (file:///home/abe/.vscode-server/bin/f1a4fb101478ce6ec82fe9627c43efbf9e98c813/out/vs/workbench/api/node/extensionHostProcess.js:156:37246)
	at set hasGitHubRepositories [as hasGitHubRepositories] (/home/abe/.vscode-server/bin/f1a4fb101478ce6ec82fe9627c43efbf9e98c813/extensions/github/dist/extension.js:2:328633)
	at /home/abe/.vscode-server/bin/f1a4fb101478ce6ec82fe9627c43efbf9e98c813/extensions/github/dist/extension.js:2:329592
	at mh.value (/home/abe/.vscode-server/bin/f1a4fb101478ce6ec82fe9627c43efbf9e98c813/extensions/git/dist/main.js:2:1073936)
	at P.B (file:///home/abe/.vscode-server/bin/f1a4fb101478ce6ec82fe9627c43efbf9e98c813/out/vs/workbench/api/node/extensionHostProcess.js:29:746)
	at P.C (file:///home/abe/.vscode-server/bin/f1a4fb101478ce6ec82fe9627c43efbf9e98c813/out/vs/workbench/api/node/extensionHostProcess.js:29:816)
	at P.fire (file:///home/abe/.vscode-server/bin/f1a4fb101478ce6ec82fe9627c43efbf9e98c813/out/vs/workbench/api/node/extensionHostProcess.js:29:1033)
	at Object.p [as dispose] (/home/abe/.vscode-server/bin/f1a4fb101478ce6ec82fe9627c43efbf9e98c813/extensions/git/dist/main.js:2:983333)
	at /home/abe/.vscode-server/bin/f1a4fb101478ce6ec82fe9627c43efbf9e98c813/extensions/git/dist/main.js:2:989455
	at Array.forEach (<anonymous>)
	at b.dispose (/home/abe/.vscode-server/bin/f1a4fb101478ce6ec82fe9627c43efbf9e98c813/extensions/git/dist/main.js:2:989441)
	at V1.<anonymous> (file:///home/abe/.vscode-server/bin/f1a4fb101478ce6ec82fe9627c43efbf9e98c813/out/vs/workbench/api/node/extensionHostProcess.js:108:19994)
	at V1.dispose (file:///home/abe/.vscode-server/bin/f1a4fb101478ce6ec82fe9627c43efbf9e98c813/out/vs/workbench/api/node/extensionHostProcess.js:108:20090)
	at V1.<anonymous> (/home/abe/.vscode-server/bin/f1a4fb101478ce6ec82fe9627c43efbf9e98c813/extensions/git/dist/main.js:2:964255)
	at V1.dispose (file:///home/abe/.vscode-server/bin/f1a4fb101478ce6ec82fe9627c43efbf9e98c813/out/vs/workbench/api/node/extensionHostProcess.js:108:20090)
	at ci (file:///home/abe/.vscode-server/bin/f1a4fb101478ce6ec82fe9627c43efbf9e98c813/out/vs/workbench/api/node/extensionHostProcess.js:24:699)
	at file:///home/abe/.vscode-server/bin/f1a4fb101478ce6ec82fe9627c43efbf9e98c813/out/vs/workbench/api/node/extensionHostProcess.js:118:14992
	at file:///home/abe/.vscode-server/bin/f1a4fb101478ce6ec82fe9627c43efbf9e98c813/out/vs/workbench/api/node/extensionHostProcess.js:24:1009
	at Object.dispose (file:///home/abe/.vscode-server/bin/f1a4fb101478ce6ec82fe9627c43efbf9e98c813/out/vs/workbench/api/node/extensionHostProcess.js:7:2146)
	at _z.eb (file:///home/abe/.vscode-server/bin/f1a4fb101478ce6ec82fe9627c43efbf9e98c813/out/vs/workbench/api/node/extensionHostProcess.js:118:11919)
	at file:///home/abe/.vscode-server/bin/f1a4fb101478ce6ec82fe9627c43efbf9e98c813/out/vs/workbench/api/node/extensionHostProcess.js:118:9874
	at Array.map (<anonymous>)
	at _z.$ (file:///home/abe/.vscode-server/bin/f1a4fb101478ce6ec82fe9627c43efbf9e98c813/out/vs/workbench/api/node/extensionHostProcess.js:118:9862)
	at _z.terminate (file:///home/abe/.vscode-server/bin/f1a4fb101478ce6ec82fe9627c43efbf9e98c813/out/vs/workbench/api/node/extensionHostProcess.js:118:10105)
	at xC.terminate (file:///home/abe/.vscode-server/bin/f1a4fb101478ce6ec82fe9627c43efbf9e98c813/out/vs/workbench/api/node/extensionHostProcess.js:119:1424)
	at Zi (file:///home/abe/.vscode-server/bin/f1a4fb101478ce6ec82fe9627c43efbf9e98c813/out/vs/workbench/api/node/extensionHostProcess.js:174:15084)
	at mh.value (file:///home/abe/.vscode-server/bin/f1a4fb101478ce6ec82fe9627c43efbf9e98c813/out/vs/workbench/api/node/extensionHostProcess.js:174:13245)
	at P.B (file:///home/abe/.vscode-server/bin/f1a4fb101478ce6ec82fe9627c43efbf9e98c813/out/vs/workbench/api/node/extensionHostProcess.js:29:746)
	at P.fire (file:///home/abe/.vscode-server/bin/f1a4fb101478ce6ec82fe9627c43efbf9e98c813/out/vs/workbench/api/node/extensionHostProcess.js:29:964)
	at Vn.fire (file:///home/abe/.vscode-server/bin/f1a4fb101478ce6ec82fe9627c43efbf9e98c813/out/vs/workbench/api/node/extensionHostProcess.js:31:9457)
	at Fm.A (file:///home/abe/.vscode-server/bin/f1a4fb101478ce6ec82fe9627c43efbf9e98c813/out/vs/workbench/api/node/extensionHostProcess.js:31:12573)
	at mh.value (file:///home/abe/.vscode-server/bin/f1a4fb101478ce6ec82fe9627c43efbf9e98c813/out/vs/workbench/api/node/extensionHostProcess.js:31:11974)
	at P.B (file:///home/abe/.vscode-server/bin/f1a4fb101478ce6ec82fe9627c43efbf9e98c813/out/vs/workbench/api/node/extensionHostProcess.js:29:746)
	at P.fire (file:///home/abe/.vscode-server/bin/f1a4fb101478ce6ec82fe9627c43efbf9e98c813/out/vs/workbench/api/node/extensionHostProcess.js:29:964)
	at j5.acceptChunk (file:///home/abe/.vscode-server/bin/f1a4fb101478ce6ec82fe9627c43efbf9e98c813/out/vs/workbench/api/node/extensionHostProcess.js:31:7940)
	at mh.value (file:///home/abe/.vscode-server/bin/f1a4fb101478ce6ec82fe9627c43efbf9e98c813/out/vs/workbench/api/node/extensionHostProcess.js:31:7226)
	at P.B (file:///home/abe/.vscode-server/bin/f1a4fb101478ce6ec82fe9627c43efbf9e98c813/out/vs/workbench/api/node/extensionHostProcess.js:29:746)
	at P.fire (file:///home/abe/.vscode-server/bin/f1a4fb101478ce6ec82fe9627c43efbf9e98c813/out/vs/workbench/api/node/extensionHostProcess.js:29:964)
	at V2.z (file:///home/abe/.vscode-server/bin/f1a4fb101478ce6ec82fe9627c43efbf9e98c813/out/vs/workbench/api/node/extensionHostProcess.js:31:21944)
	at V2.acceptFrame (file:///home/abe/.vscode-server/bin/f1a4fb101478ce6ec82fe9627c43efbf9e98c813/out/vs/workbench/api/node/extensionHostProcess.js:31:21750)
	at W2.n (file:///home/abe/.vscode-server/bin/f1a4fb101478ce6ec82fe9627c43efbf9e98c813/out/vs/workbench/api/node/extensionHostProcess.js:31:20278)
	at file:///home/abe/.vscode-server/bin/f1a4fb101478ce6ec82fe9627c43efbf9e98c813/out/vs/workbench/api/node/extensionHostProcess.js:31:17510
	at Socket.t (file:///home/abe/.vscode-server/bin/f1a4fb101478ce6ec82fe9627c43efbf9e98c813/out/vs/workbench/api/node/extensionHostProcess.js:31:15451)
	at Socket.emit (node:events:519:28)
	at addChunk (node:internal/streams/readable:559:12)
	at readableAddChunkPushByteMode (node:internal/streams/readable:510:3)
	at Readable.push (node:internal/streams/readable:390:5)
	at TCP.onStreamRead (node:internal/stream_base_commons:191:23) setContext undefined
2024-12-05 13:39:37.354 [info] Extension host with pid 1482 exiting with code 0
