2025-01-24 12:14:40.370 [info] [main] Log level: Info
2025-01-24 12:14:40.370 [info] [main] Validating found git in: "git"
2025-01-24 12:14:40.370 [info] [main] Using git "2.34.1" from "git"
2025-01-24 12:14:40.370 [info] [Model][doInitialScan] Initial repository scan started
2025-01-24 12:14:40.370 [info] > git rev-parse --show-toplevel [5ms]
2025-01-24 12:14:40.370 [info] > git rev-parse --git-dir --git-common-dir [8ms]
2025-01-24 12:14:40.370 [info] [Model][openRepository] Opened repository: /home/abe
2025-01-24 12:14:40.370 [info] > git rev-parse --show-toplevel [3ms]
2025-01-24 12:14:40.370 [info] > git config --get commit.template [5ms]
2025-01-24 12:14:40.378 [info] > git rev-parse --show-toplevel [5ms]
2025-01-24 12:14:40.387 [info] [Model][doInitialScan] Initial repository scan completed - repositories (1), closed repositories (0), parent repositories (0), unsafe repositories (0)
2025-01-24 12:14:40.407 [info] > git for-each-ref --format=%(refname)%00%(upstream:short)%00%(objectname)%00%(upstream:track)%00%(upstream:remotename)%00%(upstream:remoteref) refs/heads/dev refs/remotes/dev [31ms]
2025-01-24 12:14:40.420 [info] > git for-each-ref --sort -committerdate --format %(refname) %(objectname) %(*objectname) [7ms]
2025-01-24 12:14:40.892 [info] > git check-ignore -v -z --stdin [1ms]
2025-01-24 12:14:42.040 [info] > git status -z -uall [1631ms] (cancelled)
2025-01-24 12:23:16.480 [info] > git check-ignore -v -z --stdin [10ms]
2025-01-24 12:33:19.018 [info] > git check-ignore -v -z --stdin [36ms]
2025-01-24 12:35:04.690 [info] > git show --textconv :pokedex-app-2/src/components/PokeApps.js [5ms]
2025-01-24 12:35:04.691 [info] > git ls-files --stage -- /home/abe/pokedex-app-2/src/components/PokeApps.js [3ms]
2025-01-24 12:35:04.800 [info] > git check-ignore -v -z --stdin [1ms]
2025-01-24 12:35:55.025 [info] > git show --textconv :pokedex-app-2/src/components/Pokedex.js [23ms]
2025-01-24 12:35:55.027 [info] > git ls-files --stage -- /home/abe/pokedex-app-2/src/components/Pokedex.js [20ms]
2025-01-24 12:35:55.279 [info] > git check-ignore -v -z --stdin [17ms]
2025-01-24 12:36:11.118 [info] > git show --textconv :pokedex-app-2/src/components/PokeCard.js [4ms]
2025-01-24 12:36:11.118 [info] > git ls-files --stage -- /home/abe/pokedex-app-2/src/components/PokeCard.js [2ms]
2025-01-24 12:36:11.372 [info] > git check-ignore -v -z --stdin [5ms]
2025-01-24 12:37:17.561 [info] > git show --textconv :pokedex-app-2/src/components/PokeApps.js [5ms]
2025-01-24 12:37:17.562 [info] > git ls-files --stage -- /home/abe/pokedex-app-2/src/components/PokeApps.js [3ms]
2025-01-24 12:37:19.028 [info] > git show --textconv :pokedex-app-2/src/components/Pokedex.js [4ms]
2025-01-24 12:37:19.029 [info] > git ls-files --stage -- /home/abe/pokedex-app-2/src/components/Pokedex.js [2ms]
2025-01-24 12:37:20.204 [info] > git show --textconv :pokedex-app-2/src/components/PokeCard.js [5ms]
2025-01-24 12:37:20.204 [info] > git ls-files --stage -- /home/abe/pokedex-app-2/src/components/PokeCard.js [1ms]
2025-01-24 12:37:21.613 [info] > git show --textconv :pokedex-app-2/src/components/PokeApps.js [6ms]
2025-01-24 12:37:21.618 [info] > git ls-files --stage -- /home/abe/pokedex-app-2/src/components/PokeApps.js [6ms]
2025-01-24 12:44:05.558 [info] > git show --textconv :pokedex-app-2/src/index.js [25ms]
2025-01-24 12:44:05.560 [info] > git ls-files --stage -- /home/abe/pokedex-app-2/src/index.js [25ms]
2025-01-24 12:44:48.578 [info] > git blame --root --incremental b3c37848e12d2fc25aa4aebc9d0fb311d0075e7d -- /home/abe/pokedex-app-2/src/index.js [24ms]
2025-01-24 12:44:48.578 [info] fatal: no such path pokedex-app-2/src/index.js in b3c37848e12d2fc25aa4aebc9d0fb311d0075e7d
2025-01-24 13:05:05.775 [info] > git show --textconv :pokedex-app-2/src/components/PokeApps.js [21ms]
2025-01-24 13:05:05.777 [info] > git ls-files --stage -- /home/abe/pokedex-app-2/src/components/PokeApps.js [20ms]
2025-01-24 13:06:48.085 [info] > git blame --root --incremental b3c37848e12d2fc25aa4aebc9d0fb311d0075e7d -- /home/abe/pokedex-app-2/src/components/PokeApps.js [17ms]
2025-01-24 13:06:48.085 [info] fatal: no such path pokedex-app-2/src/components/PokeApps.js in b3c37848e12d2fc25aa4aebc9d0fb311d0075e7d
2025-01-24 13:12:57.860 [info] > git show --textconv :pokedex-app-2/src/components/PokeCard.css [21ms]
2025-01-24 13:12:57.861 [info] > git ls-files --stage -- /home/abe/pokedex-app-2/src/components/PokeCard.css [19ms]
2025-01-24 13:12:58.146 [info] > git check-ignore -v -z --stdin [3ms]
2025-01-24 13:13:14.608 [info] > git show --textconv :pokedex-app-2/src/index.js [6ms]
2025-01-24 13:13:14.616 [info] > git ls-files --stage -- /home/abe/pokedex-app-2/src/index.js [9ms]
2025-01-24 13:13:22.861 [info] > git show --textconv :pokedex-app-2/src/components/PokeCard.css [2ms]
2025-01-24 13:13:22.863 [info] > git ls-files --stage -- /home/abe/pokedex-app-2/src/components/PokeCard.css [2ms]
2025-01-24 13:13:24.247 [info] > git show --textconv :pokedex-app-2/src/components/PokeApps.js [9ms]
2025-01-24 13:13:24.247 [info] > git ls-files --stage -- /home/abe/pokedex-app-2/src/components/PokeApps.js [1ms]
2025-01-24 13:18:49.647 [info] > git ls-files --stage -- /home/abe/pokedex-app-2/src/index.js [2ms]
2025-01-24 13:18:49.647 [info] > git show --textconv :pokedex-app-2/src/index.js [8ms]
2025-01-24 13:18:52.680 [info] > git show --textconv :pokedex-app-2/src/components/PokeApps.js [6ms]
2025-01-24 13:18:52.686 [info] > git ls-files --stage -- /home/abe/pokedex-app-2/src/components/PokeApps.js [8ms]
2025-01-24 13:21:10.869 [info] > git show --textconv :pokedex-app-2/src/index.js [6ms]
2025-01-24 13:21:10.873 [info] > git ls-files --stage -- /home/abe/pokedex-app-2/src/index.js [4ms]
2025-01-24 13:22:32.167 [info] > git show --textconv :pokedex-app-2/src/components/PokeApps.js [3ms]
2025-01-24 13:22:32.168 [info] > git ls-files --stage -- /home/abe/pokedex-app-2/src/components/PokeApps.js [2ms]
2025-01-24 13:22:44.769 [info] > git show --textconv :pokedex-app-2/src/components/PokeCard.js [5ms]
2025-01-24 13:22:44.770 [info] > git ls-files --stage -- /home/abe/pokedex-app-2/src/components/PokeCard.js [3ms]
2025-01-24 13:22:46.692 [info] > git blame --root --incremental b3c37848e12d2fc25aa4aebc9d0fb311d0075e7d -- /home/abe/pokedex-app-2/src/components/PokeCard.js [23ms]
2025-01-24 13:22:46.693 [info] fatal: no such path pokedex-app-2/src/components/PokeCard.js in b3c37848e12d2fc25aa4aebc9d0fb311d0075e7d
2025-01-24 13:22:50.132 [info] > git show --textconv :pokedex-app-2/src/components/PokeApps.js [4ms]
2025-01-24 13:22:50.133 [info] > git ls-files --stage -- /home/abe/pokedex-app-2/src/components/PokeApps.js [2ms]
2025-01-24 13:22:55.012 [info] > git show --textconv :pokedex-app-2/src/components/PokeCard.js [3ms]
2025-01-24 13:22:55.014 [info] > git ls-files --stage -- /home/abe/pokedex-app-2/src/components/PokeCard.js [3ms]
2025-01-24 13:25:21.870 [info] > git show --textconv :pokedex-app-2/src/index.js [3ms]
2025-01-24 13:25:21.872 [info] > git ls-files --stage -- /home/abe/pokedex-app-2/src/index.js [2ms]
2025-01-24 13:26:22.904 [info] > git show --textconv :pokedex-app-2/src/components/PokeCard.js [5ms]
2025-01-24 13:26:22.909 [info] > git ls-files --stage -- /home/abe/pokedex-app-2/src/components/PokeCard.js [6ms]
2025-01-24 13:27:10.006 [info] > git show --textconv :pokedex-app-2/src/index.js [4ms]
2025-01-24 13:27:10.008 [info] > git ls-files --stage -- /home/abe/pokedex-app-2/src/index.js [2ms]
2025-01-24 13:27:38.257 [info] > git show --textconv :pokedex-app-2/src/components/index.js [3ms]
2025-01-24 13:27:38.258 [info] > git ls-files --stage -- /home/abe/pokedex-app-2/src/components/index.js [1ms]
2025-01-24 13:27:38.574 [info] > git check-ignore -v -z --stdin [5ms]
2025-01-24 13:27:40.528 [info] > git blame --root --incremental b3c37848e12d2fc25aa4aebc9d0fb311d0075e7d -- /home/abe/pokedex-app-2/src/components/index.js [6ms]
2025-01-24 13:27:40.528 [info] fatal: no such path pokedex-app-2/src/components/index.js in b3c37848e12d2fc25aa4aebc9d0fb311d0075e7d
2025-01-24 13:28:09.072 [info] > git show --textconv :pokedex-app-2/src/index.js [10ms]
2025-01-24 13:28:09.074 [info] > git ls-files --stage -- /home/abe/pokedex-app-2/src/index.js [3ms]
2025-01-24 13:28:10.621 [info] > git show --textconv :pokedex-app-2/src/components/index.js [3ms]
2025-01-24 13:28:10.622 [info] > git ls-files --stage -- /home/abe/pokedex-app-2/src/components/index.js [1ms]
2025-01-24 13:37:02.197 [info] > git show --textconv :pokedex-app-2/src/components/PokeApps.js [23ms]
2025-01-24 13:37:02.198 [info] > git ls-files --stage -- /home/abe/pokedex-app-2/src/components/PokeApps.js [21ms]
2025-01-24 13:37:03.742 [info] > git show --textconv :pokedex-app-2/src/components/index.js [5ms]
2025-01-24 13:37:03.743 [info] > git ls-files --stage -- /home/abe/pokedex-app-2/src/components/index.js [3ms]
2025-01-24 13:37:08.067 [info] > git show --textconv :pokedex-app-2/src/components/PokeApps.js [14ms]
2025-01-24 13:37:08.069 [info] > git ls-files --stage -- /home/abe/pokedex-app-2/src/components/PokeApps.js [2ms]
2025-01-24 13:37:52.110 [info] > git show --textconv :pokedex-app-2/src/components/Pokedex.js [5ms]
2025-01-24 13:37:52.111 [info] > git ls-files --stage -- /home/abe/pokedex-app-2/src/components/Pokedex.js [1ms]
2025-01-24 13:37:55.392 [info] > git show --textconv :pokedex-app-2/src/components/PokeCard.js [7ms]
2025-01-24 13:37:55.394 [info] > git ls-files --stage -- /home/abe/pokedex-app-2/src/components/PokeCard.js [3ms]
2025-01-24 13:37:59.745 [info] > git show --textconv :pokedex-app-2/src/components/PokeApps.js [5ms]
2025-01-24 13:37:59.745 [info] > git ls-files --stage -- /home/abe/pokedex-app-2/src/components/PokeApps.js [1ms]
2025-01-24 13:38:03.684 [info] > git show --textconv :pokedex-app-2/src/components/PokeCard.js [6ms]
2025-01-24 13:38:03.687 [info] > git ls-files --stage -- /home/abe/pokedex-app-2/src/components/PokeCard.js [3ms]
2025-01-24 13:45:15.279 [info] > git show --textconv :pokedex-app-2/src/components/Pokedex.js [6ms]
2025-01-24 13:45:15.286 [info] > git ls-files --stage -- /home/abe/pokedex-app-2/src/components/Pokedex.js [7ms]
2025-01-24 13:45:30.175 [info] > git blame --root --incremental b3c37848e12d2fc25aa4aebc9d0fb311d0075e7d -- /home/abe/pokedex-app-2/src/components/Pokedex.js [22ms]
2025-01-24 13:45:30.176 [info] fatal: no such path pokedex-app-2/src/components/Pokedex.js in b3c37848e12d2fc25aa4aebc9d0fb311d0075e7d
2025-01-24 13:56:24.908 [info] > git show --textconv :pokedex-app-2/src/components/PokeApps.js [5ms]
2025-01-24 13:56:24.914 [info] > git ls-files --stage -- /home/abe/pokedex-app-2/src/components/PokeApps.js [3ms]
2025-01-24 13:56:25.934 [info] > git show --textconv :pokedex-app-2/src/components/PokeCard.css [3ms]
2025-01-24 13:56:25.935 [info] > git ls-files --stage -- /home/abe/pokedex-app-2/src/components/PokeCard.css [2ms]
2025-01-24 13:56:26.768 [info] > git show --textconv :pokedex-app-2/src/components/index.js [5ms]
2025-01-24 13:56:26.775 [info] > git ls-files --stage -- /home/abe/pokedex-app-2/src/components/index.js [7ms]
2025-01-24 13:56:31.795 [info] > git show --textconv :pokedex-app-2/src/components/Pokedex.js [5ms]
2025-01-24 13:56:31.797 [info] > git ls-files --stage -- /home/abe/pokedex-app-2/src/components/Pokedex.js [2ms]
2025-01-24 13:56:33.326 [info] > git show --textconv :pokedex-app-2/src/components/PokeCard.js [6ms]
2025-01-24 13:56:33.332 [info] > git ls-files --stage -- /home/abe/pokedex-app-2/src/components/PokeCard.js [7ms]
2025-01-24 13:56:42.835 [info] > git show --textconv :pokedex-app-2/src/components/Pokedex.js [4ms]
2025-01-24 13:56:42.837 [info] > git ls-files --stage -- /home/abe/pokedex-app-2/src/components/Pokedex.js [2ms]
2025-01-24 13:56:43.836 [info] > git show --textconv :pokedex-app-2/src/components/index.js [8ms]
2025-01-24 13:56:43.836 [info] > git ls-files --stage -- /home/abe/pokedex-app-2/src/components/index.js [1ms]
2025-01-24 13:56:48.759 [info] > git show --textconv :pokedex-app-2/src/components/PokeCard.css [5ms]
2025-01-24 13:56:48.766 [info] > git ls-files --stage -- /home/abe/pokedex-app-2/src/components/PokeCard.css [7ms]
2025-01-24 13:56:49.792 [info] > git show --textconv :pokedex-app-2/src/components/PokeApps.js [9ms]
2025-01-24 13:56:49.806 [info] > git ls-files --stage -- /home/abe/pokedex-app-2/src/components/PokeApps.js [15ms]
2025-01-24 14:04:37.443 [info] > git show --textconv :pokedex-app-2/src/App.js [34ms]
2025-01-24 14:04:37.443 [info] > git ls-files --stage -- /home/abe/pokedex-app-2/src/App.js [24ms]
2025-01-24 14:04:55.047 [info] > git show --textconv :pokedex-app-2/src/App.test.js [7ms]
2025-01-24 14:04:55.048 [info] > git ls-files --stage -- /home/abe/pokedex-app-2/src/App.test.js [1ms]
2025-01-24 14:04:58.473 [info] > git show --textconv :pokedex-app-2/src/index.css [4ms]
2025-01-24 14:04:58.479 [info] > git ls-files --stage -- /home/abe/pokedex-app-2/src/index.css [7ms]
2025-01-24 14:05:01.283 [info] > git show --textconv :pokedex-app-2/src/index.js [6ms]
2025-01-24 14:05:01.284 [info] > git ls-files --stage -- /home/abe/pokedex-app-2/src/index.js [2ms]
2025-01-24 14:05:03.168 [info] > git show --textconv :pokedex-app-2/src/logo.svg [5ms]
2025-01-24 14:05:03.168 [info] > git ls-files --stage -- /home/abe/pokedex-app-2/src/logo.svg [1ms]
2025-01-24 14:05:05.213 [info] > git show --textconv :pokedex-app-2/src/reportWebVitals.js [6ms]
2025-01-24 14:05:05.214 [info] > git ls-files --stage -- /home/abe/pokedex-app-2/src/reportWebVitals.js [2ms]
2025-01-24 14:05:08.277 [info] > git show --textconv :pokedex-app-2/src/setupTests.js [3ms]
2025-01-24 14:05:08.278 [info] > git ls-files --stage -- /home/abe/pokedex-app-2/src/setupTests.js [1ms]
2025-01-24 14:05:10.113 [info] > git show --textconv :pokedex-app-2/.gitignore [20ms]
2025-01-24 14:05:10.113 [info] > git ls-files --stage -- /home/abe/pokedex-app-2/.gitignore [0ms]
2025-01-24 14:05:20.036 [info] > git show --textconv :pokedex-app-2/README.md [12ms]
2025-01-24 14:05:20.037 [info] > git ls-files --stage -- /home/abe/pokedex-app-2/README.md [10ms]
2025-01-24 14:05:43.170 [info] > git show --textconv :pokedex-app-2/src/components/index.js [5ms]
2025-01-24 14:05:43.171 [info] > git ls-files --stage -- /home/abe/pokedex-app-2/src/components/index.js [2ms]
2025-01-24 14:05:46.652 [info] > git show --textconv :pokedex-app-2/src/App.js [7ms]
2025-01-24 14:05:46.654 [info] > git ls-files --stage -- /home/abe/pokedex-app-2/src/App.js [3ms]
2025-01-24 14:05:51.418 [info] > git show --textconv :pokedex-app-2/src/App.css [3ms]
2025-01-24 14:05:51.419 [info] > git ls-files --stage -- /home/abe/pokedex-app-2/src/App.css [2ms]
2025-01-24 14:06:00.096 [info] > git show --textconv :pokedex-app-2/src/components/PokeApps.js [7ms]
2025-01-24 14:06:00.096 [info] > git ls-files --stage -- /home/abe/pokedex-app-2/src/components/PokeApps.js [1ms]
2025-01-24 14:06:02.604 [info] > git show --textconv :pokedex-app-2/src/components/index.js [5ms]
2025-01-24 14:06:02.606 [info] > git ls-files --stage -- /home/abe/pokedex-app-2/src/components/index.js [3ms]
2025-01-24 14:06:20.933 [info] > git show --textconv :pokedex-app-2/src/App.js [5ms]
2025-01-24 14:06:20.936 [info] > git ls-files --stage -- /home/abe/pokedex-app-2/src/App.js [4ms]
2025-01-24 14:07:18.053 [info] > git blame --root --incremental b3c37848e12d2fc25aa4aebc9d0fb311d0075e7d -- /home/abe/pokedex-app-2/src/App.js [22ms]
2025-01-24 14:07:18.054 [info] fatal: no such path pokedex-app-2/src/App.js in b3c37848e12d2fc25aa4aebc9d0fb311d0075e7d
2025-01-24 14:11:07.839 [info] > git show --textconv :pokedex-app-2/src/App.js [24ms]
2025-01-24 14:11:07.839 [info] > git ls-files --stage -- /home/abe/pokedex-app-2/src/App.js [22ms]
2025-01-24 14:11:11.474 [info] > git show --textconv :pokedex-app-2/src/App.css [6ms]
2025-01-24 14:11:11.476 [info] > git ls-files --stage -- /home/abe/pokedex-app-2/src/App.css [3ms]
2025-01-24 14:12:10.120 [info] > git show --textconv :pokedex-app-2/src/index.js [15ms]
2025-01-24 14:12:10.121 [info] > git ls-files --stage -- /home/abe/pokedex-app-2/src/index.js [12ms]
2025-01-24 14:13:48.014 [info] > git show --textconv :pokedex-app-2/src/App.css [41ms]
2025-01-24 14:13:48.016 [info] > git ls-files --stage -- /home/abe/pokedex-app-2/src/App.css [35ms]
2025-01-24 14:13:49.821 [info] > git show --textconv :pokedex-app-2/src/App.js [22ms]
2025-01-24 14:13:49.822 [info] > git ls-files --stage -- /home/abe/pokedex-app-2/src/App.js [2ms]
2025-01-24 14:13:50.899 [info] > git show --textconv :pokedex-app-2/src/App.test.js [6ms]
2025-01-24 14:13:50.899 [info] > git ls-files --stage -- /home/abe/pokedex-app-2/src/App.test.js [1ms]
2025-01-24 14:16:41.705 [info] > git check-ignore -v -z --stdin [23ms]
2025-01-24 14:18:57.184 [info] > git check-ignore -v -z --stdin [2ms]
2025-01-24 14:20:00.312 [info] > git show --textconv :pokedex-app-2/src/components/PokeApp.js [5ms]
2025-01-24 14:20:00.313 [info] > git ls-files --stage -- /home/abe/pokedex-app-2/src/components/PokeApp.js [3ms]
2025-01-24 14:20:00.588 [info] > git check-ignore -v -z --stdin [4ms]
2025-01-24 14:20:41.901 [info] > git show --textconv :pokedex-app-2/src/components/pokeCard.js [5ms]
2025-01-24 14:20:41.901 [info] > git ls-files --stage -- /home/abe/pokedex-app-2/src/components/pokeCard.js [1ms]
2025-01-24 14:20:42.171 [info] > git check-ignore -v -z --stdin [5ms]
2025-01-24 14:20:43.851 [info] > git show --textconv :pokedex-app-2/src/App.test.js [5ms]
2025-01-24 14:20:43.852 [info] > git ls-files --stage -- /home/abe/pokedex-app-2/src/App.test.js [2ms]
2025-01-24 14:20:50.095 [info] > git show --textconv :pokedex-app-2/src/components/pokeCard.js [6ms]
2025-01-24 14:20:50.102 [info] > git ls-files --stage -- /home/abe/pokedex-app-2/src/components/pokeCard.js [8ms]
2025-01-24 14:20:52.386 [info] > git show --textconv :pokedex-app-2/src/App.css [3ms]
2025-01-24 14:20:52.387 [info] > git ls-files --stage -- /home/abe/pokedex-app-2/src/App.css [2ms]
2025-01-24 14:20:53.388 [info] > git show --textconv :pokedex-app-2/src/App.js [6ms]
2025-01-24 14:20:53.390 [info] > git ls-files --stage -- /home/abe/pokedex-app-2/src/App.js [4ms]
2025-01-24 14:20:59.660 [info] > git show --textconv :pokedex-app-2/src/components/pokeCard.js [6ms]
2025-01-24 14:20:59.661 [info] > git ls-files --stage -- /home/abe/pokedex-app-2/src/components/pokeCard.js [3ms]
2025-01-24 14:21:00.977 [info] > git show --textconv :pokedex-app-2/src/components/PokeApp.js [4ms]
2025-01-24 14:21:00.978 [info] > git ls-files --stage -- /home/abe/pokedex-app-2/src/components/PokeApp.js [2ms]
2025-01-24 14:24:36.490 [info] > git show --textconv :pokedex-app-2/src/components/pokeCard.js [5ms]
2025-01-24 14:24:36.493 [info] > git ls-files --stage -- /home/abe/pokedex-app-2/src/components/pokeCard.js [4ms]
2025-01-24 14:24:54.284 [info] > git show --textconv :pokedex-app-2/src/components/PokeCard.js [9ms]
2025-01-24 14:24:54.287 [info] > git ls-files --stage -- /home/abe/pokedex-app-2/src/components/PokeCard.js [4ms]
2025-01-24 14:25:11.817 [info] > git show --textconv :pokedex-app-2/src/components/Pokedex.js [6ms]
2025-01-24 14:25:11.819 [info] > git ls-files --stage -- /home/abe/pokedex-app-2/src/components/Pokedex.js [3ms]
2025-01-24 14:25:45.295 [info] > git show --textconv :pokedex-app-2/src/App.js [11ms]
2025-01-24 14:25:45.295 [info] > git ls-files --stage -- /home/abe/pokedex-app-2/src/App.js [6ms]
2025-01-24 14:27:45.984 [info] > git show --textconv :pokedex-app-2/src/index.css [5ms]
2025-01-24 14:27:45.988 [info] > git ls-files --stage -- /home/abe/pokedex-app-2/src/index.css [5ms]
2025-01-24 14:27:49.213 [info] > git show --textconv :pokedex-app-2/src/index.js [21ms]
2025-01-24 14:27:49.219 [info] > git ls-files --stage -- /home/abe/pokedex-app-2/src/index.js [7ms]
2025-01-24 14:29:34.264 [info] > git show --textconv :pokedex-app-2/src/App.js [22ms]
2025-01-24 14:29:34.265 [info] > git ls-files --stage -- /home/abe/pokedex-app-2/src/App.js [18ms]
2025-01-24 14:29:40.952 [info] > git show --textconv :pokedex-app-2/src/components/Pokedex.js [5ms]
2025-01-24 14:29:40.953 [info] > git ls-files --stage -- /home/abe/pokedex-app-2/src/components/Pokedex.js [2ms]
2025-01-24 14:29:42.188 [info] > git show --textconv :pokedex-app-2/src/components/PokeCard.js [5ms]
2025-01-24 14:29:42.189 [info] > git ls-files --stage -- /home/abe/pokedex-app-2/src/components/PokeCard.js [2ms]
2025-01-24 14:29:53.505 [info] > git show --textconv :pokedex-app-2/src/App.js [6ms]
2025-01-24 14:29:53.507 [info] > git ls-files --stage -- /home/abe/pokedex-app-2/src/App.js [3ms]
2025-01-24 14:31:23.874 [info] > git show --textconv :pokedex-app-2/src/index.js [6ms]
2025-01-24 14:31:23.879 [info] > git ls-files --stage -- /home/abe/pokedex-app-2/src/index.js [6ms]
2025-01-24 14:32:21.348 [info] > git show --textconv :pokedex-app-2/src/App.js [6ms]
2025-01-24 14:32:21.349 [info] > git ls-files --stage -- /home/abe/pokedex-app-2/src/App.js [2ms]
2025-01-24 14:33:03.515 [info] > git show --textconv :pokedex-app-2/src/components/Pokedex.js [6ms]
2025-01-24 14:33:03.517 [info] > git ls-files --stage -- /home/abe/pokedex-app-2/src/components/Pokedex.js [4ms]
2025-01-24 14:35:43.409 [info] > git show --textconv :pokedex-app-2/src/App.js [6ms]
2025-01-24 14:35:43.409 [info] > git ls-files --stage -- /home/abe/pokedex-app-2/src/App.js [2ms]
2025-01-24 14:35:55.952 [info] > git show --textconv :pokedex-app-2/src/Pokedex.js [3ms]
2025-01-24 14:35:55.954 [info] > git ls-files --stage -- /home/abe/pokedex-app-2/src/Pokedex.js [3ms]
2025-01-24 14:35:56.247 [info] > git check-ignore -v -z --stdin [20ms]
2025-01-24 14:36:27.488 [info] > git show --textconv :pokedex-app-2/src/PokeCard.js [7ms]
2025-01-24 14:36:27.492 [info] > git ls-files --stage -- /home/abe/pokedex-app-2/src/PokeCard.js [5ms]
2025-01-24 14:36:27.747 [info] > git check-ignore -v -z --stdin [2ms]
2025-01-24 14:36:42.843 [info] > git show --textconv :pokedex-app-2/src/App.js [5ms]
2025-01-24 14:36:42.844 [info] > git ls-files --stage -- /home/abe/pokedex-app-2/src/App.js [1ms]
2025-01-24 14:37:29.048 [info] > git show --textconv :pokedex-app-2/src/PokeCard.js [24ms]
2025-01-24 14:37:29.049 [info] > git ls-files --stage -- /home/abe/pokedex-app-2/src/PokeCard.js [20ms]
2025-01-24 14:37:31.048 [info] > git blame --root --incremental b3c37848e12d2fc25aa4aebc9d0fb311d0075e7d -- /home/abe/pokedex-app-2/src/PokeCard.js [17ms]
2025-01-24 14:37:31.048 [info] fatal: no such path pokedex-app-2/src/PokeCard.js in b3c37848e12d2fc25aa4aebc9d0fb311d0075e7d
2025-01-24 14:37:43.297 [info] > git show --textconv :pokedex-app-2/src/Pokedex.js [6ms]
2025-01-24 14:37:43.314 [info] > git ls-files --stage -- /home/abe/pokedex-app-2/src/Pokedex.js [17ms]
2025-01-24 14:37:48.988 [info] > git blame --root --incremental b3c37848e12d2fc25aa4aebc9d0fb311d0075e7d -- /home/abe/pokedex-app-2/src/Pokedex.js [2ms]
2025-01-24 14:37:48.988 [info] fatal: no such path pokedex-app-2/src/Pokedex.js in b3c37848e12d2fc25aa4aebc9d0fb311d0075e7d
2025-01-24 14:40:22.011 [info] > git show --textconv :pokedex-app-2/src/PokeCard.js [23ms]
2025-01-24 14:40:22.012 [info] > git ls-files --stage -- /home/abe/pokedex-app-2/src/PokeCard.js [20ms]
2025-01-24 14:42:48.055 [info] > git show --textconv :pokedex-app-2/src/Pokedex.js [2ms]
2025-01-24 14:42:48.056 [info] > git ls-files --stage -- /home/abe/pokedex-app-2/src/Pokedex.js [2ms]
2025-01-24 14:42:48.827 [info] > git show --textconv :pokedex-app-2/src/App.js [7ms]
2025-01-24 14:42:48.828 [info] > git ls-files --stage -- /home/abe/pokedex-app-2/src/App.js [4ms]
