2025-01-14 17:03:06.088 [info] [main] Log level: Info
2025-01-14 17:03:06.088 [info] [main] Validating found git in: "git"
2025-01-14 17:03:06.088 [info] [main] Using git "2.34.1" from "git"
2025-01-14 17:03:06.088 [info] [Model][doInitialScan] Initial repository scan started
2025-01-14 17:03:06.088 [info] > git rev-parse --show-toplevel [3ms]
2025-01-14 17:03:06.088 [info] > git rev-parse --git-dir --git-common-dir [21ms]
2025-01-14 17:03:06.088 [info] [Model][openRepository] Opened repository: /home/abe/jeopardy-8585a0b237fb4449b6bad21e24a5de97
2025-01-14 17:03:06.096 [info] > git rev-parse --show-toplevel [3ms]
2025-01-14 17:03:06.100 [info] [Model][doInitialScan] Initial repository scan completed - repositories (1), closed repositories (0), parent repositories (0), unsafe repositories (0)
2025-01-14 17:03:06.102 [info] > git config --get commit.template [11ms]
2025-01-14 17:03:06.133 [info] > git for-each-ref --format=%(refname)%00%(upstream:short)%00%(objectname)%00%(upstream:track)%00%(upstream:remotename)%00%(upstream:remoteref) refs/heads/dev refs/remotes/dev [10ms]
2025-01-14 17:03:06.137 [warning] [Git][revParse] Unable to read file: ENOENT: no such file or directory, open '/home/abe/jeopardy-8585a0b237fb4449b6bad21e24a5de97/.git/refs/remotes/origin/dev'
2025-01-14 17:03:06.141 [info] > git rev-parse refs/remotes/origin/dev [3ms]
2025-01-14 17:03:06.148 [info] > git status -z -uall [4ms]
2025-01-14 17:03:06.148 [info] > git for-each-ref --sort -committerdate --format %(refname) %(objectname) %(*objectname) [1ms]
2025-01-14 17:03:06.160 [info] > git for-each-ref --format=%(refname)%00%(upstream:short)%00%(objectname)%00%(upstream:track)%00%(upstream:remotename)%00%(upstream:remoteref) refs/heads/dev refs/remotes/dev [6ms]
2025-01-14 17:03:06.166 [info] > git config --local branch.dev.vscode-merge-base [1ms]
2025-01-14 17:03:06.166 [warning] [Git][config] git config failed: Failed to execute git
2025-01-14 17:03:06.169 [info] > git config --get commit.template [9ms]
2025-01-14 17:03:06.172 [info] > git reflog dev --grep-reflog=branch: Created from *. [4ms]
2025-01-14 17:03:06.174 [info] > git for-each-ref --format=%(refname)%00%(upstream:short)%00%(objectname)%00%(upstream:track)%00%(upstream:remotename)%00%(upstream:remoteref) refs/heads/dev refs/remotes/dev [3ms]
2025-01-14 17:03:06.177 [warning] [Git][revParse] Unable to read file: ENOENT: no such file or directory, open '/home/abe/jeopardy-8585a0b237fb4449b6bad21e24a5de97/.git/refs/remotes/origin/dev'
2025-01-14 17:03:06.177 [info] > git rev-parse refs/remotes/origin/dev [1ms]
2025-01-14 17:03:06.182 [info] > git symbolic-ref --short refs/remotes/origin/HEAD [8ms]
2025-01-14 17:03:06.185 [info] > git status -z -uall [6ms]
2025-01-14 17:03:06.185 [info] > git for-each-ref --format=%(refname)%00%(upstream:short)%00%(objectname)%00%(upstream:track)%00%(upstream:remotename)%00%(upstream:remoteref) refs/heads/origin/dev refs/remotes/origin/dev [1ms]
2025-01-14 17:03:06.188 [info] > git for-each-ref --sort -committerdate --format %(refname) %(objectname) %(*objectname) [6ms]
2025-01-14 17:03:06.193 [info] > git for-each-ref --format=%(refname)%00%(upstream:short)%00%(objectname)%00%(upstream:track)%00%(upstream:remotename)%00%(upstream:remoteref) refs/heads/dev refs/remotes/dev [2ms]
2025-01-14 17:03:06.196 [info] > git config --local branch.dev.vscode-merge-base origin/dev [9ms]
2025-01-14 17:03:06.201 [info] > git config --local branch.dev.vscode-merge-base [6ms]
2025-01-14 17:03:06.205 [info] > git for-each-ref --format=%(refname)%00%(upstream:short)%00%(objectname)%00%(upstream:track)%00%(upstream:remotename)%00%(upstream:remoteref) refs/heads/origin/dev refs/remotes/origin/dev [2ms]
2025-01-14 17:03:06.215 [info] > git config --get commit.template [13ms]
2025-01-14 17:03:06.216 [info] > git merge-base refs/heads/dev refs/remotes/origin/dev [8ms]
2025-01-14 17:03:06.221 [info] > git diff --name-status -z --diff-filter=ADMR f05e74926f12ed3653030c769edb1122fb653459...refs/remotes/origin/dev [2ms]
2025-01-14 17:03:06.222 [info] > git for-each-ref --format=%(refname)%00%(upstream:short)%00%(objectname)%00%(upstream:track)%00%(upstream:remotename)%00%(upstream:remoteref) refs/heads/dev refs/remotes/dev [1ms]
2025-01-14 17:03:06.224 [warning] [Git][revParse] Unable to read file: ENOENT: no such file or directory, open '/home/abe/jeopardy-8585a0b237fb4449b6bad21e24a5de97/.git/refs/remotes/origin/dev'
2025-01-14 17:03:06.225 [info] > git rev-parse refs/remotes/origin/dev [1ms]
2025-01-14 17:03:06.230 [info] > git status -z -uall [3ms]
2025-01-14 17:03:06.233 [info] > git for-each-ref --sort -committerdate --format %(refname) %(objectname) %(*objectname) [4ms]
2025-01-14 17:03:06.627 [info] > git check-ignore -v -z --stdin [0ms]
2025-01-14 17:03:07.288 [info] > git config --get commit.template [0ms]
2025-01-14 17:03:07.291 [info] > git for-each-ref --format=%(refname)%00%(upstream:short)%00%(objectname)%00%(upstream:track)%00%(upstream:remotename)%00%(upstream:remoteref) refs/heads/dev refs/remotes/dev [0ms]
2025-01-14 17:03:07.292 [warning] [Git][revParse] Unable to read file: ENOENT: no such file or directory, open '/home/abe/jeopardy-8585a0b237fb4449b6bad21e24a5de97/.git/refs/remotes/origin/dev'
2025-01-14 17:03:07.292 [info] > git rev-parse refs/remotes/origin/dev [0ms]
2025-01-14 17:03:07.295 [info] > git status -z -uall [1ms]
2025-01-14 17:03:07.296 [info] > git for-each-ref --sort -committerdate --format %(refname) %(objectname) %(*objectname) [0ms]
2025-01-14 17:03:15.124 [info] > git check-ignore -v -z --stdin [1ms]
2025-01-14 17:03:21.082 [info] > git show --textconv :README.md [3ms]
2025-01-14 17:03:21.082 [info] > git ls-files --stage -- /home/abe/jeopardy-8585a0b237fb4449b6bad21e24a5de97/README.md [1ms]
2025-01-14 17:03:21.086 [info] > git cat-file -s e3da52f92c135dd0800c5f6508a8b41c7c4c0412 [2ms]
2025-01-14 17:05:47.856 [info] > git ls-files --stage -- /home/abe/jeopardy-8585a0b237fb4449b6bad21e24a5de97/jeopardy/index.html [11ms]
2025-01-14 17:05:47.859 [info] > git show --textconv :jeopardy/index.html [16ms]
2025-01-14 17:05:47.861 [info] > git cat-file -s dbcff747754a2109cefc8fb34bc75352e6eeb8da [2ms]
2025-01-14 17:06:14.913 [info] > git show --textconv :jeopardy/jeopardy.js [3ms]
2025-01-14 17:06:14.914 [info] > git ls-files --stage -- /home/abe/jeopardy-8585a0b237fb4449b6bad21e24a5de97/jeopardy/jeopardy.js [2ms]
2025-01-14 17:06:14.919 [info] > git cat-file -s 848ef5a5faba8eae0824af0108dd866f773642bf [2ms]
2025-01-14 17:06:20.954 [info] > git show --textconv :jeopardy/jeopardy.css [4ms]
2025-01-14 17:06:20.954 [info] > git ls-files --stage -- /home/abe/jeopardy-8585a0b237fb4449b6bad21e24a5de97/jeopardy/jeopardy.css [1ms]
2025-01-14 17:06:20.958 [info] > git cat-file -s 1ca03dc151768c0cac821e84829178c062fe3197 [1ms]
2025-01-14 17:06:24.293 [info] > git show --textconv :jeopardy/index.html [12ms]
2025-01-14 17:06:24.293 [info] > git ls-files --stage -- /home/abe/jeopardy-8585a0b237fb4449b6bad21e24a5de97/jeopardy/index.html [6ms]
2025-01-14 17:06:24.300 [info] > git cat-file -s dbcff747754a2109cefc8fb34bc75352e6eeb8da [2ms]
2025-01-14 17:09:58.473 [info] > git ls-files --stage -- /home/abe/jeopardy-8585a0b237fb4449b6bad21e24a5de97/README.md [11ms]
2025-01-14 17:09:58.478 [info] > git show --textconv :README.md [18ms]
2025-01-14 17:09:58.478 [info] > git cat-file -s e3da52f92c135dd0800c5f6508a8b41c7c4c0412 [1ms]
2025-01-14 17:10:05.996 [info] > git blame --root --incremental f05e74926f12ed3653030c769edb1122fb653459 -- /home/abe/jeopardy-8585a0b237fb4449b6bad21e24a5de97/README.md [6ms]
2025-01-14 17:19:20.687 [info] > git show --textconv :jeopardy/index.html [4ms]
2025-01-14 17:19:20.687 [info] > git ls-files --stage -- /home/abe/jeopardy-8585a0b237fb4449b6bad21e24a5de97/jeopardy/index.html [2ms]
2025-01-14 17:19:20.691 [info] > git cat-file -s dbcff747754a2109cefc8fb34bc75352e6eeb8da [1ms]
2025-01-14 17:19:23.750 [info] > git show --textconv :jeopardy/jeopardy.js [7ms]
2025-01-14 17:19:23.750 [info] > git ls-files --stage -- /home/abe/jeopardy-8585a0b237fb4449b6bad21e24a5de97/jeopardy/jeopardy.js [4ms]
2025-01-14 17:19:23.754 [info] > git cat-file -s 848ef5a5faba8eae0824af0108dd866f773642bf [1ms]
2025-01-14 17:19:24.929 [info] > git blame --root --incremental f05e74926f12ed3653030c769edb1122fb653459 -- /home/abe/jeopardy-8585a0b237fb4449b6bad21e24a5de97/jeopardy/jeopardy.js [5ms]
2025-01-14 17:29:52.270 [info] > git config --get commit.template [25ms]
2025-01-14 17:29:52.273 [info] > git for-each-ref --format=%(refname)%00%(upstream:short)%00%(objectname)%00%(upstream:track)%00%(upstream:remotename)%00%(upstream:remoteref) refs/heads/dev refs/remotes/dev [17ms]
2025-01-14 17:29:52.279 [warning] [Git][revParse] Unable to read file: ENOENT: no such file or directory, open '/home/abe/jeopardy-8585a0b237fb4449b6bad21e24a5de97/.git/refs/remotes/origin/dev'
2025-01-14 17:29:52.282 [info] > git rev-parse refs/remotes/origin/dev [3ms]
2025-01-14 17:29:52.293 [info] > git status -z -uall [7ms]
2025-01-14 17:29:52.297 [info] > git for-each-ref --sort -committerdate --format %(refname) %(objectname) %(*objectname) [5ms]
2025-01-14 17:37:20.987 [info] > git ls-files --stage -- /home/abe/jeopardy-8585a0b237fb4449b6bad21e24a5de97/README.md [13ms]
2025-01-14 17:37:20.990 [info] > git show --textconv :README.md [22ms]
2025-01-14 17:37:20.991 [info] > git cat-file -s e3da52f92c135dd0800c5f6508a8b41c7c4c0412 [2ms]
