0 verbose cli /home/abe/.nvm/versions/node/v16.20.2/bin/node /home/abe/.nvm/versions/node/v16.20.2/bin/npm
1 info using npm@8.19.4
2 info using node@v16.20.2
3 timing npm:load:whichnode Completed in 0ms
4 timing config:load:defaults Completed in 1ms
5 timing config:load:file:/home/abe/.nvm/versions/node/v16.20.2/lib/node_modules/npm/npmrc Completed in 1ms
6 timing config:load:builtin Completed in 1ms
7 timing config:load:cli Completed in 2ms
8 timing config:load:env Completed in 0ms
9 timing config:load:file:/home/abe/.cache/typescript/5.6/.npmrc Completed in 0ms
10 timing config:load:project Completed in 8ms
11 timing config:load:file:/home/abe/.npmrc Completed in 0ms
12 timing config:load:user Completed in 0ms
13 timing config:load:file:/home/abe/.nvm/versions/node/v16.20.2/etc/npmrc Completed in 0ms
14 timing config:load:global Completed in 0ms
15 timing config:load:validate Completed in 0ms
16 timing config:load:credentials Completed in 1ms
17 timing config:load:setEnvs Completed in 1ms
18 timing config:load Completed in 14ms
19 timing npm:load:configload Completed in 14ms
20 timing npm:load:mkdirpcache Completed in 1ms
21 timing npm:load:mkdirplogs Completed in 0ms
22 verbose title npm install types-registry@latest
23 verbose argv "install" "--ignore-scripts" "types-registry@latest"
24 timing npm:load:setTitle Completed in 1ms
25 timing config:load:flatten Completed in 1ms
26 timing npm:load:display Completed in 2ms
27 verbose logfile logs-max:10 dir:/home/abe/.npm/_logs
28 verbose logfile /home/abe/.npm/_logs/2024-12-04T17_57_33_472Z-debug-0.log
29 timing npm:load:logFile Completed in 4ms
30 timing npm:load:timers Completed in 1ms
31 timing npm:load:configScope Completed in 0ms
32 timing npm:load Completed in 23ms
33 timing arborist:ctor Completed in 0ms
34 silly logfile done cleaning log files
35 timing arborist:ctor Completed in 0ms
36 timing idealTree:init Completed in 7ms
37 http fetch GET 200 https://registry.npmjs.org/npm 181ms (cache miss)
38 http fetch GET 200 https://registry.npmjs.org/types-registry 217ms (cache miss)
39 timing idealTree:userRequests Completed in 222ms
40 silly idealTree buildDeps
41 silly fetch manifest types-registry@0.1.697
42 silly placeDep ROOT types-registry@0.1.697 OK for:  want: 0.1.697
43 timing idealTree:#root Completed in 4ms
44 timing idealTree:node_modules/types-registry Completed in 0ms
45 timing idealTree:buildDeps Completed in 4ms
46 timing idealTree:fixDepFlags Completed in 0ms
47 timing idealTree Completed in 235ms
48 timing reify:loadTrees Completed in 236ms
49 timing reify:diffTrees Completed in 0ms
50 silly reify moves {}
51 timing reify:retireShallow Completed in 1ms
52 timing reify:createSparse Completed in 1ms
53 timing reify:loadBundles Completed in 0ms
54 silly audit bulk request { 'types-registry': [ '0.1.697' ] }
55 silly tarball no local data for types-registry@https://registry.npmjs.org/types-registry/-/types-registry-0.1.697.tgz. Extracting by manifest.
56 http fetch GET 200 https://registry.npmjs.org/types-registry/-/types-registry-0.1.697.tgz 81ms (cache miss)
57 timing reifyNode:node_modules/types-registry Completed in 85ms
58 timing reify:unpack Completed in 85ms
59 timing reify:unretire Completed in 1ms
60 timing build:queue Completed in 0ms
61 timing build:deps Completed in 0ms
62 timing build Completed in 0ms
63 timing reify:build Completed in 0ms
64 timing reify:trash Completed in 0ms
65 timing reify:save Completed in 3ms
66 http fetch POST 200 https://registry.npmjs.org/-/npm/v1/security/advisories/bulk 160ms
67 timing auditReport:getReport Completed in 161ms
68 silly audit report {}
69 timing auditReport:init Completed in 0ms
70 timing reify:audit Completed in 161ms
71 timing reify Completed in 420ms
72 silly ADD node_modules/types-registry
73 timing command:install Completed in 423ms
74 notice
74 notice New major version of npm available! 8.19.4 -> 10.9.1
74 notice Changelog: <https://github.com/npm/cli/releases/tag/v10.9.1>
74 notice Run `npm install -g npm@10.9.1` to update!
74 notice
75 verbose exit 0
76 timing npm Completed in 551ms
77 info ok
