0 verbose cli /home/abe/.nvm/versions/node/v16.20.2/bin/node /home/abe/.nvm/versions/node/v16.20.2/bin/npm
1 info using npm@8.19.4
2 info using node@v16.20.2
3 timing npm:load:whichnode Completed in 0ms
4 timing config:load:defaults Completed in 2ms
5 timing config:load:file:/home/abe/.nvm/versions/node/v16.20.2/lib/node_modules/npm/npmrc Completed in 2ms
6 timing config:load:builtin Completed in 2ms
7 timing config:load:cli Completed in 3ms
8 timing config:load:env Completed in 0ms
9 timing config:load:file:/home/abe/swapi-graphql-local/.npmrc Completed in 0ms
10 timing config:load:project Completed in 19ms
11 timing config:load:file:/home/abe/.npmrc Completed in 0ms
12 timing config:load:user Completed in 1ms
13 timing config:load:file:/home/abe/.nvm/versions/node/v16.20.2/etc/npmrc Completed in 0ms
14 timing config:load:global Completed in 0ms
15 timing config:load:validate Completed in 1ms
16 timing config:load:credentials Completed in 1ms
17 timing config:load:setEnvs Completed in 1ms
18 timing config:load Completed in 31ms
19 timing npm:load:configload Completed in 31ms
20 timing npm:load:mkdirpcache Completed in 2ms
21 timing npm:load:mkdirplogs Completed in 1ms
22 verbose title npm install express express-graphql graphql
23 verbose argv "install" "express" "express-graphql" "graphql"
24 timing npm:load:setTitle Completed in 2ms
25 timing config:load:flatten Completed in 3ms
26 timing npm:load:display Completed in 5ms
27 verbose logfile logs-max:10 dir:/home/abe/.npm/_logs
28 verbose logfile /home/abe/.npm/_logs/2025-01-13T18_17_08_723Z-debug-0.log
29 timing npm:load:logFile Completed in 6ms
30 timing npm:load:timers Completed in 0ms
31 timing npm:load:configScope Completed in 0ms
32 timing npm:load Completed in 48ms
33 timing arborist:ctor Completed in 1ms
34 silly logfile done cleaning log files
35 timing arborist:ctor Completed in 1ms
36 timing idealTree:init Completed in 14ms
37 timing idealTree:userRequests Completed in 3ms
38 silly idealTree buildDeps
39 silly fetch manifest express@*
40 http fetch GET 200 https://registry.npmjs.org/express 251ms (cache miss)
41 silly fetch manifest express-graphql@*
42 http fetch GET 200 https://registry.npmjs.org/npm 325ms (cache updated)
43 http fetch GET 200 https://registry.npmjs.org/express-graphql 92ms (cache miss)
44 silly fetch manifest graphql@*
45 http fetch GET 200 https://registry.npmjs.org/graphql 92ms (cache miss)
46 silly fetch manifest graphql@^14.7.0 || ^15.3.0
47 silly placeDep ROOT express@4.21.2 OK for: swapi-graphql-local@1.0.0 want: *
48 silly placeDep ROOT express-graphql@0.12.0 OK for: swapi-graphql-local@1.0.0 want: *
49 silly placeDep ROOT graphql@15.10.0 OK for: express-graphql@0.12.0 want: ^14.7.0 || ^15.3.0
50 silly placeDep ROOT graphql@15.10.0 REPLACE for: swapi-graphql-local@1.0.0 want: *
51 silly fetch manifest qs@6.13.0
52 silly fetch manifest depd@2.0.0
53 silly fetch manifest etag@~1.8.1
54 silly fetch manifest send@0.19.0
55 silly fetch manifest vary@~1.1.2
56 silly fetch manifest debug@2.6.9
57 silly fetch manifest fresh@0.5.2
58 silly fetch manifest cookie@0.7.1
59 silly fetch manifest accepts@~1.3.8
60 silly fetch manifest methods@~1.1.2
61 silly fetch manifest type-is@~1.6.18
62 silly fetch manifest parseurl@~1.3.3
63 silly fetch manifest statuses@2.0.1
64 silly fetch manifest encodeurl@~2.0.0
65 silly fetch manifest proxy-addr@~2.0.7
66 silly fetch manifest body-parser@1.20.3
67 silly fetch manifest escape-html@~1.0.3
68 silly fetch manifest http-errors@2.0.0
69 silly fetch manifest on-finished@2.4.1
70 silly fetch manifest safe-buffer@5.2.1
71 silly fetch manifest utils-merge@1.0.1
72 silly fetch manifest content-type@~1.0.4
73 silly fetch manifest finalhandler@1.3.1
74 silly fetch manifest range-parser@~1.2.1
75 silly fetch manifest serve-static@1.16.2
76 silly fetch manifest array-flatten@1.1.1
77 silly fetch manifest path-to-regexp@0.1.12
78 silly fetch manifest setprototypeof@1.2.0
79 silly fetch manifest cookie-signature@1.0.6
80 silly fetch manifest merge-descriptors@1.0.3
81 silly fetch manifest content-disposition@0.5.4
82 silly fetch manifest accepts@^1.3.7
83 silly fetch manifest content-type@^1.0.4
84 silly fetch manifest http-errors@1.8.0
85 silly fetch manifest raw-body@^2.4.1
86 http fetch GET 200 https://registry.npmjs.org/depd 117ms (cache miss)
87 http fetch GET 200 https://registry.npmjs.org/etag 120ms (cache miss)
88 http fetch GET 200 https://registry.npmjs.org/escape-html 278ms (cache miss)
89 http fetch GET 200 https://registry.npmjs.org/vary 299ms (cache miss)
90 http fetch GET 200 https://registry.npmjs.org/http-errors 306ms (cache miss)
91 http fetch GET 200 https://registry.npmjs.org/methods 319ms (cache miss)
92 http fetch GET 200 https://registry.npmjs.org/parseurl 320ms (cache miss)
93 http fetch GET 200 https://registry.npmjs.org/statuses 321ms (cache miss)
94 http fetch GET 200 https://registry.npmjs.org/encodeurl 323ms (cache miss)
95 http fetch GET 200 https://registry.npmjs.org/cookie 329ms (cache miss)
96 http fetch GET 200 https://registry.npmjs.org/on-finished 324ms (cache miss)
97 http fetch GET 200 https://registry.npmjs.org/safe-buffer 324ms (cache miss)
98 http fetch GET 200 https://registry.npmjs.org/utils-merge 332ms (cache miss)
99 http fetch GET 200 https://registry.npmjs.org/proxy-addr 338ms (cache miss)
100 http fetch GET 200 https://registry.npmjs.org/type-is 343ms (cache miss)
101 http fetch GET 200 https://registry.npmjs.org/fresh 347ms (cache miss)
102 http fetch GET 200 https://registry.npmjs.org/content-type 322ms (cache miss)
103 http fetch GET 200 https://registry.npmjs.org/range-parser 337ms (cache miss)
104 http fetch GET 200 https://registry.npmjs.org/merge-descriptors 330ms (cache miss)
105 http fetch GET 200 https://registry.npmjs.org/content-type 341ms (cache miss)
106 http fetch GET 200 https://registry.npmjs.org/array-flatten 342ms (cache miss)
107 http fetch GET 200 https://registry.npmjs.org/http-errors 338ms (cache miss)
108 http fetch GET 200 https://registry.npmjs.org/cookie-signature 346ms (cache miss)
109 http fetch GET 200 https://registry.npmjs.org/setprototypeof 347ms (cache miss)
110 http fetch GET 200 https://registry.npmjs.org/accepts 343ms (cache miss)
111 http fetch GET 200 https://registry.npmjs.org/content-disposition 347ms (cache miss)
112 http fetch GET 200 https://registry.npmjs.org/send 375ms (cache miss)
113 http fetch GET 200 https://registry.npmjs.org/finalhandler 359ms (cache miss)
114 http fetch GET 200 https://registry.npmjs.org/accepts 371ms (cache miss)
115 http fetch GET 200 https://registry.npmjs.org/debug 378ms (cache miss)
116 http fetch GET 200 https://registry.npmjs.org/serve-static 362ms (cache miss)
117 http fetch GET 200 https://registry.npmjs.org/body-parser 371ms (cache miss)
118 http fetch GET 200 https://registry.npmjs.org/raw-body 346ms (cache miss)
119 http fetch GET 200 https://registry.npmjs.org/qs 388ms (cache miss)
120 http fetch GET 200 https://registry.npmjs.org/path-to-regexp 367ms (cache miss)
121 timing idealTree:#root Completed in 890ms
122 silly placeDep ROOT accepts@1.3.8 OK for: express@4.21.2 want: ~1.3.8
123 silly placeDep ROOT array-flatten@1.1.1 OK for: express@4.21.2 want: 1.1.1
124 silly placeDep ROOT body-parser@1.20.3 OK for: express@4.21.2 want: 1.20.3
125 silly placeDep ROOT content-disposition@0.5.4 OK for: express@4.21.2 want: 0.5.4
126 silly placeDep ROOT content-type@1.0.5 OK for: express@4.21.2 want: ~1.0.4
127 silly placeDep ROOT cookie@0.7.1 OK for: express@4.21.2 want: 0.7.1
128 silly placeDep ROOT cookie-signature@1.0.6 OK for: express@4.21.2 want: 1.0.6
129 silly placeDep ROOT debug@2.6.9 OK for: express@4.21.2 want: 2.6.9
130 silly placeDep ROOT depd@2.0.0 OK for: express@4.21.2 want: 2.0.0
131 silly placeDep ROOT encodeurl@2.0.0 OK for: express@4.21.2 want: ~2.0.0
132 silly placeDep ROOT escape-html@1.0.3 OK for: express@4.21.2 want: ~1.0.3
133 silly placeDep ROOT etag@1.8.1 OK for: express@4.21.2 want: ~1.8.1
134 silly placeDep ROOT finalhandler@1.3.1 OK for: express@4.21.2 want: 1.3.1
135 silly placeDep ROOT fresh@0.5.2 OK for: express@4.21.2 want: 0.5.2
136 silly placeDep ROOT http-errors@2.0.0 OK for: express@4.21.2 want: 2.0.0
137 silly placeDep ROOT merge-descriptors@1.0.3 OK for: express@4.21.2 want: 1.0.3
138 silly placeDep ROOT methods@1.1.2 OK for: express@4.21.2 want: ~1.1.2
139 silly placeDep ROOT on-finished@2.4.1 OK for: express@4.21.2 want: 2.4.1
140 silly placeDep ROOT parseurl@1.3.3 OK for: express@4.21.2 want: ~1.3.3
141 silly placeDep ROOT path-to-regexp@0.1.12 OK for: express@4.21.2 want: 0.1.12
142 silly placeDep ROOT proxy-addr@2.0.7 OK for: express@4.21.2 want: ~2.0.7
143 silly placeDep ROOT qs@6.13.0 OK for: express@4.21.2 want: 6.13.0
144 silly placeDep ROOT range-parser@1.2.1 OK for: express@4.21.2 want: ~1.2.1
145 silly placeDep ROOT safe-buffer@5.2.1 OK for: express@4.21.2 want: 5.2.1
146 silly placeDep ROOT send@0.19.0 OK for: express@4.21.2 want: 0.19.0
147 silly placeDep ROOT serve-static@1.16.2 OK for: express@4.21.2 want: 1.16.2
148 silly placeDep ROOT setprototypeof@1.2.0 OK for: express@4.21.2 want: 1.2.0
149 silly placeDep ROOT statuses@2.0.1 OK for: express@4.21.2 want: 2.0.1
150 silly placeDep ROOT type-is@1.6.18 OK for: express@4.21.2 want: ~1.6.18
151 silly placeDep ROOT utils-merge@1.0.1 OK for: express@4.21.2 want: 1.0.1
152 silly placeDep ROOT vary@1.1.2 OK for: express@4.21.2 want: ~1.1.2
153 silly fetch manifest mime-types@~2.1.34
154 silly fetch manifest negotiator@0.6.3
155 silly fetch manifest bytes@3.1.2
156 silly fetch manifest unpipe@1.0.0
157 silly fetch manifest destroy@1.2.0
158 silly fetch manifest raw-body@2.5.2
159 silly fetch manifest iconv-lite@0.4.24
160 silly fetch manifest ms@2.0.0
161 silly fetch manifest unpipe@~1.0.0
162 silly fetch manifest inherits@2.0.4
163 silly fetch manifest toidentifier@1.0.1
164 silly fetch manifest ee-first@1.1.1
165 silly fetch manifest forwarded@0.2.0
166 silly fetch manifest ipaddr.js@1.9.1
167 silly fetch manifest side-channel@^1.0.6
168 silly fetch manifest ms@2.1.3
169 silly fetch manifest mime@1.6.0
170 silly fetch manifest encodeurl@~1.0.2
171 silly fetch manifest mime-types@~2.1.24
172 silly fetch manifest media-typer@0.3.0
173 http fetch GET 200 https://registry.npmjs.org/ms 90ms (cache miss)
174 http fetch GET 200 https://registry.npmjs.org/iconv-lite 151ms (cache miss)
175 http fetch GET 200 https://registry.npmjs.org/ms 146ms (cache miss)
176 http fetch GET 200 https://registry.npmjs.org/bytes 161ms (cache miss)
177 http fetch GET 200 https://registry.npmjs.org/destroy 162ms (cache miss)
178 http fetch GET 200 https://registry.npmjs.org/unpipe 163ms (cache miss)
179 http fetch GET 200 https://registry.npmjs.org/ee-first 159ms (cache miss)
180 http fetch GET 200 https://registry.npmjs.org/negotiator 165ms (cache miss)
181 http fetch GET 200 https://registry.npmjs.org/unpipe 161ms (cache miss)
182 http fetch GET 200 https://registry.npmjs.org/forwarded 159ms (cache miss)
183 http fetch GET 200 https://registry.npmjs.org/ipaddr.js 159ms (cache miss)
184 http fetch GET 200 https://registry.npmjs.org/inherits 162ms (cache miss)
185 http fetch GET 200 https://registry.npmjs.org/side-channel 160ms (cache miss)
186 http fetch GET 200 https://registry.npmjs.org/toidentifier 162ms (cache miss)
187 http fetch GET 200 https://registry.npmjs.org/media-typer 158ms (cache miss)
188 http fetch GET 200 https://registry.npmjs.org/mime-types 158ms (cache miss)
189 http fetch GET 200 https://registry.npmjs.org/mime-types 171ms (cache miss)
190 http fetch GET 200 https://registry.npmjs.org/mime 161ms (cache miss)
191 timing idealTree:node_modules/express Completed in 214ms
192 silly placeDep ROOT mime-types@2.1.35 OK for: accepts@1.3.8 want: ~2.1.34
193 silly placeDep ROOT negotiator@0.6.3 OK for: accepts@1.3.8 want: 0.6.3
194 silly fetch manifest mime-db@1.52.0
195 http fetch GET 200 https://registry.npmjs.org/mime-db 49ms (cache miss)
196 timing idealTree:node_modules/accepts Completed in 52ms
197 timing idealTree:node_modules/array-flatten Completed in 0ms
198 silly placeDep ROOT bytes@3.1.2 OK for: body-parser@1.20.3 want: 3.1.2
199 silly placeDep ROOT destroy@1.2.0 OK for: body-parser@1.20.3 want: 1.2.0
200 silly placeDep ROOT iconv-lite@0.4.24 OK for: body-parser@1.20.3 want: 0.4.24
201 silly placeDep ROOT raw-body@2.5.2 OK for: body-parser@1.20.3 want: 2.5.2
202 silly placeDep ROOT unpipe@1.0.0 OK for: body-parser@1.20.3 want: 1.0.0
203 silly fetch manifest safer-buffer@>= 2.1.2 < 3
204 http fetch GET 200 https://registry.npmjs.org/safer-buffer 94ms (cache miss)
205 timing idealTree:node_modules/body-parser Completed in 101ms
206 timing idealTree:node_modules/bytes Completed in 1ms
207 timing idealTree:node_modules/content-disposition Completed in 0ms
208 timing idealTree:node_modules/content-type Completed in 0ms
209 timing idealTree:node_modules/cookie Completed in 0ms
210 timing idealTree:node_modules/cookie-signature Completed in 0ms
211 silly placeDep ROOT ms@2.0.0 OK for: debug@2.6.9 want: 2.0.0
212 timing idealTree:node_modules/debug Completed in 2ms
213 timing idealTree:node_modules/depd Completed in 0ms
214 timing idealTree:node_modules/destroy Completed in 0ms
215 timing idealTree:node_modules/encodeurl Completed in 0ms
216 timing idealTree:node_modules/escape-html Completed in 0ms
217 timing idealTree:node_modules/etag Completed in 0ms
218 silly placeDep node_modules/express-graphql http-errors@1.8.0 OK for: express-graphql@0.12.0 want: 1.8.0
219 silly fetch manifest depd@~1.1.2
220 silly fetch manifest statuses@>= 1.5.0 < 2
221 silly fetch manifest toidentifier@1.0.0
222 timing idealTree:node_modules/express-graphql Completed in 5ms
223 timing idealTree:node_modules/finalhandler Completed in 0ms
224 timing idealTree:node_modules/fresh Completed in 0ms
225 timing idealTree:node_modules/graphql Completed in 0ms
226 silly placeDep ROOT inherits@2.0.4 OK for: http-errors@2.0.0 want: 2.0.4
227 silly placeDep ROOT toidentifier@1.0.1 OK for: http-errors@2.0.0 want: 1.0.1
228 timing idealTree:node_modules/http-errors Completed in 2ms
229 silly placeDep ROOT safer-buffer@2.1.2 OK for: iconv-lite@0.4.24 want: >= 2.1.2 < 3
230 timing idealTree:node_modules/iconv-lite Completed in 2ms
231 timing idealTree:node_modules/inherits Completed in 0ms
232 timing idealTree:node_modules/merge-descriptors Completed in 0ms
233 timing idealTree:node_modules/methods Completed in 0ms
234 silly placeDep ROOT mime-db@1.52.0 OK for: mime-types@2.1.35 want: 1.52.0
235 timing idealTree:node_modules/mime-types Completed in 1ms
236 timing idealTree:node_modules/mime-db Completed in 0ms
237 timing idealTree:node_modules/ms Completed in 0ms
238 timing idealTree:node_modules/negotiator Completed in 0ms
239 silly placeDep ROOT ee-first@1.1.1 OK for: on-finished@2.4.1 want: 1.1.1
240 timing idealTree:node_modules/on-finished Completed in 1ms
241 timing idealTree:node_modules/ee-first Completed in 0ms
242 timing idealTree:node_modules/parseurl Completed in 0ms
243 timing idealTree:node_modules/path-to-regexp Completed in 0ms
244 silly placeDep ROOT forwarded@0.2.0 OK for: proxy-addr@2.0.7 want: 0.2.0
245 silly placeDep ROOT ipaddr.js@1.9.1 OK for: proxy-addr@2.0.7 want: 1.9.1
246 timing idealTree:node_modules/proxy-addr Completed in 4ms
247 timing idealTree:node_modules/forwarded Completed in 0ms
248 timing idealTree:node_modules/ipaddr.js Completed in 0ms
249 silly placeDep ROOT side-channel@1.1.0 OK for: qs@6.13.0 want: ^1.0.6
250 silly fetch manifest es-errors@^1.3.0
251 silly fetch manifest object-inspect@^1.13.3
252 silly fetch manifest side-channel-list@^1.0.0
253 silly fetch manifest side-channel-map@^1.0.1
254 silly fetch manifest side-channel-weakmap@^1.0.2
255 http fetch GET 200 https://registry.npmjs.org/side-channel-list 72ms (cache miss)
256 http fetch GET 200 https://registry.npmjs.org/object-inspect 78ms (cache miss)
257 http fetch GET 200 https://registry.npmjs.org/side-channel-weakmap 78ms (cache miss)
258 http fetch GET 200 https://registry.npmjs.org/es-errors 93ms (cache miss)
259 http fetch GET 200 https://registry.npmjs.org/side-channel-map 92ms (cache miss)
260 timing idealTree:node_modules/qs Completed in 98ms
261 timing idealTree:node_modules/range-parser Completed in 0ms
262 timing idealTree:node_modules/raw-body Completed in 0ms
263 timing idealTree:node_modules/safe-buffer Completed in 0ms
264 timing idealTree:node_modules/safer-buffer Completed in 0ms
265 silly placeDep node_modules/send encodeurl@1.0.2 OK for: send@0.19.0 want: ~1.0.2
266 silly placeDep ROOT mime@1.6.0 OK for: send@0.19.0 want: 1.6.0
267 silly placeDep node_modules/send ms@2.1.3 OK for: send@0.19.0 want: 2.1.3
268 timing idealTree:node_modules/send Completed in 6ms
269 timing idealTree:node_modules/mime Completed in 0ms
270 timing idealTree:node_modules/serve-static Completed in 0ms
271 timing idealTree:node_modules/setprototypeof Completed in 0ms
272 silly placeDep ROOT es-errors@1.3.0 OK for: side-channel@1.1.0 want: ^1.3.0
273 silly placeDep ROOT object-inspect@1.13.3 OK for: side-channel@1.1.0 want: ^1.13.3
274 silly placeDep ROOT side-channel-list@1.0.0 OK for: side-channel@1.1.0 want: ^1.0.0
275 silly placeDep ROOT side-channel-map@1.0.1 OK for: side-channel@1.1.0 want: ^1.0.1
276 silly placeDep ROOT side-channel-weakmap@1.0.2 OK for: side-channel@1.1.0 want: ^1.0.2
277 silly fetch manifest call-bound@^1.0.2
278 silly fetch manifest get-intrinsic@^1.2.5
279 http fetch GET 200 https://registry.npmjs.org/call-bound 89ms (cache miss)
280 http fetch GET 200 https://registry.npmjs.org/get-intrinsic 90ms (cache miss)
281 timing idealTree:node_modules/side-channel Completed in 100ms
282 timing idealTree:node_modules/es-errors Completed in 0ms
283 timing idealTree:node_modules/object-inspect Completed in 0ms
284 timing idealTree:node_modules/side-channel-list Completed in 0ms
285 silly placeDep ROOT call-bound@1.0.3 OK for: side-channel-map@1.0.1 want: ^1.0.2
286 silly placeDep ROOT get-intrinsic@1.2.7 OK for: side-channel-map@1.0.1 want: ^1.2.5
287 silly fetch manifest call-bind-apply-helpers@^1.0.1
288 silly fetch manifest es-define-property@^1.0.1
289 silly fetch manifest es-object-atoms@^1.0.0
290 silly fetch manifest function-bind@^1.1.2
291 silly fetch manifest get-proto@^1.0.0
292 silly fetch manifest gopd@^1.2.0
293 silly fetch manifest has-symbols@^1.1.0
294 silly fetch manifest hasown@^2.0.2
295 silly fetch manifest math-intrinsics@^1.1.0
296 http fetch GET 200 https://registry.npmjs.org/call-bind-apply-helpers 106ms (cache miss)
297 http fetch GET 200 https://registry.npmjs.org/get-proto 106ms (cache miss)
298 http fetch GET 200 https://registry.npmjs.org/es-define-property 112ms (cache miss)
299 http fetch GET 200 https://registry.npmjs.org/gopd 111ms (cache miss)
300 http fetch GET 200 https://registry.npmjs.org/es-object-atoms 115ms (cache miss)
301 http fetch GET 200 https://registry.npmjs.org/has-symbols 111ms (cache miss)
302 http fetch GET 200 https://registry.npmjs.org/function-bind 116ms (cache miss)
303 http fetch GET 200 https://registry.npmjs.org/hasown 113ms (cache miss)
304 http fetch GET 200 https://registry.npmjs.org/math-intrinsics 114ms (cache miss)
305 timing idealTree:node_modules/side-channel-map Completed in 128ms
306 silly placeDep ROOT call-bind-apply-helpers@1.0.1 OK for: call-bound@1.0.3 want: ^1.0.1
307 timing idealTree:node_modules/call-bound Completed in 3ms
308 silly placeDep ROOT function-bind@1.1.2 OK for: call-bind-apply-helpers@1.0.1 want: ^1.1.2
309 timing idealTree:node_modules/call-bind-apply-helpers Completed in 1ms
310 timing idealTree:node_modules/function-bind Completed in 0ms
311 silly placeDep ROOT es-define-property@1.0.1 OK for: get-intrinsic@1.2.7 want: ^1.0.1
312 silly placeDep ROOT es-object-atoms@1.0.0 OK for: get-intrinsic@1.2.7 want: ^1.0.0
313 silly placeDep ROOT get-proto@1.0.1 OK for: get-intrinsic@1.2.7 want: ^1.0.0
314 silly placeDep ROOT gopd@1.2.0 OK for: get-intrinsic@1.2.7 want: ^1.2.0
315 silly placeDep ROOT has-symbols@1.1.0 OK for: get-intrinsic@1.2.7 want: ^1.1.0
316 silly placeDep ROOT hasown@2.0.2 OK for: get-intrinsic@1.2.7 want: ^2.0.2
317 silly placeDep ROOT math-intrinsics@1.1.0 OK for: get-intrinsic@1.2.7 want: ^1.1.0
318 silly fetch manifest dunder-proto@^1.0.1
319 http fetch GET 200 https://registry.npmjs.org/dunder-proto 71ms (cache miss)
320 timing idealTree:node_modules/get-intrinsic Completed in 78ms
321 timing idealTree:node_modules/es-define-property Completed in 0ms
322 timing idealTree:node_modules/es-object-atoms Completed in 0ms
323 silly placeDep ROOT dunder-proto@1.0.1 OK for: get-proto@1.0.1 want: ^1.0.1
324 timing idealTree:node_modules/get-proto Completed in 3ms
325 timing idealTree:node_modules/dunder-proto Completed in 0ms
326 timing idealTree:node_modules/gopd Completed in 0ms
327 timing idealTree:node_modules/has-symbols Completed in 0ms
328 timing idealTree:node_modules/hasown Completed in 0ms
329 timing idealTree:node_modules/math-intrinsics Completed in 0ms
330 timing idealTree:node_modules/side-channel-weakmap Completed in 0ms
331 timing idealTree:node_modules/statuses Completed in 0ms
332 timing idealTree:node_modules/toidentifier Completed in 0ms
333 silly placeDep ROOT media-typer@0.3.0 OK for: type-is@1.6.18 want: 0.3.0
334 timing idealTree:node_modules/type-is Completed in 2ms
335 timing idealTree:node_modules/media-typer Completed in 0ms
336 timing idealTree:node_modules/unpipe Completed in 0ms
337 timing idealTree:node_modules/utils-merge Completed in 0ms
338 timing idealTree:node_modules/vary Completed in 0ms
339 silly placeDep node_modules/express-graphql depd@1.1.2 OK for: http-errors@1.8.0 want: ~1.1.2
340 silly placeDep node_modules/express-graphql statuses@1.5.0 OK for: http-errors@1.8.0 want: >= 1.5.0 < 2
341 silly placeDep node_modules/express-graphql toidentifier@1.0.0 OK for: http-errors@1.8.0 want: 1.0.0
342 timing idealTree:node_modules/express-graphql/node_modules/http-errors Completed in 4ms
343 timing idealTree:node_modules/express-graphql/node_modules/depd Completed in 0ms
344 timing idealTree:node_modules/express-graphql/node_modules/statuses Completed in 0ms
345 timing idealTree:node_modules/express-graphql/node_modules/toidentifier Completed in 0ms
346 timing idealTree:node_modules/send/node_modules/encodeurl Completed in 0ms
347 timing idealTree:node_modules/send/node_modules/ms Completed in 0ms
348 timing idealTree:buildDeps Completed in 1707ms
349 timing idealTree:fixDepFlags Completed in 1ms
350 timing idealTree Completed in 1729ms
351 timing reify:loadTrees Completed in 1729ms
352 timing reify:diffTrees Completed in 4ms
353 silly reify moves {}
354 timing reify:retireShallow Completed in 1ms
355 timing reify:createSparse Completed in 46ms
356 timing reify:loadBundles Completed in 0ms
357 silly audit bulk request {
357 silly audit   express: [ '4.21.2' ],
357 silly audit   'express-graphql': [ '0.12.0' ],
357 silly audit   graphql: [ '15.10.0' ],
357 silly audit   accepts: [ '1.3.8' ],
357 silly audit   'array-flatten': [ '1.1.1' ],
357 silly audit   'body-parser': [ '1.20.3' ],
357 silly audit   'content-disposition': [ '0.5.4' ],
357 silly audit   'content-type': [ '1.0.5' ],
357 silly audit   cookie: [ '0.7.1' ],
357 silly audit   'cookie-signature': [ '1.0.6' ],
357 silly audit   debug: [ '2.6.9' ],
357 silly audit   depd: [ '2.0.0', '1.1.2' ],
357 silly audit   encodeurl: [ '2.0.0', '1.0.2' ],
357 silly audit   'escape-html': [ '1.0.3' ],
357 silly audit   etag: [ '1.8.1' ],
357 silly audit   finalhandler: [ '1.3.1' ],
357 silly audit   fresh: [ '0.5.2' ],
357 silly audit   'http-errors': [ '2.0.0', '1.8.0' ],
357 silly audit   'merge-descriptors': [ '1.0.3' ],
357 silly audit   methods: [ '1.1.2' ],
357 silly audit   'on-finished': [ '2.4.1' ],
357 silly audit   parseurl: [ '1.3.3' ],
357 silly audit   'path-to-regexp': [ '0.1.12' ],
357 silly audit   'proxy-addr': [ '2.0.7' ],
357 silly audit   qs: [ '6.13.0' ],
357 silly audit   'range-parser': [ '1.2.1' ],
357 silly audit   'safe-buffer': [ '5.2.1' ],
357 silly audit   send: [ '0.19.0' ],
357 silly audit   'serve-static': [ '1.16.2' ],
357 silly audit   setprototypeof: [ '1.2.0' ],
357 silly audit   statuses: [ '2.0.1', '1.5.0' ],
357 silly audit   'type-is': [ '1.6.18' ],
357 silly audit   'utils-merge': [ '1.0.1' ],
357 silly audit   vary: [ '1.1.2' ],
357 silly audit   'mime-types': [ '2.1.35' ],
357 silly audit   negotiator: [ '0.6.3' ],
357 silly audit   bytes: [ '3.1.2' ],
357 silly audit   destroy: [ '1.2.0' ],
357 silly audit   'iconv-lite': [ '0.4.24' ],
357 silly audit   'raw-body': [ '2.5.2' ],
357 silly audit   unpipe: [ '1.0.0' ],
357 silly audit   ms: [ '2.0.0', '2.1.3' ],
357 silly audit   inherits: [ '2.0.4' ],
357 silly audit   toidentifier: [ '1.0.1', '1.0.0' ],
357 silly audit   'safer-buffer': [ '2.1.2' ],
357 silly audit   'mime-db': [ '1.52.0' ],
357 silly audit   'ee-first': [ '1.1.1' ],
357 silly audit   forwarded: [ '0.2.0' ],
357 silly audit   'ipaddr.js': [ '1.9.1' ],
357 silly audit   'side-channel': [ '1.1.0' ],
357 silly audit   mime: [ '1.6.0' ],
357 silly audit   'es-errors': [ '1.3.0' ],
357 silly audit   'object-inspect': [ '1.13.3' ],
357 silly audit   'side-channel-list': [ '1.0.0' ],
357 silly audit   'side-channel-map': [ '1.0.1' ],
357 silly audit   'side-channel-weakmap': [ '1.0.2' ],
357 silly audit   'call-bound': [ '1.0.3' ],
357 silly audit   'get-intrinsic': [ '1.2.7' ],
357 silly audit   'call-bind-apply-helpers': [ '1.0.1' ],
357 silly audit   'function-bind': [ '1.1.2' ],
357 silly audit   'es-define-property': [ '1.0.1' ],
357 silly audit   'es-object-atoms': [ '1.0.0' ],
357 silly audit   'get-proto': [ '1.0.1' ],
357 silly audit   gopd: [ '1.2.0' ],
357 silly audit   'has-symbols': [ '1.1.0' ],
357 silly audit   hasown: [ '2.0.2' ],
357 silly audit   'math-intrinsics': [ '1.1.0' ],
357 silly audit   'dunder-proto': [ '1.0.1' ],
357 silly audit   'media-typer': [ '0.3.0' ]
357 silly audit }
358 silly tarball no local data for math-intrinsics@https://registry.npmjs.org/math-intrinsics/-/math-intrinsics-1.1.0.tgz. Extracting by manifest.
359 silly tarball no local data for has-symbols@https://registry.npmjs.org/has-symbols/-/has-symbols-1.1.0.tgz. Extracting by manifest.
360 silly tarball no local data for dunder-proto@https://registry.npmjs.org/dunder-proto/-/dunder-proto-1.0.1.tgz. Extracting by manifest.
361 silly tarball no local data for gopd@https://registry.npmjs.org/gopd/-/gopd-1.2.0.tgz. Extracting by manifest.
362 silly tarball no local data for get-proto@https://registry.npmjs.org/get-proto/-/get-proto-1.0.1.tgz. Extracting by manifest.
363 silly tarball no local data for es-define-property@https://registry.npmjs.org/es-define-property/-/es-define-property-1.0.1.tgz. Extracting by manifest.
364 silly tarball no local data for function-bind@https://registry.npmjs.org/function-bind/-/function-bind-1.1.2.tgz. Extracting by manifest.
365 silly tarball no local data for get-intrinsic@https://registry.npmjs.org/get-intrinsic/-/get-intrinsic-1.2.7.tgz. Extracting by manifest.
366 silly tarball no local data for call-bind-apply-helpers@https://registry.npmjs.org/call-bind-apply-helpers/-/call-bind-apply-helpers-1.0.1.tgz. Extracting by manifest.
367 silly tarball no local data for call-bound@https://registry.npmjs.org/call-bound/-/call-bound-1.0.3.tgz. Extracting by manifest.
368 silly tarball no local data for side-channel-weakmap@https://registry.npmjs.org/side-channel-weakmap/-/side-channel-weakmap-1.0.2.tgz. Extracting by manifest.
369 silly tarball no local data for side-channel-map@https://registry.npmjs.org/side-channel-map/-/side-channel-map-1.0.1.tgz. Extracting by manifest.
370 silly tarball no local data for object-inspect@https://registry.npmjs.org/object-inspect/-/object-inspect-1.13.3.tgz. Extracting by manifest.
371 silly tarball no local data for es-object-atoms@https://registry.npmjs.org/es-object-atoms/-/es-object-atoms-1.0.0.tgz. Extracting by manifest.
372 silly tarball no local data for es-errors@https://registry.npmjs.org/es-errors/-/es-errors-1.3.0.tgz. Extracting by manifest.
373 silly tarball no local data for side-channel@https://registry.npmjs.org/side-channel/-/side-channel-1.1.0.tgz. Extracting by manifest.
374 silly tarball no local data for ipaddr.js@https://registry.npmjs.org/ipaddr.js/-/ipaddr.js-1.9.1.tgz. Extracting by manifest.
375 silly tarball no local data for mime@https://registry.npmjs.org/mime/-/mime-1.6.0.tgz. Extracting by manifest.
376 silly tarball no local data for ee-first@https://registry.npmjs.org/ee-first/-/ee-first-1.1.1.tgz. Extracting by manifest.
377 silly tarball no local data for forwarded@https://registry.npmjs.org/forwarded/-/forwarded-0.2.0.tgz. Extracting by manifest.
378 silly tarball no local data for mime-db@https://registry.npmjs.org/mime-db/-/mime-db-1.52.0.tgz. Extracting by manifest.
379 silly tarball no local data for safer-buffer@https://registry.npmjs.org/safer-buffer/-/safer-buffer-2.1.2.tgz. Extracting by manifest.
380 silly tarball no local data for toidentifier@https://registry.npmjs.org/toidentifier/-/toidentifier-1.0.1.tgz. Extracting by manifest.
381 silly tarball no local data for inherits@https://registry.npmjs.org/inherits/-/inherits-2.0.4.tgz. Extracting by manifest.
382 silly tarball no local data for ms@https://registry.npmjs.org/ms/-/ms-2.0.0.tgz. Extracting by manifest.
383 silly tarball no local data for unpipe@https://registry.npmjs.org/unpipe/-/unpipe-1.0.0.tgz. Extracting by manifest.
384 silly tarball no local data for raw-body@https://registry.npmjs.org/raw-body/-/raw-body-2.5.2.tgz. Extracting by manifest.
385 silly tarball no local data for iconv-lite@https://registry.npmjs.org/iconv-lite/-/iconv-lite-0.4.24.tgz. Extracting by manifest.
386 silly tarball no local data for media-typer@https://registry.npmjs.org/media-typer/-/media-typer-0.3.0.tgz. Extracting by manifest.
387 silly tarball no local data for bytes@https://registry.npmjs.org/bytes/-/bytes-3.1.2.tgz. Extracting by manifest.
388 silly tarball no local data for negotiator@https://registry.npmjs.org/negotiator/-/negotiator-0.6.3.tgz. Extracting by manifest.
389 silly tarball no local data for destroy@https://registry.npmjs.org/destroy/-/destroy-1.2.0.tgz. Extracting by manifest.
390 silly tarball no local data for utils-merge@https://registry.npmjs.org/utils-merge/-/utils-merge-1.0.1.tgz. Extracting by manifest.
391 silly tarball no local data for vary@https://registry.npmjs.org/vary/-/vary-1.1.2.tgz. Extracting by manifest.
392 silly tarball no local data for mime-types@https://registry.npmjs.org/mime-types/-/mime-types-2.1.35.tgz. Extracting by manifest.
393 silly tarball no local data for type-is@https://registry.npmjs.org/type-is/-/type-is-1.6.18.tgz. Extracting by manifest.
394 silly tarball no local data for setprototypeof@https://registry.npmjs.org/setprototypeof/-/setprototypeof-1.2.0.tgz. Extracting by manifest.
395 silly tarball no local data for statuses@https://registry.npmjs.org/statuses/-/statuses-2.0.1.tgz. Extracting by manifest.
396 silly tarball no local data for send@https://registry.npmjs.org/send/-/send-0.19.0.tgz. Extracting by manifest.
397 silly tarball no local data for serve-static@https://registry.npmjs.org/serve-static/-/serve-static-1.16.2.tgz. Extracting by manifest.
398 silly tarball no local data for qs@https://registry.npmjs.org/qs/-/qs-6.13.0.tgz. Extracting by manifest.
399 silly tarball no local data for range-parser@https://registry.npmjs.org/range-parser/-/range-parser-1.2.1.tgz. Extracting by manifest.
400 silly tarball no local data for proxy-addr@https://registry.npmjs.org/proxy-addr/-/proxy-addr-2.0.7.tgz. Extracting by manifest.
401 silly tarball no local data for parseurl@https://registry.npmjs.org/parseurl/-/parseurl-1.3.3.tgz. Extracting by manifest.
402 silly tarball no local data for side-channel-list@https://registry.npmjs.org/side-channel-list/-/side-channel-list-1.0.0.tgz. Extracting by manifest.
403 silly tarball no local data for on-finished@https://registry.npmjs.org/on-finished/-/on-finished-2.4.1.tgz. Extracting by manifest.
404 silly tarball no local data for merge-descriptors@https://registry.npmjs.org/merge-descriptors/-/merge-descriptors-1.0.3.tgz. Extracting by manifest.
405 silly tarball no local data for methods@https://registry.npmjs.org/methods/-/methods-1.1.2.tgz. Extracting by manifest.
406 silly tarball no local data for safe-buffer@https://registry.npmjs.org/safe-buffer/-/safe-buffer-5.2.1.tgz. Extracting by manifest.
407 silly tarball no local data for http-errors@https://registry.npmjs.org/http-errors/-/http-errors-2.0.0.tgz. Extracting by manifest.
408 silly tarball no local data for path-to-regexp@https://registry.npmjs.org/path-to-regexp/-/path-to-regexp-0.1.12.tgz. Extracting by manifest.
409 silly tarball no local data for finalhandler@https://registry.npmjs.org/finalhandler/-/finalhandler-1.3.1.tgz. Extracting by manifest.
410 silly tarball no local data for depd@https://registry.npmjs.org/depd/-/depd-2.0.0.tgz. Extracting by manifest.
411 silly tarball no local data for fresh@https://registry.npmjs.org/fresh/-/fresh-0.5.2.tgz. Extracting by manifest.
412 silly tarball no local data for encodeurl@https://registry.npmjs.org/encodeurl/-/encodeurl-2.0.0.tgz. Extracting by manifest.
413 silly tarball no local data for debug@https://registry.npmjs.org/debug/-/debug-2.6.9.tgz. Extracting by manifest.
414 silly tarball no local data for cookie@https://registry.npmjs.org/cookie/-/cookie-0.7.1.tgz. Extracting by manifest.
415 silly tarball no local data for cookie-signature@https://registry.npmjs.org/cookie-signature/-/cookie-signature-1.0.6.tgz. Extracting by manifest.
416 silly tarball no local data for content-type@https://registry.npmjs.org/content-type/-/content-type-1.0.5.tgz. Extracting by manifest.
417 silly tarball no local data for content-disposition@https://registry.npmjs.org/content-disposition/-/content-disposition-0.5.4.tgz. Extracting by manifest.
418 silly tarball no local data for body-parser@https://registry.npmjs.org/body-parser/-/body-parser-1.20.3.tgz. Extracting by manifest.
419 silly tarball no local data for accepts@https://registry.npmjs.org/accepts/-/accepts-1.3.8.tgz. Extracting by manifest.
420 silly tarball no local data for graphql@https://registry.npmjs.org/graphql/-/graphql-15.10.0.tgz. Extracting by manifest.
421 silly tarball no local data for array-flatten@https://registry.npmjs.org/array-flatten/-/array-flatten-1.1.1.tgz. Extracting by manifest.
422 silly tarball no local data for express-graphql@https://registry.npmjs.org/express-graphql/-/express-graphql-0.12.0.tgz. Extracting by manifest.
423 silly tarball no local data for express@https://registry.npmjs.org/express/-/express-4.21.2.tgz. Extracting by manifest.
424 silly tarball no local data for encodeurl@https://registry.npmjs.org/encodeurl/-/encodeurl-1.0.2.tgz. Extracting by manifest.
425 silly tarball no local data for ms@https://registry.npmjs.org/ms/-/ms-2.1.3.tgz. Extracting by manifest.
426 silly tarball no local data for statuses@https://registry.npmjs.org/statuses/-/statuses-1.5.0.tgz. Extracting by manifest.
427 silly tarball no local data for depd@https://registry.npmjs.org/depd/-/depd-1.1.2.tgz. Extracting by manifest.
428 silly tarball no local data for http-errors@https://registry.npmjs.org/http-errors/-/http-errors-1.8.0.tgz. Extracting by manifest.
429 silly tarball no local data for escape-html@https://registry.npmjs.org/escape-html/-/escape-html-1.0.3.tgz. Extracting by manifest.
430 silly tarball no local data for etag@https://registry.npmjs.org/etag/-/etag-1.8.1.tgz. Extracting by manifest.
431 silly tarball no local data for hasown@https://registry.npmjs.org/hasown/-/hasown-2.0.2.tgz. Extracting by manifest.
432 silly tarball no local data for toidentifier@https://registry.npmjs.org/toidentifier/-/toidentifier-1.0.0.tgz. Extracting by manifest.
433 http fetch POST 200 https://registry.npmjs.org/-/npm/v1/security/advisories/bulk 205ms
434 timing auditReport:getReport Completed in 208ms
435 silly audit report {}
436 timing auditReport:init Completed in 0ms
437 timing reify:audit Completed in 209ms
438 http fetch GET 200 https://registry.npmjs.org/get-proto/-/get-proto-1.0.1.tgz 354ms (cache miss)
439 timing reifyNode:node_modules/get-proto Completed in 448ms
440 http fetch GET 200 https://registry.npmjs.org/es-object-atoms/-/es-object-atoms-1.0.0.tgz 443ms (cache miss)
441 timing reifyNode:node_modules/es-object-atoms Completed in 575ms
442 http fetch GET 200 https://registry.npmjs.org/get-intrinsic/-/get-intrinsic-1.2.7.tgz 572ms (cache miss)
443 timing reifyNode:node_modules/get-intrinsic Completed in 628ms
444 http fetch GET 200 https://registry.npmjs.org/call-bound/-/call-bound-1.0.3.tgz 587ms (cache miss)
445 timing reifyNode:node_modules/call-bound Completed in 647ms
446 http fetch GET 200 https://registry.npmjs.org/gopd/-/gopd-1.2.0.tgz 597ms (cache miss)
447 timing reifyNode:node_modules/gopd Completed in 649ms
448 http fetch GET 200 https://registry.npmjs.org/side-channel-map/-/side-channel-map-1.0.1.tgz 586ms (cache miss)
449 timing reifyNode:node_modules/side-channel-map Completed in 649ms
450 http fetch GET 200 https://registry.npmjs.org/side-channel-weakmap/-/side-channel-weakmap-1.0.2.tgz 588ms (cache miss)
451 timing reifyNode:node_modules/side-channel-weakmap Completed in 649ms
452 http fetch GET 200 https://registry.npmjs.org/has-symbols/-/has-symbols-1.1.0.tgz 629ms (cache miss)
453 timing reifyNode:node_modules/has-symbols Completed in 672ms
454 http fetch GET 200 https://registry.npmjs.org/dunder-proto/-/dunder-proto-1.0.1.tgz 623ms (cache miss)
455 timing reifyNode:node_modules/dunder-proto Completed in 675ms
456 http fetch GET 200 https://registry.npmjs.org/ipaddr.js/-/ipaddr.js-1.9.1.tgz 620ms (cache miss)
457 timing reifyNode:node_modules/ipaddr.js Completed in 689ms
458 http fetch GET 200 https://registry.npmjs.org/es-define-property/-/es-define-property-1.0.1.tgz 635ms (cache miss)
459 timing reifyNode:node_modules/es-define-property Completed in 691ms
460 http fetch GET 200 https://registry.npmjs.org/function-bind/-/function-bind-1.1.2.tgz 1075ms (cache miss)
461 timing reifyNode:node_modules/function-bind Completed in 1131ms
462 http fetch GET 200 https://registry.npmjs.org/negotiator/-/negotiator-0.6.3.tgz 1054ms (cache miss)
463 timing reifyNode:node_modules/negotiator Completed in 1143ms
464 http fetch GET 200 https://registry.npmjs.org/call-bind-apply-helpers/-/call-bind-apply-helpers-1.0.1.tgz 1085ms (cache miss)
465 timing reifyNode:node_modules/call-bind-apply-helpers Completed in 1144ms
466 http fetch GET 200 https://registry.npmjs.org/safer-buffer/-/safer-buffer-2.1.2.tgz 1079ms (cache miss)
467 timing reifyNode:node_modules/safer-buffer Completed in 1152ms
468 http fetch GET 200 https://registry.npmjs.org/ee-first/-/ee-first-1.1.1.tgz 1091ms (cache miss)
469 timing reifyNode:node_modules/ee-first Completed in 1161ms
470 http fetch GET 200 https://registry.npmjs.org/raw-body/-/raw-body-2.5.2.tgz 1084ms (cache miss)
471 timing reifyNode:node_modules/raw-body Completed in 1161ms
472 http fetch GET 200 https://registry.npmjs.org/toidentifier/-/toidentifier-1.0.1.tgz 1088ms (cache miss)
473 timing reifyNode:node_modules/toidentifier Completed in 1162ms
474 http fetch GET 200 https://registry.npmjs.org/media-typer/-/media-typer-0.3.0.tgz 1081ms (cache miss)
475 timing reifyNode:node_modules/media-typer Completed in 1170ms
476 http fetch GET 200 https://registry.npmjs.org/forwarded/-/forwarded-0.2.0.tgz 1099ms (cache miss)
477 timing reifyNode:node_modules/forwarded Completed in 1170ms
478 http fetch GET 200 https://registry.npmjs.org/serve-static/-/serve-static-1.16.2.tgz 1056ms (cache miss)
479 timing reifyNode:node_modules/serve-static Completed in 1170ms
480 http fetch GET 200 https://registry.npmjs.org/on-finished/-/on-finished-2.4.1.tgz 1051ms (cache miss)
481 timing reifyNode:node_modules/on-finished Completed in 1171ms
482 http fetch GET 200 https://registry.npmjs.org/utils-merge/-/utils-merge-1.0.1.tgz 1086ms (cache miss)
483 timing reifyNode:node_modules/utils-merge Completed in 1176ms
484 http fetch GET 200 https://registry.npmjs.org/unpipe/-/unpipe-1.0.0.tgz 1103ms (cache miss)
485 timing reifyNode:node_modules/unpipe Completed in 1180ms
486 http fetch GET 200 https://registry.npmjs.org/inherits/-/inherits-2.0.4.tgz 1105ms (cache miss)
487 timing reifyNode:node_modules/inherits Completed in 1180ms
488 http fetch GET 200 https://registry.npmjs.org/side-channel/-/side-channel-1.1.0.tgz 1116ms (cache miss)
489 timing reifyNode:node_modules/side-channel Completed in 1184ms
490 http fetch GET 200 https://registry.npmjs.org/es-errors/-/es-errors-1.3.0.tgz 1118ms (cache miss)
491 timing reifyNode:node_modules/es-errors Completed in 1185ms
492 http fetch GET 200 https://registry.npmjs.org/type-is/-/type-is-1.6.18.tgz 1092ms (cache miss)
493 timing reifyNode:node_modules/type-is Completed in 1184ms
494 http fetch GET 200 https://registry.npmjs.org/ms/-/ms-2.0.0.tgz 1109ms (cache miss)
495 timing reifyNode:node_modules/ms Completed in 1185ms
496 http fetch GET 200 https://registry.npmjs.org/bytes/-/bytes-3.1.2.tgz 1106ms (cache miss)
497 timing reifyNode:node_modules/bytes Completed in 1195ms
498 http fetch GET 200 https://registry.npmjs.org/side-channel-list/-/side-channel-list-1.0.0.tgz 1075ms (cache miss)
499 http fetch GET 200 https://registry.npmjs.org/safe-buffer/-/safe-buffer-5.2.1.tgz 1073ms (cache miss)
500 timing reifyNode:node_modules/safe-buffer Completed in 1195ms
501 http fetch GET 200 https://registry.npmjs.org/vary/-/vary-1.1.2.tgz 1106ms (cache miss)
502 timing reifyNode:node_modules/vary Completed in 1197ms
503 http fetch GET 200 https://registry.npmjs.org/destroy/-/destroy-1.2.0.tgz 1108ms (cache miss)
504 timing reifyNode:node_modules/destroy Completed in 1199ms
505 timing reifyNode:node_modules/side-channel-list Completed in 1200ms
506 http fetch GET 200 https://registry.npmjs.org/setprototypeof/-/setprototypeof-1.2.0.tgz 1110ms (cache miss)
507 timing reifyNode:node_modules/setprototypeof Completed in 1203ms
508 http fetch GET 200 https://registry.npmjs.org/range-parser/-/range-parser-1.2.1.tgz 1086ms (cache miss)
509 timing reifyNode:node_modules/range-parser Completed in 1203ms
510 http fetch GET 200 https://registry.npmjs.org/encodeurl/-/encodeurl-2.0.0.tgz 1077ms (cache miss)
511 timing reifyNode:node_modules/encodeurl Completed in 1204ms
512 http fetch GET 200 https://registry.npmjs.org/proxy-addr/-/proxy-addr-2.0.7.tgz 1090ms (cache miss)
513 timing reifyNode:node_modules/proxy-addr Completed in 1208ms
514 http fetch GET 200 https://registry.npmjs.org/merge-descriptors/-/merge-descriptors-1.0.3.tgz 1088ms (cache miss)
515 timing reifyNode:node_modules/merge-descriptors Completed in 1209ms
516 http fetch GET 200 https://registry.npmjs.org/cookie-signature/-/cookie-signature-1.0.6.tgz 1080ms (cache miss)
517 timing reifyNode:node_modules/cookie-signature Completed in 1210ms
518 http fetch GET 200 https://registry.npmjs.org/mime-types/-/mime-types-2.1.35.tgz 1124ms (cache miss)
519 timing reifyNode:node_modules/mime-types Completed in 1215ms
520 http fetch GET 200 https://registry.npmjs.org/fresh/-/fresh-0.5.2.tgz 1090ms (cache miss)
521 timing reifyNode:node_modules/fresh Completed in 1216ms
522 http fetch GET 200 https://registry.npmjs.org/methods/-/methods-1.1.2.tgz 1095ms (cache miss)
523 timing reifyNode:node_modules/methods Completed in 1217ms
524 http fetch GET 200 https://registry.npmjs.org/cookie/-/cookie-0.7.1.tgz 1088ms (cache miss)
525 timing reifyNode:node_modules/cookie Completed in 1217ms
526 http fetch GET 200 https://registry.npmjs.org/statuses/-/statuses-2.0.1.tgz 1124ms (cache miss)
527 timing reifyNode:node_modules/statuses Completed in 1220ms
528 http fetch GET 200 https://registry.npmjs.org/parseurl/-/parseurl-1.3.3.tgz 1101ms (cache miss)
529 timing reifyNode:node_modules/parseurl Completed in 1220ms
530 http fetch GET 200 https://registry.npmjs.org/finalhandler/-/finalhandler-1.3.1.tgz 1095ms (cache miss)
531 timing reifyNode:node_modules/finalhandler Completed in 1221ms
532 http fetch GET 200 https://registry.npmjs.org/http-errors/-/http-errors-2.0.0.tgz 1098ms (cache miss)
533 timing reifyNode:node_modules/http-errors Completed in 1222ms
534 http fetch GET 200 https://registry.npmjs.org/content-type/-/content-type-1.0.5.tgz 1090ms (cache miss)
535 timing reifyNode:node_modules/content-type Completed in 1222ms
536 http fetch GET 200 https://registry.npmjs.org/depd/-/depd-2.0.0.tgz 1101ms (cache miss)
537 timing reifyNode:node_modules/depd Completed in 1226ms
538 http fetch GET 200 https://registry.npmjs.org/statuses/-/statuses-1.5.0.tgz 1077ms (cache miss)
539 timing reifyNode:node_modules/express-graphql/node_modules/statuses Completed in 1227ms
540 http fetch GET 200 https://registry.npmjs.org/path-to-regexp/-/path-to-regexp-0.1.12.tgz 1105ms (cache miss)
541 timing reifyNode:node_modules/path-to-regexp Completed in 1229ms
542 http fetch GET 200 https://registry.npmjs.org/content-disposition/-/content-disposition-0.5.4.tgz 1097ms (cache miss)
543 timing reifyNode:node_modules/content-disposition Completed in 1230ms
544 http fetch GET 200 https://registry.npmjs.org/send/-/send-0.19.0.tgz 1137ms (cache miss)
545 timing reifyNode:node_modules/send Completed in 1233ms
546 http fetch GET 200 https://registry.npmjs.org/accepts/-/accepts-1.3.8.tgz 1098ms (cache miss)
547 timing reifyNode:node_modules/accepts Completed in 1233ms
548 http fetch GET 200 https://registry.npmjs.org/array-flatten/-/array-flatten-1.1.1.tgz 1089ms (cache miss)
549 timing reifyNode:node_modules/array-flatten Completed in 1233ms
550 http fetch GET 200 https://registry.npmjs.org/ms/-/ms-2.1.3.tgz 1084ms (cache miss)
551 timing reifyNode:node_modules/send/node_modules/ms Completed in 1235ms
552 http fetch GET 200 https://registry.npmjs.org/depd/-/depd-1.1.2.tgz 1082ms (cache miss)
553 http fetch GET 200 https://registry.npmjs.org/encodeurl/-/encodeurl-1.0.2.tgz 1086ms (cache miss)
554 timing reifyNode:node_modules/send/node_modules/encodeurl Completed in 1235ms
555 http fetch GET 200 https://registry.npmjs.org/etag/-/etag-1.8.1.tgz 1080ms (cache miss)
556 timing reifyNode:node_modules/etag Completed in 1237ms
557 timing reifyNode:node_modules/express-graphql/node_modules/depd Completed in 1236ms
558 http fetch GET 200 https://registry.npmjs.org/escape-html/-/escape-html-1.0.3.tgz 1083ms (cache miss)
559 timing reifyNode:node_modules/escape-html Completed in 1238ms
560 http fetch GET 200 https://registry.npmjs.org/mime-db/-/mime-db-1.52.0.tgz 1168ms (cache miss)
561 timing reifyNode:node_modules/mime-db Completed in 1240ms
562 http fetch GET 200 https://registry.npmjs.org/http-errors/-/http-errors-1.8.0.tgz 1088ms (cache miss)
563 timing reifyNode:node_modules/express-graphql/node_modules/http-errors Completed in 1241ms
564 http fetch GET 200 https://registry.npmjs.org/hasown/-/hasown-2.0.2.tgz 1084ms (cache miss)
565 timing reifyNode:node_modules/hasown Completed in 1245ms
566 http fetch GET 200 https://registry.npmjs.org/toidentifier/-/toidentifier-1.0.0.tgz 1084ms (cache miss)
567 timing reifyNode:node_modules/express-graphql/node_modules/toidentifier Completed in 1243ms
568 http fetch GET 200 https://registry.npmjs.org/object-inspect/-/object-inspect-1.13.3.tgz 1184ms (cache miss)
569 http fetch GET 200 https://registry.npmjs.org/math-intrinsics/-/math-intrinsics-1.1.0.tgz 1215ms (cache miss)
570 timing reifyNode:node_modules/object-inspect Completed in 1254ms
571 http fetch GET 200 https://registry.npmjs.org/mime/-/mime-1.6.0.tgz 1187ms (cache miss)
572 timing reifyNode:node_modules/mime Completed in 1256ms
573 http fetch GET 200 https://registry.npmjs.org/body-parser/-/body-parser-1.20.3.tgz 1121ms (cache miss)
574 timing reifyNode:node_modules/body-parser Completed in 1254ms
575 timing reifyNode:node_modules/math-intrinsics Completed in 1260ms
576 http fetch GET 200 https://registry.npmjs.org/debug/-/debug-2.6.9.tgz 1130ms (cache miss)
577 timing reifyNode:node_modules/debug Completed in 1258ms
578 http fetch GET 200 https://registry.npmjs.org/iconv-lite/-/iconv-lite-0.4.24.tgz 1195ms (cache miss)
579 timing reifyNode:node_modules/iconv-lite Completed in 1280ms
580 http fetch GET 200 https://registry.npmjs.org/express/-/express-4.21.2.tgz 1133ms (cache miss)
581 timing reifyNode:node_modules/express Completed in 1279ms
582 http fetch GET 200 https://registry.npmjs.org/qs/-/qs-6.13.0.tgz 1165ms (cache miss)
583 timing reifyNode:node_modules/qs Completed in 1281ms
584 http fetch GET 200 https://registry.npmjs.org/express-graphql/-/express-graphql-0.12.0.tgz 1161ms (cache miss)
585 warn deprecated express-graphql@0.12.0: This package is no longer maintained. We recommend using `graphql-http` instead. Please consult the migration document https://github.com/graphql/graphql-http#migrating-express-grpahql.
586 timing reifyNode:node_modules/express-graphql Completed in 1307ms
587 http fetch GET 200 https://registry.npmjs.org/graphql/-/graphql-15.10.0.tgz 1335ms (cache miss)
588 timing reifyNode:node_modules/graphql Completed in 1479ms
589 timing reify:unpack Completed in 1482ms
590 timing reify:unretire Completed in 0ms
591 timing build:queue Completed in 4ms
592 timing build:link:node_modules/mime Completed in 3ms
593 timing build:link Completed in 3ms
594 timing build:deps Completed in 7ms
595 timing build Completed in 7ms
596 timing reify:build Completed in 8ms
597 timing reify:trash Completed in 0ms
598 timing reify:save Completed in 21ms
599 timing reify Completed in 3332ms
600 silly ADD node_modules/media-typer
601 silly ADD node_modules/dunder-proto
602 silly ADD node_modules/math-intrinsics
603 silly ADD node_modules/hasown
604 silly ADD node_modules/has-symbols
605 silly ADD node_modules/gopd
606 silly ADD node_modules/get-proto
607 silly ADD node_modules/es-object-atoms
608 silly ADD node_modules/es-define-property
609 silly ADD node_modules/function-bind
610 silly ADD node_modules/call-bind-apply-helpers
611 silly ADD node_modules/get-intrinsic
612 silly ADD node_modules/call-bound
613 silly ADD node_modules/side-channel-weakmap
614 silly ADD node_modules/side-channel-map
615 silly ADD node_modules/side-channel-list
616 silly ADD node_modules/object-inspect
617 silly ADD node_modules/es-errors
618 silly ADD node_modules/mime
619 silly ADD node_modules/side-channel
620 silly ADD node_modules/ipaddr.js
621 silly ADD node_modules/forwarded
622 silly ADD node_modules/ee-first
623 silly ADD node_modules/mime-db
624 silly ADD node_modules/safer-buffer
625 silly ADD node_modules/toidentifier
626 silly ADD node_modules/inherits
627 silly ADD node_modules/ms
628 silly ADD node_modules/unpipe
629 silly ADD node_modules/raw-body
630 silly ADD node_modules/iconv-lite
631 silly ADD node_modules/destroy
632 silly ADD node_modules/bytes
633 silly ADD node_modules/negotiator
634 silly ADD node_modules/mime-types
635 silly ADD node_modules/vary
636 silly ADD node_modules/utils-merge
637 silly ADD node_modules/type-is
638 silly ADD node_modules/statuses
639 silly ADD node_modules/setprototypeof
640 silly ADD node_modules/serve-static
641 silly ADD node_modules/send
642 silly ADD node_modules/send/node_modules/ms
643 silly ADD node_modules/send/node_modules/encodeurl
644 silly ADD node_modules/safe-buffer
645 silly ADD node_modules/range-parser
646 silly ADD node_modules/qs
647 silly ADD node_modules/proxy-addr
648 silly ADD node_modules/path-to-regexp
649 silly ADD node_modules/parseurl
650 silly ADD node_modules/on-finished
651 silly ADD node_modules/methods
652 silly ADD node_modules/merge-descriptors
653 silly ADD node_modules/http-errors
654 silly ADD node_modules/fresh
655 silly ADD node_modules/finalhandler
656 silly ADD node_modules/etag
657 silly ADD node_modules/escape-html
658 silly ADD node_modules/encodeurl
659 silly ADD node_modules/depd
660 silly ADD node_modules/debug
661 silly ADD node_modules/cookie-signature
662 silly ADD node_modules/cookie
663 silly ADD node_modules/content-type
664 silly ADD node_modules/content-disposition
665 silly ADD node_modules/body-parser
666 silly ADD node_modules/array-flatten
667 silly ADD node_modules/accepts
668 silly ADD node_modules/graphql
669 silly ADD node_modules/express-graphql
670 silly ADD node_modules/express-graphql/node_modules/toidentifier
671 silly ADD node_modules/express-graphql/node_modules/statuses
672 silly ADD node_modules/express-graphql/node_modules/depd
673 silly ADD node_modules/express-graphql/node_modules/http-errors
674 silly ADD node_modules/express
675 timing command:install Completed in 3343ms
676 notice
676 notice New [31mmajor[39m version of npm available! [31m8.19.4[39m -> [32m11.0.0[39m
676 notice Changelog: [36mhttps://github.com/npm/cli/releases/tag/v11.0.0[39m
676 notice Run [32mnpm install -g npm@11.0.0[39m to update!
676 notice
677 verbose exit 0
678 timing npm Completed in 3500ms
679 info ok
