0 verbose cli /home/abe/.nvm/versions/node/v16.20.2/bin/node /home/abe/.nvm/versions/node/v16.20.2/bin/npm
1 info using npm@8.19.4
2 info using node@v16.20.2
3 timing npm:load:whichnode Completed in 0ms
4 timing config:load:defaults Completed in 1ms
5 timing config:load:file:/home/abe/.nvm/versions/node/v16.20.2/lib/node_modules/npm/npmrc Completed in 16ms
6 timing config:load:builtin Completed in 17ms
7 timing config:load:cli Completed in 7ms
8 timing config:load:env Completed in 0ms
9 timing config:load:file:/home/abe/swapi-graphql-local/.npmrc Completed in 1ms
10 timing config:load:project Completed in 3ms
11 timing config:load:file:/home/abe/.npmrc Completed in 0ms
12 timing config:load:user Completed in 0ms
13 timing config:load:file:/home/abe/.nvm/versions/node/v16.20.2/etc/npmrc Completed in 1ms
14 timing config:load:global Completed in 1ms
15 timing config:load:validate Completed in 0ms
16 timing config:load:credentials Completed in 2ms
17 timing config:load:setEnvs Completed in 1ms
18 timing config:load Completed in 32ms
19 timing npm:load:configload Completed in 33ms
20 timing npm:load:mkdirpcache Completed in 2ms
21 timing npm:load:mkdirplogs Completed in 1ms
22 verbose title npm init
23 verbose argv "init" "--yes"
24 timing npm:load:setTitle Completed in 1ms
25 timing config:load:flatten Completed in 4ms
26 timing npm:load:display Completed in 8ms
27 verbose logfile logs-max:10 dir:/home/abe/.npm/_logs
28 verbose logfile /home/abe/.npm/_logs/2025-01-13T18_16_50_022Z-debug-0.log
29 timing npm:load:logFile Completed in 8ms
30 timing npm:load:timers Completed in 0ms
31 timing npm:load:configScope Completed in 0ms
32 timing npm:load Completed in 55ms
33 silly logfile done cleaning log files
34 silly package data {
34 silly package data   name: 'swapi-graphql-local',
34 silly package data   version: '1.0.0',
34 silly package data   description: '',
34 silly package data   main: 'index.js',
34 silly package data   scripts: { test: 'echo "Error: no test specified" && exit 1' },
34 silly package data   keywords: [],
34 silly package data   author: '',
34 silly package data   license: 'ISC'
34 silly package data }
35 info init written successfully
36 timing command:init Completed in 37ms
37 verbose exit 0
38 timing npm Completed in 353ms
39 info ok
