0 verbose cli /home/abe/.nvm/versions/node/v16.20.2/bin/node /home/abe/.nvm/versions/node/v16.20.2/bin/npm
1 info using npm@8.19.4
2 info using node@v16.20.2
3 timing npm:load:whichnode Completed in 0ms
4 timing config:load:defaults Completed in 1ms
5 timing config:load:file:/home/abe/.nvm/versions/node/v16.20.2/lib/node_modules/npm/npmrc Completed in 0ms
6 timing config:load:builtin Completed in 1ms
7 timing config:load:cli Completed in 1ms
8 timing config:load:env Completed in 1ms
9 timing config:load:file:/home/abe/my-pokedex/.npmrc Completed in 0ms
10 timing config:load:project Completed in 7ms
11 timing config:load:file:/home/abe/.npmrc Completed in 1ms
12 timing config:load:user Completed in 1ms
13 timing config:load:file:/home/abe/.nvm/versions/node/v16.20.2/etc/npmrc Completed in 0ms
14 timing config:load:global Completed in 0ms
15 timing config:load:validate Completed in 0ms
16 timing config:load:credentials Completed in 0ms
17 timing config:load:setEnvs Completed in 1ms
18 timing config:load Completed in 13ms
19 timing npm:load:configload Completed in 13ms
20 timing npm:load:mkdirpcache Completed in 0ms
21 timing npm:load:mkdirplogs Completed in 1ms
22 verbose title npm install web-vitals
23 verbose argv "install" "web-vitals"
24 timing npm:load:setTitle Completed in 0ms
25 timing config:load:flatten Completed in 2ms
26 timing npm:load:display Completed in 2ms
27 verbose logfile logs-max:10 dir:/home/abe/.npm/_logs
28 verbose logfile /home/abe/.npm/_logs/2025-01-24T20_22_59_137Z-debug-0.log
29 timing npm:load:logFile Completed in 3ms
30 timing npm:load:timers Completed in 0ms
31 timing npm:load:configScope Completed in 0ms
32 timing npm:load Completed in 19ms
33 timing arborist:ctor Completed in 0ms
34 silly logfile start cleaning logs, removing 1 files
35 silly logfile done cleaning log files
36 timing idealTree:init Completed in 425ms
37 timing idealTree:userRequests Completed in 2ms
38 silly idealTree buildDeps
39 silly fetch manifest webpack-cli@^5.0.1
40 timing arborist:ctor Completed in 0ms
41 http fetch GET 200 https://registry.npmjs.org/webpack-cli 485ms (cache miss)
42 silly fetch manifest webpack@^5.88.2
43 http fetch GET 200 https://registry.npmjs.org/webpack 92ms (cache updated)
44 silly fetch manifest babel-loader@^9.1.2
45 http fetch GET 200 https://registry.npmjs.org/babel-loader 64ms (cache updated)
46 silly fetch manifest @babel/core@^7.12.0
47 http fetch GET 200 https://registry.npmjs.org/@babel%2fcore 97ms (cache updated)
48 silly fetch manifest web-vitals@*
49 http fetch GET 200 https://registry.npmjs.org/web-vitals 65ms (cache updated)
50 silly placeDep ROOT babel-loader@9.2.1 REPLACE for: my-pokedex@0.1.0 want: ^9.1.2
51 silly placeDep ROOT web-vitals@4.2.4 OK for: my-pokedex@0.1.0 want: *
52 silly placeDep ROOT webpack-cli@5.1.4 OK for: my-pokedex@0.1.0 want: ^5.0.1
53 silly fetch manifest find-cache-dir@^4.0.0
54 silly fetch manifest envinfo@^7.7.3
55 silly fetch manifest rechoir@^0.8.0
56 silly fetch manifest commander@^10.0.1
57 silly fetch manifest interpret@^3.1.1
58 silly fetch manifest webpack-merge@^5.7.3
59 silly fetch manifest @webpack-cli/info@^2.0.2
60 silly fetch manifest @webpack-cli/serve@^2.0.5
61 silly fetch manifest fastest-levenshtein@^1.0.12
62 silly fetch manifest @discoveryjs/json-ext@^0.5.0
63 silly fetch manifest @webpack-cli/configtest@^2.1.1
64 http fetch GET 200 https://registry.npmjs.org/rechoir 57ms (cache miss)
65 http fetch GET 200 https://registry.npmjs.org/webpack-merge 101ms (cache miss)
66 http fetch GET 200 https://registry.npmjs.org/interpret 111ms (cache miss)
67 http fetch GET 200 https://registry.npmjs.org/find-cache-dir 115ms (cache updated)
68 http fetch GET 200 https://registry.npmjs.org/envinfo 118ms (cache updated)
69 http fetch GET 200 https://registry.npmjs.org/@webpack-cli%2finfo 119ms (cache miss)
70 http fetch GET 200 https://registry.npmjs.org/commander 133ms (cache updated)
71 http fetch GET 200 https://registry.npmjs.org/fastest-levenshtein 165ms (cache miss)
72 http fetch GET 200 https://registry.npmjs.org/@webpack-cli%2fconfigtest 173ms (cache miss)
73 http fetch GET 200 https://registry.npmjs.org/@webpack-cli%2fserve 175ms (cache miss)
74 http fetch GET 200 https://registry.npmjs.org/@discoveryjs%2fjson-ext 211ms (cache miss)
75 timing idealTree:#root Completed in 1058ms
76 silly placeDep ROOT find-cache-dir@4.0.0 OK for: babel-loader@9.2.1 want: ^4.0.0
77 silly fetch manifest common-path-prefix@^3.0.0
78 silly fetch manifest pkg-dir@^7.0.0
79 http fetch GET 200 https://registry.npmjs.org/pkg-dir 83ms (cache updated)
80 http fetch GET 200 https://registry.npmjs.org/common-path-prefix 104ms (cache miss)
81 timing idealTree:node_modules/babel-loader Completed in 106ms
82 silly placeDep ROOT common-path-prefix@3.0.0 OK for: find-cache-dir@4.0.0 want: ^3.0.0
83 silly placeDep node_modules/find-cache-dir pkg-dir@7.0.0 OK for: find-cache-dir@4.0.0 want: ^7.0.0
84 silly fetch manifest find-up@^6.3.0
85 http fetch GET 200 https://registry.npmjs.org/find-up 82ms (cache updated)
86 timing idealTree:node_modules/find-cache-dir Completed in 86ms
87 timing idealTree:node_modules/common-path-prefix Completed in 0ms
88 silly fetch manifest typescript@^3.2.1 || ^4
89 http fetch GET 200 https://registry.npmjs.org/typescript 538ms (cache updated)
90 silly fetch manifest babel-loader@^8.2.3
91 silly fetch manifest @babel/core@^7.16.0
92 silly fetch manifest webpack@^5.64.4
93 silly placeDep node_modules/react-scripts babel-loader@8.4.1 OK for: react-scripts@5.0.1 want: ^8.2.3
94 silly placeDep ROOT typescript@4.9.5 REPLACE for: react-scripts@5.0.1 want: ^3.2.1 || ^4
95 silly fetch manifest make-dir@^3.1.0
96 silly fetch manifest schema-utils@^2.6.5
97 silly fetch manifest find-cache-dir@^3.3.1
98 http fetch GET 200 https://registry.npmjs.org/make-dir 87ms (cache updated)
99 http fetch GET 200 https://registry.npmjs.org/schema-utils 89ms (cache updated)
100 timing idealTree:node_modules/react-scripts Completed in 690ms
101 timing idealTree:node_modules/typescript Completed in 0ms
102 timing idealTree:node_modules/web-vitals Completed in 0ms
103 silly fetch manifest webpack@5.x.x
104 silly fetch manifest webpack-cli@5.x.x
105 silly placeDep ROOT @discoveryjs/json-ext@0.5.7 OK for: webpack-cli@5.1.4 want: ^0.5.0
106 silly placeDep ROOT @webpack-cli/configtest@2.1.1 OK for: webpack-cli@5.1.4 want: ^2.1.1
107 silly placeDep ROOT @webpack-cli/info@2.0.2 OK for: webpack-cli@5.1.4 want: ^2.0.2
108 silly placeDep ROOT @webpack-cli/serve@2.0.5 OK for: webpack-cli@5.1.4 want: ^2.0.5
109 silly placeDep node_modules/webpack-cli commander@10.0.1 OK for: webpack-cli@5.1.4 want: ^10.0.1
110 silly placeDep ROOT envinfo@7.14.0 OK for: webpack-cli@5.1.4 want: ^7.7.3
111 silly placeDep ROOT fastest-levenshtein@1.0.16 OK for: webpack-cli@5.1.4 want: ^1.0.12
112 silly placeDep ROOT interpret@3.1.1 OK for: webpack-cli@5.1.4 want: ^3.1.1
113 silly placeDep ROOT rechoir@0.8.0 OK for: webpack-cli@5.1.4 want: ^0.8.0
114 silly placeDep ROOT webpack-merge@5.10.0 OK for: webpack-cli@5.1.4 want: ^5.7.3
115 silly fetch manifest flat@^5.0.2
116 silly fetch manifest wildcard@^2.0.0
117 silly fetch manifest clone-deep@^4.0.1
118 http fetch GET 200 https://registry.npmjs.org/flat 85ms (cache miss)
119 http fetch GET 200 https://registry.npmjs.org/wildcard 85ms (cache miss)
120 http fetch GET 200 https://registry.npmjs.org/clone-deep 153ms (cache updated)
121 timing idealTree:node_modules/webpack-cli Completed in 175ms
122 timing idealTree:node_modules/@discoveryjs/json-ext Completed in 0ms
123 timing idealTree:node_modules/@webpack-cli/configtest Completed in 0ms
124 timing idealTree:node_modules/@webpack-cli/info Completed in 0ms
125 timing idealTree:node_modules/@webpack-cli/serve Completed in 0ms
126 timing idealTree:node_modules/envinfo Completed in 0ms
127 timing idealTree:node_modules/fastest-levenshtein Completed in 0ms
128 timing idealTree:node_modules/interpret Completed in 0ms
129 timing idealTree:node_modules/rechoir Completed in 0ms
130 silly placeDep ROOT clone-deep@4.0.1 OK for: webpack-merge@5.10.0 want: ^4.0.1
131 silly placeDep ROOT flat@5.0.2 OK for: webpack-merge@5.10.0 want: ^5.0.2
132 silly placeDep ROOT wildcard@2.0.1 OK for: webpack-merge@5.10.0 want: ^2.0.0
133 silly fetch manifest is-plain-object@^2.0.4
134 silly fetch manifest shallow-clone@^3.0.0
135 http fetch GET 200 https://registry.npmjs.org/shallow-clone 79ms (cache updated)
136 http fetch GET 200 https://registry.npmjs.org/is-plain-object 81ms (cache updated)
137 timing idealTree:node_modules/webpack-merge Completed in 91ms
138 silly placeDep ROOT is-plain-object@2.0.4 OK for: clone-deep@4.0.1 want: ^2.0.4
139 silly placeDep ROOT shallow-clone@3.0.1 OK for: clone-deep@4.0.1 want: ^3.0.0
140 silly fetch manifest isobject@^3.0.1
141 http fetch GET 200 https://registry.npmjs.org/isobject 116ms (cache updated)
142 timing idealTree:node_modules/clone-deep Completed in 123ms
143 timing idealTree:node_modules/flat Completed in 0ms
144 silly placeDep ROOT isobject@3.0.1 OK for: is-plain-object@2.0.4 want: ^3.0.1
145 timing idealTree:node_modules/is-plain-object Completed in 3ms
146 timing idealTree:node_modules/isobject Completed in 0ms
147 timing idealTree:node_modules/shallow-clone Completed in 0ms
148 timing idealTree:node_modules/wildcard Completed in 0ms
149 silly placeDep node_modules/find-cache-dir find-up@6.3.0 OK for: pkg-dir@7.0.0 want: ^6.3.0
150 silly fetch manifest locate-path@^7.1.0
151 silly fetch manifest path-exists@^5.0.0
152 http fetch GET 200 https://registry.npmjs.org/path-exists 89ms (cache updated)
153 http fetch GET 200 https://registry.npmjs.org/locate-path 93ms (cache updated)
154 timing idealTree:node_modules/find-cache-dir/node_modules/pkg-dir Completed in 97ms
155 silly placeDep node_modules/find-cache-dir locate-path@7.2.0 OK for: find-up@6.3.0 want: ^7.1.0
156 silly placeDep node_modules/find-cache-dir path-exists@5.0.0 OK for: find-up@6.3.0 want: ^5.0.0
157 silly fetch manifest p-locate@^6.0.0
158 http fetch GET 200 https://registry.npmjs.org/p-locate 68ms (cache updated)
159 timing idealTree:node_modules/find-cache-dir/node_modules/find-up Completed in 72ms
160 silly placeDep node_modules/find-cache-dir p-locate@6.0.0 OK for: locate-path@7.2.0 want: ^6.0.0
161 silly fetch manifest p-limit@^4.0.0
162 http fetch GET 200 https://registry.npmjs.org/p-limit 115ms (cache updated)
163 timing idealTree:node_modules/find-cache-dir/node_modules/locate-path Completed in 121ms
164 silly placeDep node_modules/find-cache-dir p-limit@4.0.0 OK for: p-locate@6.0.0 want: ^4.0.0
165 silly fetch manifest yocto-queue@^1.0.0
166 http fetch GET 200 https://registry.npmjs.org/yocto-queue 60ms (cache updated)
167 timing idealTree:node_modules/find-cache-dir/node_modules/p-locate Completed in 63ms
168 silly placeDep node_modules/find-cache-dir yocto-queue@1.1.1 OK for: p-limit@4.0.0 want: ^1.0.0
169 timing idealTree:node_modules/find-cache-dir/node_modules/p-limit Completed in 2ms
170 timing idealTree:node_modules/find-cache-dir/node_modules/path-exists Completed in 0ms
171 timing idealTree:node_modules/find-cache-dir/node_modules/yocto-queue Completed in 0ms
172 silly placeDep node_modules/react-scripts find-cache-dir@3.3.2 OK for: babel-loader@8.4.1 want: ^3.3.1
173 silly placeDep ROOT make-dir@3.1.0 OK for: babel-loader@8.4.1 want: ^3.1.0
174 silly placeDep node_modules/react-scripts schema-utils@2.7.1 OK for: babel-loader@8.4.1 want: ^2.6.5
175 silly fetch manifest commondir@^1.0.1
176 silly fetch manifest semver@^6.0.0
177 http fetch GET 200 https://registry.npmjs.org/commondir 94ms (cache updated)
178 http fetch GET 200 https://registry.npmjs.org/semver 96ms (cache updated)
179 timing idealTree:node_modules/react-scripts/node_modules/babel-loader Completed in 103ms
180 silly placeDep node_modules/make-dir semver@6.3.1 OK for: make-dir@3.1.0 want: ^6.0.0
181 timing idealTree:node_modules/make-dir Completed in 0ms
182 timing idealTree:node_modules/make-dir/node_modules/semver Completed in 0ms
183 silly placeDep ROOT commondir@1.0.1 OK for: find-cache-dir@3.3.2 want: ^1.0.1
184 timing idealTree:node_modules/react-scripts/node_modules/find-cache-dir Completed in 1ms
185 timing idealTree:node_modules/commondir Completed in 0ms
186 timing idealTree:node_modules/react-scripts/node_modules/schema-utils Completed in 0ms
187 timing idealTree:node_modules/webpack-cli/node_modules/commander Completed in 0ms
188 timing idealTree:buildDeps Completed in 2798ms
189 timing idealTree:fixDepFlags Completed in 8ms
190 timing idealTree Completed in 3238ms
191 timing reify:loadTrees Completed in 3239ms
192 timing reify:diffTrees Completed in 13ms
193 silly reify mark retired [ '/home/abe/my-pokedex/node_modules/babel-loader' ]
194 silly reify mark retired [ '/home/abe/my-pokedex/node_modules/find-cache-dir' ]
195 silly reify mark retired [
195 silly reify   '/home/abe/my-pokedex/node_modules/typescript',
195 silly reify   '/home/abe/my-pokedex/node_modules/.bin/tsc',
195 silly reify   '/home/abe/my-pokedex/node_modules/.bin/tsserver'
195 silly reify ]
196 silly reify moves {
196 silly reify   '/home/abe/my-pokedex/node_modules/babel-loader': '/home/abe/my-pokedex/node_modules/.babel-loader-EjUCzsJu',
196 silly reify   '/home/abe/my-pokedex/node_modules/find-cache-dir': '/home/abe/my-pokedex/node_modules/.find-cache-dir-192YY2UG',
196 silly reify   '/home/abe/my-pokedex/node_modules/typescript': '/home/abe/my-pokedex/node_modules/.typescript-thrnjr2T',
196 silly reify   '/home/abe/my-pokedex/node_modules/.bin/tsc': '/home/abe/my-pokedex/node_modules/.bin/.tsc-pSKxB7am',
196 silly reify   '/home/abe/my-pokedex/node_modules/.bin/tsserver': '/home/abe/my-pokedex/node_modules/.bin/.tsserver-unsJ63X5'
196 silly reify }
197 timing reify:retireShallow Completed in 5ms
198 timing reify:createSparse Completed in 20ms
199 timing reify:loadBundles Completed in 0ms
200 silly audit bulk request {
200 silly audit   '@alloc/quick-lru': [ '5.2.0' ],
200 silly audit   '@ampproject/remapping': [ '2.3.0' ],
200 silly audit   '@babel/code-frame': [ '7.26.2' ],
200 silly audit   '@babel/compat-data': [ '7.26.5' ],
200 silly audit   '@babel/core': [ '7.26.7' ],
200 silly audit   semver: [ '6.3.1', '7.6.3' ],
200 silly audit   '@babel/eslint-parser': [ '7.26.5' ],
200 silly audit   'eslint-visitor-keys': [ '2.1.0', '3.4.3' ],
200 silly audit   '@babel/generator': [ '7.26.5' ],
200 silly audit   '@babel/helper-annotate-as-pure': [ '7.25.9' ],
200 silly audit   '@babel/helper-compilation-targets': [ '7.26.5' ],
200 silly audit   '@babel/helper-create-class-features-plugin': [ '7.25.9' ],
200 silly audit   '@babel/helper-create-regexp-features-plugin': [ '7.26.3' ],
200 silly audit   '@babel/helper-define-polyfill-provider': [ '0.6.3' ],
200 silly audit   '@babel/helper-member-expression-to-functions': [ '7.25.9' ],
200 silly audit   '@babel/helper-module-imports': [ '7.25.9' ],
200 silly audit   '@babel/helper-module-transforms': [ '7.26.0' ],
200 silly audit   '@babel/helper-optimise-call-expression': [ '7.25.9' ],
200 silly audit   '@babel/helper-plugin-utils': [ '7.26.5' ],
200 silly audit   '@babel/helper-remap-async-to-generator': [ '7.25.9' ],
200 silly audit   '@babel/helper-replace-supers': [ '7.26.5' ],
200 silly audit   '@babel/helper-skip-transparent-expression-wrappers': [ '7.25.9' ],
200 silly audit   '@babel/helper-string-parser': [ '7.25.9' ],
200 silly audit   '@babel/helper-validator-identifier': [ '7.25.9' ],
200 silly audit   '@babel/helper-validator-option': [ '7.25.9' ],
200 silly audit   '@babel/helper-wrap-function': [ '7.25.9' ],
200 silly audit   '@babel/helpers': [ '7.26.7' ],
200 silly audit   '@babel/parser': [ '7.26.7' ],
200 silly audit   '@babel/plugin-bugfix-firefox-class-in-computed-class-key': [ '7.25.9' ],
200 silly audit   '@babel/plugin-bugfix-safari-class-field-initializer-scope': [ '7.25.9' ],
200 silly audit   '@babel/plugin-bugfix-safari-id-destructuring-collision-in-function-expression': [ '7.25.9' ],
200 silly audit   '@babel/plugin-bugfix-v8-spread-parameters-in-optional-chaining': [ '7.25.9' ],
200 silly audit   '@babel/plugin-bugfix-v8-static-class-fields-redefine-readonly': [ '7.25.9' ],
200 silly audit   '@babel/plugin-proposal-class-properties': [ '7.18.6' ],
200 silly audit   '@babel/plugin-proposal-decorators': [ '7.25.9' ],
200 silly audit   '@babel/plugin-proposal-nullish-coalescing-operator': [ '7.18.6' ],
200 silly audit   '@babel/plugin-proposal-numeric-separator': [ '7.18.6' ],
200 silly audit   '@babel/plugin-proposal-optional-chaining': [ '7.21.0' ],
200 silly audit   '@babel/plugin-proposal-private-methods': [ '7.18.6' ],
200 silly audit   '@babel/plugin-proposal-private-property-in-object': [ '7.21.0-placeholder-for-preset-env.2' ],
200 silly audit   '@babel/plugin-syntax-async-generators': [ '7.8.4' ],
200 silly audit   '@babel/plugin-syntax-bigint': [ '7.8.3' ],
200 silly audit   '@babel/plugin-syntax-class-properties': [ '7.12.13' ],
200 silly audit   '@babel/plugin-syntax-class-static-block': [ '7.14.5' ],
200 silly audit   '@babel/plugin-syntax-decorators': [ '7.25.9' ],
200 silly audit   '@babel/plugin-syntax-flow': [ '7.26.0' ],
200 silly audit   '@babel/plugin-syntax-import-assertions': [ '7.26.0' ],
200 silly audit   '@babel/plugin-syntax-import-attributes': [ '7.26.0' ],
200 silly audit   '@babel/plugin-syntax-import-meta': [ '7.10.4' ],
200 silly audit   '@babel/plugin-syntax-json-strings': [ '7.8.3' ],
200 silly audit   '@babel/plugin-syntax-jsx': [ '7.25.9' ],
200 silly audit   '@babel/plugin-syntax-logical-assignment-operators': [ '7.10.4' ],
200 silly audit   '@babel/plugin-syntax-nullish-coalescing-operator': [ '7.8.3' ],
200 silly audit   '@babel/plugin-syntax-numeric-separator': [ '7.10.4' ],
200 silly audit   '@babel/plugin-syntax-object-rest-spread': [ '7.8.3' ],
200 silly audit   '@babel/plugin-syntax-optional-catch-binding': [ '7.8.3' ],
200 silly audit   '@babel/plugin-syntax-optional-chaining': [ '7.8.3' ],
200 silly audit   '@babel/plugin-syntax-private-property-in-object': [ '7.14.5' ],
200 silly audit   '@babel/plugin-syntax-top-level-await': [ '7.14.5' ],
200 silly audit   '@babel/plugin-syntax-typescript': [ '7.25.9' ],
200 silly audit   '@babel/plugin-syntax-unicode-sets-regex': [ '7.18.6' ],
200 silly audit   '@babel/plugin-transform-arrow-functions': [ '7.25.9' ],
200 silly audit   '@babel/plugin-transform-async-generator-functions': [ '7.25.9' ],
200 silly audit   '@babel/plugin-transform-async-to-generator': [ '7.25.9' ],
200 silly audit   '@babel/plugin-transform-block-scoped-functions': [ '7.26.5' ],
200 silly audit   '@babel/plugin-transform-block-scoping': [ '7.25.9' ],
200 silly audit   '@babel/plugin-transform-class-properties': [ '7.25.9' ],
200 silly audit   '@babel/plugin-transform-class-static-block': [ '7.26.0' ],
200 silly audit   '@babel/plugin-transform-classes': [ '7.25.9' ],
200 silly audit   '@babel/plugin-transform-computed-properties': [ '7.25.9' ],
200 silly audit   '@babel/plugin-transform-destructuring': [ '7.25.9' ],
200 silly audit   '@babel/plugin-transform-dotall-regex': [ '7.25.9' ],
200 silly audit   '@babel/plugin-transform-duplicate-keys': [ '7.25.9' ],
200 silly audit   '@babel/plugin-transform-duplicate-named-capturing-groups-regex': [ '7.25.9' ],
200 silly audit   '@babel/plugin-transform-dynamic-import': [ '7.25.9' ],
200 silly audit   '@babel/plugin-transform-exponentiation-operator': [ '7.26.3' ],
200 silly audit   '@babel/plugin-transform-export-namespace-from': [ '7.25.9' ],
200 silly audit   '@babel/plugin-transform-flow-strip-types': [ '7.26.5' ],
200 silly audit   '@babel/plugin-transform-for-of': [ '7.25.9' ],
200 silly audit   '@babel/plugin-transform-function-name': [ '7.25.9' ],
200 silly audit   '@babel/plugin-transform-json-strings': [ '7.25.9' ],
200 silly audit   '@babel/plugin-transform-literals': [ '7.25.9' ],
200 silly audit   '@babel/plugin-transform-logical-assignment-operators': [ '7.25.9' ],
200 silly audit   '@babel/plugin-transform-member-expression-literals': [ '7.25.9' ],
200 silly audit   '@babel/plugin-transform-modules-amd': [ '7.25.9' ],
200 silly audit   '@babel/plugin-transform-modules-commonjs': [ '7.26.3' ],
200 silly audit   '@babel/plugin-transform-modules-systemjs': [ '7.25.9' ],
200 silly audit   '@babel/plugin-transform-modules-umd': [ '7.25.9' ],
200 silly audit   '@babel/plugin-transform-named-capturing-groups-regex': [ '7.25.9' ],
200 silly audit   '@babel/plugin-transform-new-target': [ '7.25.9' ],
200 silly audit   '@babel/plugin-transform-nullish-coalescing-operator': [ '7.26.6' ],
200 silly audit   '@babel/plugin-transform-numeric-separator': [ '7.25.9' ],
200 silly audit   '@babel/plugin-transform-object-rest-spread': [ '7.25.9' ],
200 silly audit   '@babel/plugin-transform-object-super': [ '7.25.9' ],
200 silly audit   '@babel/plugin-transform-optional-catch-binding': [ '7.25.9' ],
200 silly audit   '@babel/plugin-transform-optional-chaining': [ '7.25.9' ],
200 silly audit   '@babel/plugin-transform-parameters': [ '7.25.9' ],
200 silly audit   '@babel/plugin-transform-private-methods': [ '7.25.9' ],
200 silly audit   '@babel/plugin-transform-private-property-in-object': [ '7.25.9' ],
200 silly audit   '@babel/plugin-transform-property-literals': [ '7.25.9' ],
200 silly audit   '@babel/plugin-transform-react-constant-elements': [ '7.25.9' ],
200 silly audit   '@babel/plugin-transform-react-display-name': [ '7.25.9' ],
200 silly audit   '@babel/plugin-transform-react-jsx': [ '7.25.9' ],
200 silly audit   '@babel/plugin-transform-react-jsx-development': [ '7.25.9' ],
200 silly audit   '@babel/plugin-transform-react-pure-annotations': [ '7.25.9' ],
200 silly audit   '@babel/plugin-transform-regenerator': [ '7.25.9' ],
200 silly audit   '@babel/plugin-transform-regexp-modifiers': [ '7.26.0' ],
200 silly audit   '@babel/plugin-transform-reserved-words': [ '7.25.9' ],
200 silly audit   '@babel/plugin-transform-runtime': [ '7.25.9' ],
200 silly audit   '@babel/plugin-transform-shorthand-properties': [ '7.25.9' ],
200 silly audit   '@babel/plugin-transform-spread': [ '7.25.9' ],
200 silly audit   '@babel/plugin-transform-sticky-regex': [ '7.25.9' ],
200 silly audit   '@babel/plugin-transform-template-literals': [ '7.25.9' ],
200 silly audit   '@babel/plugin-transform-typeof-symbol': [ '7.26.7' ],
200 silly audit   '@babel/plugin-transform-typescript': [ '7.26.7' ],
200 silly audit   '@babel/plugin-transform-unicode-escapes': [ '7.25.9' ],
200 silly audit   '@babel/plugin-transform-unicode-property-regex': [ '7.25.9' ],
200 silly audit   '@babel/plugin-transform-unicode-regex': [ '7.25.9' ],
200 silly audit   '@babel/plugin-transform-unicode-sets-regex': [ '7.25.9' ],
200 silly audit   '@babel/preset-env': [ '7.26.7' ],
200 silly audit   '@babel/preset-modules': [ '0.1.6-no-external-plugins' ],
200 silly audit   '@babel/preset-react': [ '7.26.3' ],
200 silly audit   '@babel/preset-typescript': [ '7.26.0' ],
200 silly audit   '@babel/runtime': [ '7.26.7' ],
200 silly audit   '@babel/template': [ '7.25.9' ],
200 silly audit   '@babel/traverse': [ '7.26.7' ],
200 silly audit   '@babel/types': [ '7.26.7' ],
200 silly audit   '@bcoe/v8-coverage': [ '0.2.3' ],
200 silly audit   '@csstools/normalize.css': [ '12.1.1' ],
200 silly audit   '@csstools/postcss-cascade-layers': [ '1.1.1' ],
200 silly audit   '@csstools/postcss-color-function': [ '1.1.1' ],
200 silly audit   '@csstools/postcss-font-format-keywords': [ '1.0.1' ],
200 silly audit   '@csstools/postcss-hwb-function': [ '1.0.2' ],
200 silly audit   '@csstools/postcss-ic-unit': [ '1.0.1' ],
200 silly audit   '@csstools/postcss-is-pseudo-class': [ '2.0.7' ],
200 silly audit   '@csstools/postcss-nested-calc': [ '1.0.0' ],
200 silly audit   '@csstools/postcss-normalize-display-values': [ '1.0.1' ],
200 silly audit   '@csstools/postcss-oklab-function': [ '1.1.1' ],
200 silly audit   '@csstools/postcss-progressive-custom-properties': [ '1.3.0' ],
200 silly audit   '@csstools/postcss-stepped-value-functions': [ '1.0.1' ],
200 silly audit   '@csstools/postcss-text-decoration-shorthand': [ '1.0.0' ],
200 silly audit   '@csstools/postcss-trigonometric-functions': [ '1.0.2' ],
200 silly audit   '@csstools/postcss-unset-value': [ '1.0.2' ],
200 silly audit   '@csstools/selector-specificity': [ '2.2.0' ],
200 silly audit   '@eslint-community/eslint-utils': [ '4.4.1' ],
200 silly audit   '@eslint-community/regexpp': [ '4.12.1' ],
200 silly audit   '@eslint/eslintrc': [ '2.1.4' ],
200 silly audit   argparse: [ '2.0.1', '1.0.10' ],
200 silly audit   globals: [ '13.24.0', '11.12.0' ],
200 silly audit   'js-yaml': [ '4.1.0', '3.14.1' ],
200 silly audit   'type-fest': [ '0.20.2', '0.16.0', '0.21.3' ],
200 silly audit   '@eslint/js': [ '8.57.1' ],
200 silly audit   '@humanwhocodes/config-array': [ '0.13.0' ],
200 silly audit   '@humanwhocodes/module-importer': [ '1.0.1' ],
200 silly audit   '@humanwhocodes/object-schema': [ '2.0.3' ],
200 silly audit   '@isaacs/cliui': [ '8.0.2' ],
200 silly audit   'ansi-regex': [ '6.1.0', '5.0.1' ],
200 silly audit   'ansi-styles': [ '6.2.1', '4.3.0', '3.2.1', '5.2.0' ],
200 silly audit   'string-width': [ '5.1.2', '4.2.3' ],
200 silly audit   'strip-ansi': [ '7.1.0', '6.0.1' ],
200 silly audit   'wrap-ansi': [ '8.1.0', '7.0.0' ],
200 silly audit   '@istanbuljs/load-nyc-config': [ '1.1.0' ],
200 silly audit   camelcase: [ '5.3.1', '6.3.0' ],
200 silly audit   '@istanbuljs/schema': [ '0.1.3' ],
200 silly audit   '@jest/console': [ '27.5.1', '28.1.3' ],
200 silly audit   '@jest/core': [ '27.5.1' ],
200 silly audit   '@jest/environment': [ '27.5.1' ],
200 silly audit   '@jest/fake-timers': [ '27.5.1' ],
200 silly audit   '@jest/globals': [ '27.5.1' ],
200 silly audit   '@jest/reporters': [ '27.5.1' ],
200 silly audit   'source-map': [ '0.6.1', '0.7.4', '0.8.0-beta.0' ],
200 silly audit   '@jest/schemas': [ '28.1.3' ],
200 silly audit   '@jest/source-map': [ '27.5.1' ],
200 silly audit   '@jest/test-result': [ '27.5.1', '28.1.3' ],
200 silly audit   '@jest/test-sequencer': [ '27.5.1' ],
200 silly audit   '@jest/transform': [ '27.5.1' ],
200 silly audit   'convert-source-map': [ '1.9.0', '2.0.0' ],
200 silly audit   '@jest/types': [ '27.5.1', '28.1.3' ],
200 silly audit   '@jridgewell/gen-mapping': [ '0.3.8' ],
200 silly audit   '@jridgewell/resolve-uri': [ '3.1.2' ],
200 silly audit   '@jridgewell/set-array': [ '1.2.1' ],
200 silly audit   '@jridgewell/source-map': [ '0.3.6' ],
200 silly audit   '@jridgewell/sourcemap-codec': [ '1.5.0' ],
200 silly audit   '@jridgewell/trace-mapping': [ '0.3.25' ],
200 silly audit   '@leichtgewicht/ip-codec': [ '2.0.5' ],
200 silly audit   '@nicolo-ribaudo/eslint-scope-5-internals': [ '5.1.1-v1' ],
200 silly audit   'eslint-scope': [ '5.1.1', '7.2.2' ],
200 silly audit   estraverse: [ '4.3.0', '5.3.0' ],
200 silly audit   '@nodelib/fs.scandir': [ '2.1.5' ],
200 silly audit   '@nodelib/fs.stat': [ '2.0.5' ],
200 silly audit   '@nodelib/fs.walk': [ '1.2.8' ],
200 silly audit   '@pkgjs/parseargs': [ '0.11.0' ],
200 silly audit   '@pmmmwh/react-refresh-webpack-plugin': [ '0.5.15' ],
200 silly audit   '@rollup/plugin-babel': [ '5.3.1' ],
200 silly audit   '@rollup/plugin-node-resolve': [ '11.2.1' ],
200 silly audit   '@rollup/plugin-replace': [ '2.4.2' ],
200 silly audit   '@rollup/pluginutils': [ '3.1.0' ],
200 silly audit   '@types/estree': [ '0.0.39', '1.0.6' ],
200 silly audit   '@rtsao/scc': [ '1.1.0' ],
200 silly audit   '@rushstack/eslint-patch': [ '1.10.5' ],
200 silly audit   '@sinclair/typebox': [ '0.24.51' ],
200 silly audit   '@sinonjs/commons': [ '1.8.6' ],
200 silly audit   '@sinonjs/fake-timers': [ '8.1.0' ],
200 silly audit   '@surma/rollup-plugin-off-main-thread': [ '2.2.3' ],
200 silly audit   '@svgr/babel-plugin-add-jsx-attribute': [ '5.4.0' ],
200 silly audit   '@svgr/babel-plugin-remove-jsx-attribute': [ '5.4.0' ],
200 silly audit   '@svgr/babel-plugin-remove-jsx-empty-expression': [ '5.0.1' ],
200 silly audit   '@svgr/babel-plugin-replace-jsx-attribute-value': [ '5.0.1' ],
200 silly audit   '@svgr/babel-plugin-svg-dynamic-title': [ '5.4.0' ],
200 silly audit   '@svgr/babel-plugin-svg-em-dimensions': [ '5.4.0' ],
200 silly audit   '@svgr/babel-plugin-transform-react-native-svg': [ '5.4.0' ],
200 silly audit   '@svgr/babel-plugin-transform-svg-component': [ '5.5.0' ],
200 silly audit   '@svgr/babel-preset': [ '5.5.0' ],
200 silly audit   '@svgr/core': [ '5.5.0' ],
200 silly audit   '@svgr/hast-util-to-babel-ast': [ '5.5.0' ],
200 silly audit   '@svgr/plugin-jsx': [ '5.5.0' ],
200 silly audit   '@svgr/plugin-svgo': [ '5.5.0' ],
200 silly audit   '@svgr/webpack': [ '5.5.0' ],
200 silly audit   '@tootallnate/once': [ '1.1.2' ],
200 silly audit   '@trysound/sax': [ '0.2.0' ],
200 silly audit   '@types/babel__core': [ '7.20.5' ],
200 silly audit   '@types/babel__generator': [ '7.6.8' ],
200 silly audit   '@types/babel__template': [ '7.4.4' ],
200 silly audit   '@types/babel__traverse': [ '7.20.6' ],
200 silly audit   '@types/body-parser': [ '1.19.5' ],
200 silly audit   '@types/bonjour': [ '3.5.13' ],
200 silly audit   '@types/connect': [ '3.4.38' ],
200 silly audit   '@types/connect-history-api-fallback': [ '1.5.4' ],
200 silly audit   '@types/eslint': [ '8.56.12' ],
200 silly audit   '@types/eslint-scope': [ '3.7.7' ],
200 silly audit   '@types/express': [ '4.17.21' ],
200 silly audit   '@types/express-serve-static-core': [ '5.0.5', '4.19.6' ],
200 silly audit   '@types/graceful-fs': [ '4.1.9' ],
200 silly audit   '@types/html-minifier-terser': [ '6.1.0' ],
200 silly audit   '@types/http-errors': [ '2.0.4' ],
200 silly audit   '@types/http-proxy': [ '1.17.15' ],
200 silly audit   '@types/istanbul-lib-coverage': [ '2.0.6' ],
200 silly audit   '@types/istanbul-lib-report': [ '3.0.3' ],
200 silly audit   '@types/istanbul-reports': [ '3.0.4' ],
200 silly audit   '@types/json-schema': [ '7.0.15' ],
200 silly audit   '@types/json5': [ '0.0.29' ],
200 silly audit   '@types/mime': [ '1.3.5' ],
200 silly audit   '@types/node': [ '22.10.10' ],
200 silly audit   '@types/node-forge': [ '1.3.11' ],
200 silly audit   '@types/parse-json': [ '4.0.2' ],
200 silly audit   '@types/prettier': [ '2.7.3' ],
200 silly audit   '@types/q': [ '1.5.8' ],
200 silly audit   '@types/qs': [ '6.9.18' ],
200 silly audit   '@types/range-parser': [ '1.2.7' ],
200 silly audit   '@types/resolve': [ '1.17.1' ],
200 silly audit   '@types/retry': [ '0.12.0' ],
200 silly audit   '@types/semver': [ '7.5.8' ],
200 silly audit   '@types/send': [ '0.17.4' ],
200 silly audit   '@types/serve-index': [ '1.9.4' ],
200 silly audit   '@types/serve-static': [ '1.15.7' ],
200 silly audit   '@types/sockjs': [ '0.3.36' ],
200 silly audit   '@types/stack-utils': [ '2.0.3' ],
200 silly audit   '@types/trusted-types': [ '2.0.7' ],
200 silly audit   '@types/ws': [ '8.5.14' ],
200 silly audit   '@types/yargs': [ '16.0.9', '17.0.33' ],
200 silly audit   '@types/yargs-parser': [ '21.0.3' ],
200 silly audit   '@typescript-eslint/eslint-plugin': [ '5.62.0' ],
200 silly audit   '@typescript-eslint/experimental-utils': [ '5.62.0' ],
200 silly audit   '@typescript-eslint/parser': [ '5.62.0' ],
200 silly audit   '@typescript-eslint/scope-manager': [ '5.62.0' ],
200 silly audit   '@typescript-eslint/type-utils': [ '5.62.0' ],
200 silly audit   '@typescript-eslint/types': [ '5.62.0' ],
200 silly audit   '@typescript-eslint/typescript-estree': [ '5.62.0' ],
200 silly audit   '@typescript-eslint/utils': [ '5.62.0' ],
200 silly audit   '@typescript-eslint/visitor-keys': [ '5.62.0' ],
200 silly audit   '@ungap/structured-clone': [ '1.3.0' ],
200 silly audit   '@webassemblyjs/ast': [ '1.14.1' ],
200 silly audit   '@webassemblyjs/floating-point-hex-parser': [ '1.13.2' ],
200 silly audit   '@webassemblyjs/helper-api-error': [ '1.13.2' ],
200 silly audit   '@webassemblyjs/helper-buffer': [ '1.14.1' ],
200 silly audit   '@webassemblyjs/helper-numbers': [ '1.13.2' ],
200 silly audit   '@webassemblyjs/helper-wasm-bytecode': [ '1.13.2' ],
200 silly audit   '@webassemblyjs/helper-wasm-section': [ '1.14.1' ],
200 silly audit   '@webassemblyjs/ieee754': [ '1.13.2' ],
200 silly audit   '@webassemblyjs/leb128': [ '1.13.2' ],
200 silly audit   '@webassemblyjs/utf8': [ '1.13.2' ],
200 silly audit   '@webassemblyjs/wasm-edit': [ '1.14.1' ],
200 silly audit   '@webassemblyjs/wasm-gen': [ '1.14.1' ],
200 silly audit   '@webassemblyjs/wasm-opt': [ '1.14.1' ],
200 silly audit   '@webassemblyjs/wasm-parser': [ '1.14.1' ],
200 silly audit   '@webassemblyjs/wast-printer': [ '1.14.1' ],
200 silly audit   '@xtuc/ieee754': [ '1.2.0' ],
200 silly audit   '@xtuc/long': [ '4.2.2' ],
200 silly audit   abab: [ '2.0.6' ],
200 silly audit   accepts: [ '1.3.8' ],
200 silly audit   negotiator: [ '0.6.3', '0.6.4' ],
200 silly audit   acorn: [ '8.14.0', '7.4.1' ],
200 silly audit   'acorn-globals': [ '6.0.0' ],
200 silly audit   'acorn-jsx': [ '5.3.2' ],
200 silly audit   'acorn-walk': [ '7.2.0' ],
200 silly audit   address: [ '1.2.2' ],
200 silly audit   'adjust-sourcemap-loader': [ '4.0.0' ],
200 silly audit   'agent-base': [ '6.0.2' ],
200 silly audit   ajv: [ '6.12.6', '8.17.1' ],
200 silly audit   'ajv-formats': [ '2.1.1' ],
200 silly audit   'json-schema-traverse': [ '1.0.0', '0.4.1' ],
200 silly audit   'ajv-keywords': [ '3.5.2', '5.1.0' ],
200 silly audit   'ansi-escapes': [ '4.3.2' ],
200 silly audit   'ansi-html': [ '0.0.9' ],
200 silly audit   'ansi-html-community': [ '0.0.8' ],
200 silly audit   'any-promise': [ '1.3.0' ],
200 silly audit   anymatch: [ '3.1.3' ],
200 silly audit   arg: [ '5.0.2' ],
200 silly audit   'aria-query': [ '5.3.2' ],
200 silly audit   'array-buffer-byte-length': [ '1.0.2' ],
200 silly audit   'array-flatten': [ '1.1.1' ],
200 silly audit   'array-includes': [ '3.1.8' ],
200 silly audit   'array-union': [ '2.1.0' ],
200 silly audit   'array.prototype.findlast': [ '1.2.5' ],
200 silly audit   'array.prototype.findlastindex': [ '1.2.5' ],
200 silly audit   'array.prototype.flat': [ '1.3.3' ],
200 silly audit   'array.prototype.flatmap': [ '1.3.3' ],
200 silly audit   'array.prototype.reduce': [ '1.0.7' ],
200 silly audit   'array.prototype.tosorted': [ '1.1.4' ],
200 silly audit   'arraybuffer.prototype.slice': [ '1.0.4' ],
200 silly audit   asap: [ '2.0.6' ],
200 silly audit   'ast-types-flow': [ '0.0.8' ],
200 silly audit   async: [ '3.2.6' ],
200 silly audit   'async-function': [ '1.0.0' ],
200 silly audit   asynckit: [ '0.4.0' ],
200 silly audit   'at-least-node': [ '1.0.0' ],
200 silly audit   autoprefixer: [ '10.4.20' ],
200 silly audit   'available-typed-arrays': [ '1.0.7' ],
200 silly audit   'axe-core': [ '4.10.2' ],
200 silly audit   'axobject-query': [ '4.1.0' ],
200 silly audit   'babel-jest': [ '27.5.1' ],
200 silly audit   'schema-utils': [ '3.3.0', '2.7.0', '4.3.0', '2.7.1' ],
200 silly audit   'babel-plugin-istanbul': [ '6.1.1' ],
200 silly audit   'babel-plugin-jest-hoist': [ '27.5.1' ],
200 silly audit   'babel-plugin-macros': [ '3.1.0' ],
200 silly audit   'babel-plugin-named-asset-import': [ '0.3.8' ],
200 silly audit   'babel-plugin-polyfill-corejs2': [ '0.4.12' ],
200 silly audit   'babel-plugin-polyfill-corejs3': [ '0.10.6' ],
200 silly audit   'babel-plugin-polyfill-regenerator': [ '0.6.3' ],
200 silly audit   'babel-plugin-transform-react-remove-prop-types': [ '0.4.24' ],
200 silly audit   'babel-preset-current-node-syntax': [ '1.1.0' ],
200 silly audit   'babel-preset-jest': [ '27.5.1' ],
200 silly audit   'babel-preset-react-app': [ '10.0.1' ],
200 silly audit   'balanced-match': [ '1.0.2' ],
200 silly audit   batch: [ '0.6.1' ],
200 silly audit   bfj: [ '7.1.0' ],
200 silly audit   'big.js': [ '5.2.2' ],
200 silly audit   'binary-extensions': [ '2.3.0' ],
200 silly audit   bluebird: [ '3.7.2' ],
200 silly audit   'body-parser': [ '1.20.3' ],
200 silly audit   debug: [ '2.6.9', '4.4.0', '3.2.7' ],
200 silly audit   'iconv-lite': [ '0.4.24', '0.6.3' ],
200 silly audit   ms: [ '2.0.0', '2.1.3' ],
200 silly audit   'bonjour-service': [ '1.3.0' ],
200 silly audit   boolbase: [ '1.0.0' ],
200 silly audit   'brace-expansion': [ '1.1.11', '2.0.1' ],
200 silly audit   braces: [ '3.0.3' ],
200 silly audit   'browser-process-hrtime': [ '1.0.0' ],
200 silly audit   browserslist: [ '4.24.4' ],
200 silly audit   bser: [ '2.1.1' ],
200 silly audit   'buffer-from': [ '1.1.2' ],
200 silly audit   'builtin-modules': [ '3.3.0' ],
200 silly audit   bytes: [ '3.1.2' ],
200 silly audit   'call-bind': [ '1.0.8' ],
200 silly audit   'call-bind-apply-helpers': [ '1.0.1' ],
200 silly audit   'call-bound': [ '1.0.3' ],
200 silly audit   callsites: [ '3.1.0' ],
200 silly audit   'camel-case': [ '4.1.2' ],
200 silly audit   'camelcase-css': [ '2.0.1' ],
200 silly audit   'caniuse-api': [ '3.0.0' ],
200 silly audit   'caniuse-lite': [ '1.0.30001695' ],
200 silly audit   'case-sensitive-paths-webpack-plugin': [ '2.4.0' ],
200 silly audit   chalk: [ '4.1.2', '2.4.2' ],
200 silly audit   'char-regex': [ '1.0.2', '2.0.2' ],
200 silly audit   'check-types': [ '11.2.3' ],
200 silly audit   chokidar: [ '3.6.0' ],
200 silly audit   'glob-parent': [ '5.1.2', '6.0.2' ],
200 silly audit   'chrome-trace-event': [ '1.0.4' ],
200 silly audit   'ci-info': [ '3.9.0' ],
200 silly audit   'cjs-module-lexer': [ '1.4.1' ],
200 silly audit   'clean-css': [ '5.3.3' ],
200 silly audit   cliui: [ '7.0.4' ],
200 silly audit   co: [ '4.6.0' ],
200 silly audit   coa: [ '2.0.2' ],
200 silly audit   'color-convert': [ '1.9.3', '2.0.1' ],
200 silly audit   'color-name': [ '1.1.3', '1.1.4' ],
200 silly audit   'escape-string-regexp': [ '1.0.5', '4.0.0', '2.0.0' ],
200 silly audit   'has-flag': [ '3.0.0', '4.0.0' ],
200 silly audit   'supports-color': [ '5.5.0', '8.1.1', '7.2.0' ],
200 silly audit   'collect-v8-coverage': [ '1.0.2' ],
200 silly audit   colord: [ '2.9.3' ],
200 silly audit   colorette: [ '2.0.20' ],
200 silly audit   'combined-stream': [ '1.0.8' ],
200 silly audit   commander: [ '8.3.0', '7.2.0', '4.1.1', '2.20.3', '10.0.1' ],
200 silly audit   'common-tags': [ '1.8.2' ],
200 silly audit   compressible: [ '2.0.18' ],
200 silly audit   compression: [ '1.7.5' ],
200 silly audit   'concat-map': [ '0.0.1' ],
200 silly audit   'confusing-browser-globals': [ '1.0.11' ],
200 silly audit   'connect-history-api-fallback': [ '2.0.0' ],
200 silly audit   'content-disposition': [ '0.5.4' ],
200 silly audit   'content-type': [ '1.0.5' ],
200 silly audit   cookie: [ '0.7.1' ],
200 silly audit   'cookie-signature': [ '1.0.6' ],
200 silly audit   'core-js': [ '3.40.0' ],
200 silly audit   'core-js-compat': [ '3.40.0' ],
200 silly audit   'core-js-pure': [ '3.40.0' ],
200 silly audit   'core-util-is': [ '1.0.3' ],
200 silly audit   cosmiconfig: [ '7.1.0', '6.0.0' ],
200 silly audit   'cra-template': [ '1.2.0' ],
200 silly audit   'cross-spawn': [ '7.0.6' ],
200 silly audit   'crypto-random-string': [ '2.0.0' ],
200 silly audit   'css-blank-pseudo': [ '3.0.3' ],
200 silly audit   'css-declaration-sorter': [ '6.4.1' ],
200 silly audit   'css-has-pseudo': [ '3.0.4' ],
200 silly audit   'css-loader': [ '6.11.0' ],
200 silly audit   'css-minimizer-webpack-plugin': [ '3.4.1' ],
200 silly audit   'css-prefers-color-scheme': [ '6.0.3' ],
200 silly audit   'css-select': [ '4.3.0', '2.1.0' ],
200 silly audit   'css-select-base-adapter': [ '0.1.1' ],
200 silly audit   'css-tree': [ '1.0.0-alpha.37', '1.1.3' ],
200 silly audit   'css-what': [ '6.1.0', '3.4.2' ],
200 silly audit   cssdb: [ '7.11.2' ],
200 silly audit   cssesc: [ '3.0.0' ],
200 silly audit   cssnano: [ '5.1.15' ],
200 silly audit   'cssnano-preset-default': [ '5.2.14' ],
200 silly audit   'cssnano-utils': [ '3.1.0' ],
200 silly audit   csso: [ '4.2.0' ],
200 silly audit   'mdn-data': [ '2.0.14', '2.0.4' ],
200 silly audit   cssom: [ '0.4.4', '0.3.8' ],
200 silly audit   cssstyle: [ '2.3.0' ],
200 silly audit   'damerau-levenshtein': [ '1.0.8' ],
200 silly audit   'data-urls': [ '2.0.0' ],
200 silly audit   'data-view-buffer': [ '1.0.2' ],
200 silly audit   'data-view-byte-length': [ '1.0.2' ],
200 silly audit   'data-view-byte-offset': [ '1.0.1' ],
200 silly audit   'decimal.js': [ '10.5.0' ],
200 silly audit   dedent: [ '0.7.0' ],
200 silly audit   'deep-is': [ '0.1.4' ],
200 silly audit   deepmerge: [ '4.3.1' ],
200 silly audit   'default-gateway': [ '6.0.3' ],
200 silly audit   'define-data-property': [ '1.1.4' ],
200 silly audit   'define-lazy-prop': [ '2.0.0' ],
200 silly audit   'define-properties': [ '1.2.1' ],
200 silly audit   'delayed-stream': [ '1.0.0' ],
200 silly audit   depd: [ '2.0.0', '1.1.2' ],
200 silly audit   destroy: [ '1.2.0' ],
200 silly audit   'detect-newline': [ '3.1.0' ],
200 silly audit   'detect-node': [ '2.1.0' ],
200 silly audit   'detect-port-alt': [ '1.1.6' ],
200 silly audit   didyoumean: [ '1.2.2' ],
200 silly audit   'diff-sequences': [ '27.5.1' ],
200 silly audit   'dir-glob': [ '3.0.1' ],
200 silly audit   dlv: [ '1.1.3' ],
200 silly audit   'dns-packet': [ '5.6.1' ],
200 silly audit   doctrine: [ '3.0.0', '2.1.0' ],
200 silly audit   'dom-converter': [ '0.2.0' ],
200 silly audit   'dom-serializer': [ '1.4.1', '0.2.2' ],
200 silly audit   domelementtype: [ '2.3.0', '1.3.1' ],
200 silly audit   domexception: [ '2.0.1' ],
200 silly audit   'webidl-conversions': [ '5.0.0', '6.1.0', '4.0.2' ],
200 silly audit   domhandler: [ '4.3.1' ],
200 silly audit   domutils: [ '2.8.0', '1.7.0' ],
200 silly audit   'dot-case': [ '3.0.4' ],
200 silly audit   dotenv: [ '10.0.0' ],
200 silly audit   'dotenv-expand': [ '5.1.0' ],
200 silly audit   'dunder-proto': [ '1.0.1' ],
200 silly audit   duplexer: [ '0.1.2' ],
200 silly audit   eastasianwidth: [ '0.2.0' ],
200 silly audit   'ee-first': [ '1.1.1' ],
200 silly audit   ejs: [ '3.1.10' ],
200 silly audit   'electron-to-chromium': [ '1.5.87' ],
200 silly audit   emittery: [ '0.8.1', '0.10.2' ],
200 silly audit   'emoji-regex': [ '9.2.2', '8.0.0' ],
200 silly audit   'emojis-list': [ '3.0.0' ],
200 silly audit   encodeurl: [ '2.0.0', '1.0.2' ],
200 silly audit   'enhanced-resolve': [ '5.18.0' ],
200 silly audit   entities: [ '2.2.0' ],
200 silly audit   'error-ex': [ '1.3.2' ],
200 silly audit   'error-stack-parser': [ '2.1.4' ],
200 silly audit   'es-abstract': [ '1.23.9' ],
200 silly audit   'es-array-method-boxes-properly': [ '1.0.0' ],
200 silly audit   'es-define-property': [ '1.0.1' ],
200 silly audit   'es-errors': [ '1.3.0' ],
200 silly audit   'es-iterator-helpers': [ '1.2.1' ],
200 silly audit   'es-module-lexer': [ '1.6.0' ],
200 silly audit   'es-object-atoms': [ '1.1.1' ],
200 silly audit   'es-set-tostringtag': [ '2.1.0' ],
200 silly audit   'es-shim-unscopables': [ '1.0.2' ],
200 silly audit   'es-to-primitive': [ '1.3.0' ],
200 silly audit   escalade: [ '3.2.0' ],
200 silly audit   'escape-html': [ '1.0.3' ],
200 silly audit   escodegen: [ '2.1.0', '1.14.3' ],
200 silly audit   eslint: [ '8.57.1' ],
200 silly audit   'eslint-config-react-app': [ '7.0.1' ],
200 silly audit   'eslint-import-resolver-node': [ '0.3.9' ],
200 silly audit   'eslint-module-utils': [ '2.12.0' ],
200 silly audit   'eslint-plugin-flowtype': [ '8.0.3' ],
200 silly audit   'eslint-plugin-import': [ '2.31.0' ],
200 silly audit   'eslint-plugin-jest': [ '25.7.0' ],
200 silly audit   'eslint-plugin-jsx-a11y': [ '6.10.2' ],
200 silly audit   'eslint-plugin-react': [ '7.37.4' ],
200 silly audit   'eslint-plugin-react-hooks': [ '4.6.2' ],
200 silly audit   resolve: [ '2.0.0-next.5', '1.22.10' ],
200 silly audit   'eslint-plugin-testing-library': [ '5.11.1' ],
200 silly audit   'eslint-webpack-plugin': [ '3.2.0' ],
200 silly audit   'jest-worker': [ '28.1.3', '27.5.1', '26.6.2' ],
200 silly audit   'find-up': [ '5.0.0', '4.1.0', '3.0.0', '6.3.0' ],
200 silly audit   'locate-path': [ '6.0.0', '5.0.0', '3.0.0', '7.2.0' ],
200 silly audit   'p-limit': [ '3.1.0', '2.3.0', '4.0.0' ],
200 silly audit   'p-locate': [ '5.0.0', '4.1.0', '3.0.0', '6.0.0' ],
200 silly audit   espree: [ '9.6.1' ],
200 silly audit   esprima: [ '4.0.1', '1.2.2' ],
200 silly audit   esquery: [ '1.6.0' ],
200 silly audit   esrecurse: [ '4.3.0' ],
200 silly audit   'estree-walker': [ '1.0.1' ],
200 silly audit   esutils: [ '2.0.3' ],
200 silly audit   etag: [ '1.8.1' ],
200 silly audit   eventemitter3: [ '4.0.7' ],
200 silly audit   events: [ '3.3.0' ],
200 silly audit   execa: [ '5.1.1' ],
200 silly audit   exit: [ '0.1.2' ],
200 silly audit   expect: [ '27.5.1' ],
200 silly audit   express: [ '4.21.2' ],
200 silly audit   'fast-deep-equal': [ '3.1.3' ],
200 silly audit   'fast-glob': [ '3.3.3' ],
200 silly audit   'fast-json-stable-stringify': [ '2.1.0' ],
200 silly audit   'fast-levenshtein': [ '2.0.6' ],
200 silly audit   'fast-uri': [ '3.0.6' ],
200 silly audit   fastq: [ '1.18.0' ],
200 silly audit   'faye-websocket': [ '0.11.4' ],
200 silly audit   'fb-watchman': [ '2.0.2' ],
200 silly audit   'file-entry-cache': [ '6.0.1' ],
200 silly audit   'file-loader': [ '6.2.0' ],
200 silly audit   filelist: [ '1.0.4' ],
200 silly audit   minimatch: [ '5.1.6', '3.1.2', '9.0.5' ],
200 silly audit   filesize: [ '8.0.7' ],
200 silly audit   'fill-range': [ '7.1.1' ],
200 silly audit   finalhandler: [ '1.3.1' ],
200 silly audit   'flat-cache': [ '3.2.0' ],
200 silly audit   flatted: [ '3.3.2' ],
200 silly audit   'follow-redirects': [ '1.15.9' ],
200 silly audit   'for-each': [ '0.3.4' ],
200 silly audit   'foreground-child': [ '3.3.0' ],
200 silly audit   'signal-exit': [ '4.1.0', '3.0.7' ],
200 silly audit   'fork-ts-checker-webpack-plugin': [ '6.5.3' ],
200 silly audit   'fs-extra': [ '9.1.0', '10.1.0' ],
200 silly audit   tapable: [ '1.1.3', '2.2.1' ],
200 silly audit   'form-data': [ '3.0.2' ],
200 silly audit   forwarded: [ '0.2.0' ],
200 silly audit   'fraction.js': [ '4.3.7' ],
200 silly audit   fresh: [ '0.5.2' ],
200 silly audit   'fs-monkey': [ '1.0.6' ],
200 silly audit   'fs.realpath': [ '1.0.0' ],
200 silly audit   fsevents: [ '2.3.3' ],
200 silly audit   'function-bind': [ '1.1.2' ],
200 silly audit   'function.prototype.name': [ '1.1.8' ],
200 silly audit   'functions-have-names': [ '1.2.3' ],
200 silly audit   gensync: [ '1.0.0-beta.2' ],
200 silly audit   'get-caller-file': [ '2.0.5' ],
200 silly audit   'get-intrinsic': [ '1.2.7' ],
200 silly audit   'get-own-enumerable-property-symbols': [ '3.0.2' ],
200 silly audit   'get-package-type': [ '0.1.0' ],
200 silly audit   'get-proto': [ '1.0.1' ],
200 silly audit   'get-stream': [ '6.0.1' ],
200 silly audit   'get-symbol-description': [ '1.1.0' ],
200 silly audit   glob: [ '7.2.3', '10.4.5' ],
200 silly audit   'glob-to-regexp': [ '0.4.1' ],
200 silly audit   'global-modules': [ '2.0.0' ],
200 silly audit   'global-prefix': [ '3.0.0' ],
200 silly audit   which: [ '1.3.1', '2.0.2' ],
200 silly audit   globalthis: [ '1.0.4' ],
200 silly audit   globby: [ '11.1.0' ],
200 silly audit   gopd: [ '1.2.0' ],
200 silly audit   'graceful-fs': [ '4.2.11' ],
200 silly audit   graphemer: [ '1.4.0' ],
200 silly audit   'gzip-size': [ '6.0.0' ],
200 silly audit   'handle-thing': [ '2.0.1' ],
200 silly audit   'harmony-reflect': [ '1.6.2' ],
200 silly audit   'has-bigints': [ '1.1.0' ],
200 silly audit   'has-property-descriptors': [ '1.0.2' ],
200 silly audit   'has-proto': [ '1.2.0' ],
200 silly audit   'has-symbols': [ '1.1.0' ],
200 silly audit   'has-tostringtag': [ '1.0.2' ],
200 silly audit   hasown: [ '2.0.2' ],
200 silly audit   he: [ '1.2.0' ],
200 silly audit   hoopy: [ '0.1.4' ],
200 silly audit   'hpack.js': [ '2.1.6' ],
200 silly audit   isarray: [ '1.0.0', '2.0.5' ],
200 silly audit   'readable-stream': [ '2.3.8', '3.6.2' ],
200 silly audit   'safe-buffer': [ '5.1.2', '5.2.1' ],
200 silly audit   string_decoder: [ '1.1.1', '1.3.0' ],
200 silly audit   'html-encoding-sniffer': [ '2.0.1' ],
200 silly audit   'html-entities': [ '2.5.2' ],
200 silly audit   'html-escaper': [ '2.0.2' ],
200 silly audit   'html-minifier-terser': [ '6.1.0' ],
200 silly audit   'html-webpack-plugin': [ '5.6.3' ],
200 silly audit   htmlparser2: [ '6.1.0' ],
200 silly audit   'http-deceiver': [ '1.2.7' ],
200 silly audit   'http-errors': [ '2.0.0', '1.6.3' ],
200 silly audit   'http-parser-js': [ '0.5.9' ],
200 silly audit   'http-proxy': [ '1.18.1' ],
200 silly audit   'http-proxy-agent': [ '4.0.1' ],
200 silly audit   'http-proxy-middleware': [ '2.0.7' ],
200 silly audit   'https-proxy-agent': [ '5.0.1' ],
200 silly audit   'human-signals': [ '2.1.0' ],
200 silly audit   'icss-utils': [ '5.1.0' ],
200 silly audit   idb: [ '7.1.1' ],
200 silly audit   'identity-obj-proxy': [ '3.0.0' ],
200 silly audit   ignore: [ '5.3.2' ],
200 silly audit   immer: [ '9.0.21' ],
200 silly audit   'import-fresh': [ '3.3.0' ],
200 silly audit   'resolve-from': [ '4.0.0', '5.0.0' ],
200 silly audit   'import-local': [ '3.2.0' ],
200 silly audit   imurmurhash: [ '0.1.4' ],
200 silly audit   inflight: [ '1.0.6' ],
200 silly audit   inherits: [ '2.0.4', '2.0.3' ],
200 silly audit   ini: [ '1.3.8' ],
200 silly audit   'internal-slot': [ '1.1.0' ],
200 silly audit   'ipaddr.js': [ '2.2.0', '1.9.1' ],
200 silly audit   'is-array-buffer': [ '3.0.5' ],
200 silly audit   'is-arrayish': [ '0.2.1' ],
200 silly audit   'is-async-function': [ '2.1.1' ],
200 silly audit   'is-bigint': [ '1.1.0' ],
200 silly audit   'is-binary-path': [ '2.1.0' ],
200 silly audit   'is-boolean-object': [ '1.2.1' ],
200 silly audit   'is-callable': [ '1.2.7' ],
200 silly audit   'is-core-module': [ '2.16.1' ],
200 silly audit   'is-data-view': [ '1.0.2' ],
200 silly audit   'is-date-object': [ '1.1.0' ],
200 silly audit   'is-docker': [ '2.2.1' ],
200 silly audit   'is-extglob': [ '2.1.1' ],
200 silly audit   'is-finalizationregistry': [ '1.1.1' ],
200 silly audit   'is-fullwidth-code-point': [ '3.0.0' ],
200 silly audit   'is-generator-fn': [ '2.1.0' ],
200 silly audit   'is-generator-function': [ '1.1.0' ],
200 silly audit   'is-glob': [ '4.0.3' ],
200 silly audit   'is-map': [ '2.0.3' ],
200 silly audit   'is-module': [ '1.0.0' ],
200 silly audit   'is-number': [ '7.0.0' ],
200 silly audit   'is-number-object': [ '1.1.1' ],
200 silly audit   'is-obj': [ '1.0.1' ],
200 silly audit   'is-path-inside': [ '3.0.3' ],
200 silly audit   'is-plain-obj': [ '3.0.0' ],
200 silly audit   'is-potential-custom-element-name': [ '1.0.1' ],
200 silly audit   'is-regex': [ '1.2.1' ],
200 silly audit   'is-regexp': [ '1.0.0' ],
200 silly audit   'is-root': [ '2.1.0' ],
200 silly audit   'is-set': [ '2.0.3' ],
200 silly audit   'is-shared-array-buffer': [ '1.0.4' ],
200 silly audit   'is-stream': [ '2.0.1' ],
200 silly audit   'is-string': [ '1.1.1' ],
200 silly audit   'is-symbol': [ '1.1.1' ],
200 silly audit   'is-typed-array': [ '1.1.15' ],
200 silly audit   'is-typedarray': [ '1.0.0' ],
200 silly audit   'is-weakmap': [ '2.0.2' ],
200 silly audit   'is-weakref': [ '1.1.0' ],
200 silly audit   'is-weakset': [ '2.0.4' ],
200 silly audit   'is-wsl': [ '2.2.0' ],
200 silly audit   isexe: [ '2.0.0' ],
200 silly audit   'istanbul-lib-coverage': [ '3.2.2' ],
200 silly audit   'istanbul-lib-instrument': [ '5.2.1' ],
200 silly audit   'istanbul-lib-report': [ '3.0.1' ],
200 silly audit   'make-dir': [ '4.0.0', '3.1.0' ],
200 silly audit   'istanbul-lib-source-maps': [ '4.0.1' ],
200 silly audit   'istanbul-reports': [ '3.1.7' ],
200 silly audit   'iterator.prototype': [ '1.1.5' ],
200 silly audit   jackspeak: [ '3.4.3' ],
200 silly audit   jake: [ '10.9.2' ],
200 silly audit   jest: [ '27.5.1' ],
200 silly audit   'jest-changed-files': [ '27.5.1' ],
200 silly audit   'jest-circus': [ '27.5.1' ],
200 silly audit   'jest-cli': [ '27.5.1' ],
200 silly audit   'jest-config': [ '27.5.1' ],
200 silly audit   'jest-diff': [ '27.5.1' ],
200 silly audit   'jest-docblock': [ '27.5.1' ],
200 silly audit   'jest-each': [ '27.5.1' ],
200 silly audit   'jest-environment-jsdom': [ '27.5.1' ],
200 silly audit   'jest-environment-node': [ '27.5.1' ],
200 silly audit   'jest-get-type': [ '27.5.1' ],
200 silly audit   'jest-haste-map': [ '27.5.1' ],
200 silly audit   'jest-jasmine2': [ '27.5.1' ],
200 silly audit   'jest-leak-detector': [ '27.5.1' ],
200 silly audit   'jest-matcher-utils': [ '27.5.1' ],
200 silly audit   'jest-message-util': [ '27.5.1', '28.1.3' ],
200 silly audit   'jest-mock': [ '27.5.1' ],
200 silly audit   'jest-pnp-resolver': [ '1.2.3' ],
200 silly audit   'jest-regex-util': [ '27.5.1', '28.0.2' ],
200 silly audit   'jest-resolve': [ '27.5.1' ],
200 silly audit   'jest-resolve-dependencies': [ '27.5.1' ],
200 silly audit   'jest-runner': [ '27.5.1' ],
200 silly audit   'jest-runtime': [ '27.5.1' ],
200 silly audit   'jest-serializer': [ '27.5.1' ],
200 silly audit   'jest-snapshot': [ '27.5.1' ],
200 silly audit   'jest-util': [ '27.5.1', '28.1.3' ],
200 silly audit   'jest-validate': [ '27.5.1' ],
200 silly audit   'jest-watch-typeahead': [ '1.1.0' ],
200 silly audit   slash: [ '3.0.0', '4.0.0' ],
200 silly audit   'jest-watcher': [ '28.1.3', '27.5.1' ],
200 silly audit   'string-length': [ '4.0.2', '5.0.1' ],
200 silly audit   'pretty-format': [ '28.1.3', '27.5.1' ],
200 silly audit   'react-is': [ '18.3.1', '16.13.1', '17.0.2' ],
200 silly audit   jiti: [ '1.21.7' ],
200 silly audit   'js-tokens': [ '4.0.0' ],
200 silly audit   jsdom: [ '16.7.0' ],
200 silly audit   jsesc: [ '3.1.0', '3.0.2' ],
200 silly audit   'json-buffer': [ '3.0.1' ],
200 silly audit   'json-parse-even-better-errors': [ '2.3.1' ],
200 silly audit   'json-schema': [ '0.4.0' ],
200 silly audit   'json-stable-stringify-without-jsonify': [ '1.0.1' ],
200 silly audit   json5: [ '2.2.3', '1.0.2' ],
200 silly audit   jsonfile: [ '6.1.0' ],
200 silly audit   jsonpath: [ '1.1.1' ],
200 silly audit   jsonpointer: [ '5.0.1' ],
200 silly audit   'jsx-ast-utils': [ '3.3.5' ],
200 silly audit   keyv: [ '4.5.4' ],
200 silly audit   'kind-of': [ '6.0.3' ],
200 silly audit   kleur: [ '3.0.3' ],
200 silly audit   klona: [ '2.0.6' ],
200 silly audit   'language-subtag-registry': [ '0.3.23' ],
200 silly audit   'language-tags': [ '1.0.9' ],
200 silly audit   'launch-editor': [ '2.9.1' ],
200 silly audit   leven: [ '3.1.0' ],
200 silly audit   levn: [ '0.4.1', '0.3.0' ],
200 silly audit   lilconfig: [ '2.1.0', '3.1.3' ],
200 silly audit   'lines-and-columns': [ '1.2.4' ],
200 silly audit   'loader-runner': [ '4.3.0' ],
200 silly audit   'loader-utils': [ '2.0.4', '3.3.1' ],
200 silly audit   lodash: [ '4.17.21' ],
200 silly audit   'lodash.debounce': [ '4.0.8' ],
200 silly audit   'lodash.memoize': [ '4.1.2' ],
200 silly audit   'lodash.merge': [ '4.6.2' ],
200 silly audit   'lodash.sortby': [ '4.7.0' ],
200 silly audit   'lodash.uniq': [ '4.5.0' ],
200 silly audit   'loose-envify': [ '1.4.0' ],
200 silly audit   'lower-case': [ '2.0.2' ],
200 silly audit   'lru-cache': [ '5.1.1', '10.4.3' ],
200 silly audit   'magic-string': [ '0.25.9' ],
200 silly audit   makeerror: [ '1.0.12' ],
200 silly audit   'math-intrinsics': [ '1.1.0' ],
200 silly audit   'media-typer': [ '0.3.0' ],
200 silly audit   memfs: [ '3.5.3' ],
200 silly audit   'merge-descriptors': [ '1.0.3' ],
200 silly audit   'merge-stream': [ '2.0.0' ],
200 silly audit   merge2: [ '1.4.1' ],
200 silly audit   methods: [ '1.1.2' ],
200 silly audit   micromatch: [ '4.0.8' ],
200 silly audit   mime: [ '1.6.0' ],
200 silly audit   'mime-db': [ '1.52.0' ],
200 silly audit   'mime-types': [ '2.1.35' ],
200 silly audit   'mimic-fn': [ '2.1.0' ],
200 silly audit   'mini-css-extract-plugin': [ '2.9.2' ],
200 silly audit   'minimalistic-assert': [ '1.0.1' ],
200 silly audit   minimist: [ '1.2.8' ],
200 silly audit   minipass: [ '7.1.2' ],
200 silly audit   mkdirp: [ '0.5.6' ],
200 silly audit   'multicast-dns': [ '7.2.5' ],
200 silly audit   mz: [ '2.7.0' ],
200 silly audit   nanoid: [ '3.3.8' ],
200 silly audit   'natural-compare': [ '1.4.0' ],
200 silly audit   'natural-compare-lite': [ '1.4.0' ],
200 silly audit   'neo-async': [ '2.6.2' ],
200 silly audit   'no-case': [ '3.0.4' ],
200 silly audit   'node-forge': [ '1.3.1' ],
200 silly audit   'node-int64': [ '0.4.0' ],
200 silly audit   'node-releases': [ '2.0.19' ],
200 silly audit   'normalize-path': [ '3.0.0' ],
200 silly audit   'normalize-range': [ '0.1.2' ],
200 silly audit   'normalize-url': [ '6.1.0' ],
200 silly audit   'npm-run-path': [ '4.0.1' ],
200 silly audit   'nth-check': [ '2.1.1', '1.0.2' ],
200 silly audit   nwsapi: [ '2.2.16' ],
200 silly audit   'object-assign': [ '4.1.1' ],
200 silly audit   'object-hash': [ '3.0.0' ],
200 silly audit   'object-inspect': [ '1.13.3' ],
200 silly audit   'object-keys': [ '1.1.1' ],
200 silly audit   'object.assign': [ '4.1.7' ],
200 silly audit   'object.entries': [ '1.1.8' ],
200 silly audit   'object.fromentries': [ '2.0.8' ],
200 silly audit   'object.getownpropertydescriptors': [ '2.1.8' ],
200 silly audit   'object.groupby': [ '1.0.3' ],
200 silly audit   'object.values': [ '1.2.1' ],
200 silly audit   obuf: [ '1.1.2' ],
200 silly audit   'on-finished': [ '2.4.1' ],
200 silly audit   'on-headers': [ '1.0.2' ],
200 silly audit   once: [ '1.4.0' ],
200 silly audit   onetime: [ '5.1.2' ],
200 silly audit   open: [ '8.4.2' ],
200 silly audit   optionator: [ '0.9.4', '0.8.3' ],
200 silly audit   'own-keys': [ '1.0.1' ],
200 silly audit   'p-retry': [ '4.6.2' ],
200 silly audit   'p-try': [ '2.2.0' ],
200 silly audit   'package-json-from-dist': [ '1.0.1' ],
200 silly audit   'param-case': [ '3.0.4' ],
200 silly audit   'parent-module': [ '1.0.1' ],
200 silly audit   'parse-json': [ '5.2.0' ],
200 silly audit   parse5: [ '6.0.1' ],
200 silly audit   parseurl: [ '1.3.3' ],
200 silly audit   'pascal-case': [ '3.1.2' ],
200 silly audit   'path-exists': [ '4.0.0', '3.0.0', '5.0.0' ],
200 silly audit   'path-is-absolute': [ '1.0.1' ],
200 silly audit   'path-key': [ '3.1.1' ],
200 silly audit   'path-parse': [ '1.0.7' ],
200 silly audit   'path-scurry': [ '1.11.1' ],
200 silly audit   'path-to-regexp': [ '0.1.12' ],
200 silly audit   'path-type': [ '4.0.0' ],
200 silly audit   'performance-now': [ '2.1.0' ],
200 silly audit   picocolors: [ '1.1.1', '0.2.1' ],
200 silly audit   picomatch: [ '2.3.1' ],
200 silly audit   pify: [ '2.3.0' ],
200 silly audit   pirates: [ '4.0.6' ],
200 silly audit   'pkg-dir': [ '4.2.0', '7.0.0' ],
200 silly audit   'pkg-up': [ '3.1.0' ],
200 silly audit   'possible-typed-array-names': [ '1.0.0' ],
200 silly audit   postcss: [ '8.5.1', '7.0.39' ],
200 silly audit   'postcss-attribute-case-insensitive': [ '5.0.2' ],
200 silly audit   'postcss-browser-comments': [ '4.0.0' ],
200 silly audit   'postcss-calc': [ '8.2.4' ],
200 silly audit   'postcss-clamp': [ '4.1.0' ],
200 silly audit   'postcss-color-functional-notation': [ '4.2.4' ],
200 silly audit   'postcss-color-hex-alpha': [ '8.0.4' ],
200 silly audit   'postcss-color-rebeccapurple': [ '7.1.1' ],
200 silly audit   'postcss-colormin': [ '5.3.1' ],
200 silly audit   'postcss-convert-values': [ '5.1.3' ],
200 silly audit   'postcss-custom-media': [ '8.0.2' ],
200 silly audit   'postcss-custom-properties': [ '12.1.11' ],
200 silly audit   'postcss-custom-selectors': [ '6.0.3' ],
200 silly audit   'postcss-dir-pseudo-class': [ '6.0.5' ],
200 silly audit   'postcss-discard-comments': [ '5.1.2' ],
200 silly audit   'postcss-discard-duplicates': [ '5.1.0' ],
200 silly audit   'postcss-discard-empty': [ '5.1.1' ],
200 silly audit   'postcss-discard-overridden': [ '5.1.0' ],
200 silly audit   'postcss-double-position-gradients': [ '3.1.2' ],
200 silly audit   'postcss-env-function': [ '4.0.6' ],
200 silly audit   'postcss-flexbugs-fixes': [ '5.0.2' ],
200 silly audit   'postcss-focus-visible': [ '6.0.4' ],
200 silly audit   'postcss-focus-within': [ '5.0.4' ],
200 silly audit   'postcss-font-variant': [ '5.0.0' ],
200 silly audit   'postcss-gap-properties': [ '3.0.5' ],
200 silly audit   'postcss-image-set-function': [ '4.0.7' ],
200 silly audit   'postcss-import': [ '15.1.0' ],
200 silly audit   'postcss-initial': [ '4.0.1' ],
200 silly audit   'postcss-js': [ '4.0.1' ],
200 silly audit   'postcss-lab-function': [ '4.2.1' ],
200 silly audit   'postcss-load-config': [ '4.0.2' ],
200 silly audit   yaml: [ '2.7.0', '1.10.2' ],
200 silly audit   'postcss-loader': [ '6.2.1' ],
200 silly audit   'postcss-logical': [ '5.0.4' ],
200 silly audit   'postcss-media-minmax': [ '5.0.0' ],
200 silly audit   'postcss-merge-longhand': [ '5.1.7' ],
200 silly audit   'postcss-merge-rules': [ '5.1.4' ],
200 silly audit   'postcss-minify-font-values': [ '5.1.0' ],
200 silly audit   'postcss-minify-gradients': [ '5.1.1' ],
200 silly audit   'postcss-minify-params': [ '5.1.4' ],
200 silly audit   'postcss-minify-selectors': [ '5.2.1' ],
200 silly audit   'postcss-modules-extract-imports': [ '3.1.0' ],
200 silly audit   'postcss-modules-local-by-default': [ '4.2.0' ],
200 silly audit   'postcss-selector-parser': [ '7.0.0', '6.1.2' ],
200 silly audit   'postcss-modules-scope': [ '3.2.1' ],
200 silly audit   'postcss-modules-values': [ '4.0.0' ],
200 silly audit   'postcss-nested': [ '6.2.0' ],
200 silly audit   'postcss-nesting': [ '10.2.0' ],
200 silly audit   'postcss-normalize': [ '10.0.1' ],
200 silly audit   'postcss-normalize-charset': [ '5.1.0' ],
200 silly audit   'postcss-normalize-display-values': [ '5.1.0' ],
200 silly audit   'postcss-normalize-positions': [ '5.1.1' ],
200 silly audit   'postcss-normalize-repeat-style': [ '5.1.1' ],
200 silly audit   'postcss-normalize-string': [ '5.1.0' ],
200 silly audit   'postcss-normalize-timing-functions': [ '5.1.0' ],
200 silly audit   'postcss-normalize-unicode': [ '5.1.1' ],
200 silly audit   'postcss-normalize-url': [ '5.1.0' ],
200 silly audit   'postcss-normalize-whitespace': [ '5.1.1' ],
200 silly audit   'postcss-opacity-percentage': [ '1.1.3' ],
200 silly audit   'postcss-ordered-values': [ '5.1.3' ],
200 silly audit   'postcss-overflow-shorthand': [ '3.0.4' ],
200 silly audit   'postcss-page-break': [ '3.0.4' ],
200 silly audit   'postcss-place': [ '7.0.5' ],
200 silly audit   'postcss-preset-env': [ '7.8.3' ],
200 silly audit   'postcss-pseudo-class-any-link': [ '7.1.6' ],
200 silly audit   'postcss-reduce-initial': [ '5.1.2' ],
200 silly audit   'postcss-reduce-transforms': [ '5.1.0' ],
200 silly audit   'postcss-replace-overflow-wrap': [ '4.0.0' ],
200 silly audit   'postcss-selector-not': [ '6.0.1' ],
200 silly audit   'postcss-svgo': [ '5.1.0' ],
200 silly audit   svgo: [ '2.8.0', '1.3.2' ],
200 silly audit   'postcss-unique-selectors': [ '5.1.1' ],
200 silly audit   'postcss-value-parser': [ '4.2.0' ],
200 silly audit   'prelude-ls': [ '1.2.1', '1.1.2' ],
200 silly audit   'pretty-bytes': [ '5.6.0' ],
200 silly audit   'pretty-error': [ '4.0.0' ],
200 silly audit   'process-nextick-args': [ '2.0.1' ],
200 silly audit   promise: [ '8.3.0' ],
200 silly audit   prompts: [ '2.4.2' ],
200 silly audit   'prop-types': [ '15.8.1' ],
200 silly audit   'proxy-addr': [ '2.0.7' ],
200 silly audit   psl: [ '1.15.0' ],
200 silly audit   punycode: [ '2.3.1' ],
200 silly audit   q: [ '1.5.1' ],
200 silly audit   qs: [ '6.13.0' ],
200 silly audit   querystringify: [ '2.2.0' ],
200 silly audit   'queue-microtask': [ '1.2.3' ],
200 silly audit   raf: [ '3.4.1' ],
200 silly audit   randombytes: [ '2.1.0' ],
200 silly audit   'range-parser': [ '1.2.1' ],
200 silly audit   'raw-body': [ '2.5.2' ],
200 silly audit   react: [ '18.3.1' ],
200 silly audit   'react-app-polyfill': [ '3.0.0' ],
200 silly audit   'regenerator-runtime': [ '0.13.11', '0.14.1' ],
200 silly audit   'react-dev-utils': [ '12.0.1' ],
200 silly audit   'react-dom': [ '18.3.1' ],
200 silly audit   'react-error-overlay': [ '6.0.11' ],
200 silly audit   'react-refresh': [ '0.11.0' ],
200 silly audit   'react-scripts': [ '5.0.1' ],
200 silly audit   'read-cache': [ '1.0.0' ],
200 silly audit   readdirp: [ '3.6.0' ],
200 silly audit   'recursive-readdir': [ '2.2.3' ],
200 silly audit   'reflect.getprototypeof': [ '1.0.10' ],
200 silly audit   regenerate: [ '1.4.2' ],
200 silly audit   'regenerate-unicode-properties': [ '10.2.0' ],
200 silly audit   'regenerator-transform': [ '0.15.2' ],
200 silly audit   'regex-parser': [ '2.3.0' ],
200 silly audit   'regexp.prototype.flags': [ '1.5.4' ],
200 silly audit   'regexpu-core': [ '6.2.0' ],
200 silly audit   regjsgen: [ '0.8.0' ],
200 silly audit   regjsparser: [ '0.12.0' ],
200 silly audit   relateurl: [ '0.2.7' ],
200 silly audit   renderkid: [ '3.0.0' ],
200 silly audit   'require-directory': [ '2.1.1' ],
200 silly audit   'require-from-string': [ '2.0.2' ],
200 silly audit   'requires-port': [ '1.0.0' ],
200 silly audit   'resolve-cwd': [ '3.0.0' ],
200 silly audit   'resolve-url-loader': [ '4.0.0' ],
200 silly audit   'resolve.exports': [ '1.1.1' ],
200 silly audit   retry: [ '0.13.1' ],
200 silly audit   reusify: [ '1.0.4' ],
200 silly audit   rimraf: [ '3.0.2' ],
200 silly audit   rollup: [ '2.79.2' ],
200 silly audit   'rollup-plugin-terser': [ '7.0.2' ],
200 silly audit   'serialize-javascript': [ '4.0.0', '6.0.2' ],
200 silly audit   'run-parallel': [ '1.2.0' ],
200 silly audit   'safe-array-concat': [ '1.1.3' ],
200 silly audit   'safe-push-apply': [ '1.0.0' ],
200 silly audit   'safe-regex-test': [ '1.1.0' ],
200 silly audit   'safer-buffer': [ '2.1.2' ],
200 silly audit   'sanitize.css': [ '13.0.0' ],
200 silly audit   'sass-loader': [ '12.6.0' ],
200 silly audit   sax: [ '1.2.4' ],
200 silly audit   saxes: [ '5.0.1' ],
200 silly audit   scheduler: [ '0.23.2' ],
200 silly audit   'select-hose': [ '2.0.0' ],
200 silly audit   selfsigned: [ '2.4.1' ],
200 silly audit   send: [ '0.19.0' ],
200 silly audit   'serve-index': [ '1.9.1' ],
200 silly audit   setprototypeof: [ '1.1.0', '1.2.0' ],
200 silly audit   statuses: [ '1.5.0', '2.0.1' ],
200 silly audit   'serve-static': [ '1.16.2' ],
200 silly audit   'set-function-length': [ '1.2.2' ],
200 silly audit   'set-function-name': [ '2.0.2' ],
200 silly audit   'set-proto': [ '1.0.0' ],
200 silly audit   'shebang-command': [ '2.0.0' ],
200 silly audit   'shebang-regex': [ '3.0.0' ],
200 silly audit   'shell-quote': [ '1.8.2' ],
200 silly audit   'side-channel': [ '1.1.0' ],
200 silly audit   'side-channel-list': [ '1.0.0' ],
200 silly audit   'side-channel-map': [ '1.0.1' ],
200 silly audit   'side-channel-weakmap': [ '1.0.2' ],
200 silly audit   sisteransi: [ '1.0.5' ],
200 silly audit   sockjs: [ '0.3.24' ],
200 silly audit   'source-list-map': [ '2.0.1' ],
200 silly audit   'source-map-js': [ '1.2.1' ],
200 silly audit   'source-map-loader': [ '3.0.2' ],
200 silly audit   'source-map-support': [ '0.5.21' ],
200 silly audit   'sourcemap-codec': [ '1.4.8' ],
200 silly audit   spdy: [ '4.0.2' ],
200 silly audit   'spdy-transport': [ '3.0.0' ],
200 silly audit   'sprintf-js': [ '1.0.3' ],
200 silly audit   stable: [ '0.1.8' ],
200 silly audit   'stack-utils': [ '2.0.6' ],
200 silly audit   stackframe: [ '1.3.4' ],
200 silly audit   'static-eval': [ '2.0.2' ],
200 silly audit   'type-check': [ '0.3.2', '0.4.0' ],
200 silly audit   'string-natural-compare': [ '3.0.1' ],
200 silly audit   'string.prototype.includes': [ '2.0.1' ],
200 silly audit   'string.prototype.matchall': [ '4.0.12' ],
200 silly audit   'string.prototype.repeat': [ '1.0.0' ],
200 silly audit   'string.prototype.trim': [ '1.2.10' ],
200 silly audit   'string.prototype.trimend': [ '1.0.9' ],
200 silly audit   'string.prototype.trimstart': [ '1.0.8' ],
200 silly audit   'stringify-object': [ '3.3.0' ],
200 silly audit   'strip-bom': [ '4.0.0', '3.0.0' ],
200 silly audit   'strip-comments': [ '2.0.1' ],
200 silly audit   'strip-final-newline': [ '2.0.0' ],
200 silly audit   'strip-json-comments': [ '3.1.1' ],
200 silly audit   'style-loader': [ '3.3.4' ],
200 silly audit   stylehacks: [ '5.1.1' ],
200 silly audit   sucrase: [ '3.35.0' ],
200 silly audit   'supports-hyperlinks': [ '2.3.0' ],
200 silly audit   'supports-preserve-symlinks-flag': [ '1.0.0' ],
200 silly audit   'svg-parser': [ '2.0.4' ],
200 silly audit   'symbol-tree': [ '3.2.4' ],
200 silly audit   tailwindcss: [ '3.4.17' ],
200 silly audit   'temp-dir': [ '2.0.0' ],
200 silly audit   tempy: [ '0.6.0' ],
200 silly audit   'terminal-link': [ '2.1.1' ],
200 silly audit   terser: [ '5.37.0' ],
200 silly audit   'terser-webpack-plugin': [ '5.3.11' ],
200 silly audit   'test-exclude': [ '6.0.0' ],
200 silly audit   'text-table': [ '0.2.0' ],
200 silly audit   thenify: [ '3.3.1' ],
200 silly audit   'thenify-all': [ '1.6.0' ],
200 silly audit   throat: [ '6.0.2' ],
200 silly audit   thunky: [ '1.1.0' ],
200 silly audit   tmpl: [ '1.0.5' ],
200 silly audit   'to-regex-range': [ '5.0.1' ],
200 silly audit   toidentifier: [ '1.0.1' ],
200 silly audit   'tough-cookie': [ '4.1.4' ],
200 silly audit   universalify: [ '0.2.0', '2.0.1' ],
200 silly audit   tr46: [ '2.1.0', '1.0.1' ],
200 silly audit   tryer: [ '1.0.1' ],
200 silly audit   'ts-interface-checker': [ '0.1.13' ],
200 silly audit   'tsconfig-paths': [ '3.15.0' ],
200 silly audit   tslib: [ '2.8.1', '1.14.1' ],
200 silly audit   tsutils: [ '3.21.0' ],
200 silly audit   'type-detect': [ '4.0.8' ],
200 silly audit   'type-is': [ '1.6.18' ],
200 silly audit   'typed-array-buffer': [ '1.0.3' ],
200 silly audit   'typed-array-byte-length': [ '1.0.3' ],
200 silly audit   'typed-array-byte-offset': [ '1.0.4' ],
200 silly audit   'typed-array-length': [ '1.0.7' ],
200 silly audit   'typedarray-to-buffer': [ '3.1.5' ],
200 silly audit   'unbox-primitive': [ '1.1.0' ],
200 silly audit   underscore: [ '1.12.1' ],
200 silly audit   'undici-types': [ '6.20.0' ],
200 silly audit   'unicode-canonical-property-names-ecmascript': [ '2.0.1' ],
200 silly audit   'unicode-match-property-ecmascript': [ '2.0.0' ],
200 silly audit   'unicode-match-property-value-ecmascript': [ '2.2.0' ],
200 silly audit   'unicode-property-aliases-ecmascript': [ '2.1.0' ],
200 silly audit   'unique-string': [ '2.0.0' ],
200 silly audit   unpipe: [ '1.0.0' ],
200 silly audit   unquote: [ '1.1.1' ],
200 silly audit   upath: [ '1.2.0' ],
200 silly audit   'update-browserslist-db': [ '1.1.2' ],
200 silly audit   'uri-js': [ '4.4.1' ],
200 silly audit   'url-parse': [ '1.5.10' ],
200 silly audit   'util-deprecate': [ '1.0.2' ],
200 silly audit   'util.promisify': [ '1.0.1' ],
200 silly audit   utila: [ '0.4.0' ],
200 silly audit   'utils-merge': [ '1.0.1' ],
200 silly audit   uuid: [ '8.3.2' ],
200 silly audit   'v8-to-istanbul': [ '8.1.1' ],
200 silly audit   vary: [ '1.1.2' ],
200 silly audit   vitals: [ '0.1.2' ],
200 silly audit   'w3c-hr-time': [ '1.0.2' ],
200 silly audit   'w3c-xmlserializer': [ '2.0.0' ],
200 silly audit   walker: [ '1.0.8' ],
200 silly audit   watchpack: [ '2.4.2' ],
200 silly audit   wbuf: [ '1.7.3' ],
200 silly audit   web: [ '0.0.2' ],
200 silly audit   webpack: [ '5.97.1' ],
200 silly audit   'webpack-dev-middleware': [ '5.3.4' ],
200 silly audit   'webpack-dev-server': [ '4.15.2' ],
200 silly audit   ws: [ '8.18.0', '7.5.10' ],
200 silly audit   'webpack-manifest-plugin': [ '4.1.1' ],
200 silly audit   'webpack-sources': [ '2.3.1', '3.2.3', '1.4.3' ],
200 silly audit   'websocket-driver': [ '0.7.4' ],
200 silly audit   'websocket-extensions': [ '0.1.4' ],
200 silly audit   'whatwg-encoding': [ '1.0.5' ],
200 silly audit   'whatwg-fetch': [ '3.6.20' ],
200 silly audit   'whatwg-mimetype': [ '2.3.0' ],
200 silly audit   'whatwg-url': [ '8.7.0', '7.1.0' ],
200 silly audit   'which-boxed-primitive': [ '1.1.1' ],
200 silly audit   'which-builtin-type': [ '1.2.1' ],
200 silly audit   'which-collection': [ '1.0.2' ],
200 silly audit   'which-typed-array': [ '1.1.18' ],
200 silly audit   'word-wrap': [ '1.2.5' ],
200 silly audit   'workbox-background-sync': [ '6.6.0' ],
200 silly audit   'workbox-broadcast-update': [ '6.6.0' ],
200 silly audit   'workbox-build': [ '6.6.0' ],
200 silly audit   '@apideck/better-ajv-errors': [ '0.3.6' ],
200 silly audit   'workbox-cacheable-response': [ '6.6.0' ],
200 silly audit   'workbox-core': [ '6.6.0' ],
200 silly audit   'workbox-expiration': [ '6.6.0' ],
200 silly audit   'workbox-google-analytics': [ '6.6.0' ],
200 silly audit   'workbox-navigation-preload': [ '6.6.0' ],
200 silly audit   'workbox-precaching': [ '6.6.0' ],
200 silly audit   'workbox-range-requests': [ '6.6.0' ],
200 silly audit   'workbox-recipes': [ '6.6.0' ],
200 silly audit   'workbox-routing': [ '6.6.0' ],
200 silly audit   'workbox-strategies': [ '6.6.0' ],
200 silly audit   'workbox-streams': [ '6.6.0' ],
200 silly audit   'workbox-sw': [ '6.6.0' ],
200 silly audit   'workbox-webpack-plugin': [ '6.6.0' ],
200 silly audit   'workbox-window': [ '6.6.0' ],
200 silly audit   wrappy: [ '1.0.2' ],
200 silly audit   'write-file-atomic': [ '3.0.3' ],
200 silly audit   'xml-name-validator': [ '3.0.0' ],
200 silly audit   xmlchars: [ '2.2.0' ],
200 silly audit   y18n: [ '5.0.8' ],
200 silly audit   yallist: [ '3.1.1' ],
200 silly audit   yargs: [ '16.2.0' ],
200 silly audit   'yargs-parser': [ '20.2.9' ],
200 silly audit   'yocto-queue': [ '0.1.0', '1.1.1' ],
200 silly audit   'babel-loader': [ '9.2.1', '8.4.1' ],
200 silly audit   'web-vitals': [ '4.2.4' ],
200 silly audit   'webpack-cli': [ '5.1.4' ],
200 silly audit   'find-cache-dir': [ '4.0.0', '3.3.2' ],
200 silly audit   'common-path-prefix': [ '3.0.0' ],
200 silly audit   typescript: [ '4.9.5' ],
200 silly audit   '@discoveryjs/json-ext': [ '0.5.7' ],
200 silly audit   '@webpack-cli/configtest': [ '2.1.1' ],
200 silly audit   '@webpack-cli/info': [ '2.0.2' ],
200 silly audit   '@webpack-cli/serve': [ '2.0.5' ],
200 silly audit   envinfo: [ '7.14.0' ],
200 silly audit   'fastest-levenshtein': [ '1.0.16' ],
200 silly audit   interpret: [ '3.1.1' ],
200 silly audit   rechoir: [ '0.8.0' ],
200 silly audit   'webpack-merge': [ '5.10.0' ],
200 silly audit   'clone-deep': [ '4.0.1' ],
200 silly audit   flat: [ '5.0.2' ],
200 silly audit   wildcard: [ '2.0.1' ],
200 silly audit   'is-plain-object': [ '2.0.4' ],
200 silly audit   'shallow-clone': [ '3.0.1' ],
200 silly audit   isobject: [ '3.0.1' ],
200 silly audit   commondir: [ '1.0.1' ]
200 silly audit }
201 verbose reify failed optional dependency /home/abe/my-pokedex/node_modules/fsevents
202 silly reify mark deleted [ '/home/abe/my-pokedex/node_modules/fsevents' ]
203 timing reifyNode:node_modules/fsevents Completed in 11ms
204 silly tarball no local data for shallow-clone@https://registry.npmjs.org/shallow-clone/-/shallow-clone-3.0.1.tgz. Extracting by manifest.
205 silly tarball no local data for flat@https://registry.npmjs.org/flat/-/flat-5.0.2.tgz. Extracting by manifest.
206 silly tarball no local data for wildcard@https://registry.npmjs.org/wildcard/-/wildcard-2.0.1.tgz. Extracting by manifest.
207 silly tarball no local data for clone-deep@https://registry.npmjs.org/clone-deep/-/clone-deep-4.0.1.tgz. Extracting by manifest.
208 silly tarball no local data for webpack-merge@https://registry.npmjs.org/webpack-merge/-/webpack-merge-5.10.0.tgz. Extracting by manifest.
209 silly tarball no local data for rechoir@https://registry.npmjs.org/rechoir/-/rechoir-0.8.0.tgz. Extracting by manifest.
210 silly tarball no local data for interpret@https://registry.npmjs.org/interpret/-/interpret-3.1.1.tgz. Extracting by manifest.
211 silly tarball no local data for fastest-levenshtein@https://registry.npmjs.org/fastest-levenshtein/-/fastest-levenshtein-1.0.16.tgz. Extracting by manifest.
212 silly tarball no local data for @webpack-cli/serve@https://registry.npmjs.org/@webpack-cli/serve/-/serve-2.0.5.tgz. Extracting by manifest.
213 silly tarball no local data for @webpack-cli/info@https://registry.npmjs.org/@webpack-cli/info/-/info-2.0.2.tgz. Extracting by manifest.
214 silly tarball no local data for @webpack-cli/configtest@https://registry.npmjs.org/@webpack-cli/configtest/-/configtest-2.1.1.tgz. Extracting by manifest.
215 silly tarball no local data for @discoveryjs/json-ext@https://registry.npmjs.org/@discoveryjs/json-ext/-/json-ext-0.5.7.tgz. Extracting by manifest.
216 silly tarball no local data for webpack-cli@https://registry.npmjs.org/webpack-cli/-/webpack-cli-5.1.4.tgz. Extracting by manifest.
217 silly tarball no local data for find-cache-dir@https://registry.npmjs.org/find-cache-dir/-/find-cache-dir-4.0.0.tgz. Extracting by manifest.
218 silly tarball no local data for commander@https://registry.npmjs.org/commander/-/commander-10.0.1.tgz. Extracting by manifest.
219 silly tarball no local data for yocto-queue@https://registry.npmjs.org/yocto-queue/-/yocto-queue-1.1.1.tgz. Extracting by manifest.
220 silly tarball no local data for p-limit@https://registry.npmjs.org/p-limit/-/p-limit-4.0.0.tgz. Extracting by manifest.
221 silly tarball no local data for path-exists@https://registry.npmjs.org/path-exists/-/path-exists-5.0.0.tgz. Extracting by manifest.
222 silly tarball no local data for p-locate@https://registry.npmjs.org/p-locate/-/p-locate-6.0.0.tgz. Extracting by manifest.
223 silly tarball no local data for locate-path@https://registry.npmjs.org/locate-path/-/locate-path-7.2.0.tgz. Extracting by manifest.
224 silly tarball no local data for pkg-dir@https://registry.npmjs.org/pkg-dir/-/pkg-dir-7.0.0.tgz. Extracting by manifest.
225 silly tarball no local data for babel-loader@https://registry.npmjs.org/babel-loader/-/babel-loader-9.2.1.tgz. Extracting by manifest.
226 silly tarball no local data for find-up@https://registry.npmjs.org/find-up/-/find-up-6.3.0.tgz. Extracting by manifest.
227 silly tarball no local data for common-path-prefix@https://registry.npmjs.org/common-path-prefix/-/common-path-prefix-3.0.0.tgz. Extracting by manifest.
228 http fetch POST 200 https://registry.npmjs.org/-/npm/v1/security/advisories/bulk 312ms
229 timing auditReport:getReport Completed in 319ms
230 silly audit report {
230 silly audit report   'nth-check': [
230 silly audit report     {
230 silly audit report       id: 1095141,
230 silly audit report       url: 'https://github.com/advisories/GHSA-rp65-9cf3-cjxr',
230 silly audit report       title: 'Inefficient Regular Expression Complexity in nth-check',
230 silly audit report       severity: 'high',
230 silly audit report       vulnerable_versions: '<2.0.1',
230 silly audit report       cwe: [Array],
230 silly audit report       cvss: [Object]
230 silly audit report     }
230 silly audit report   ],
230 silly audit report   postcss: [
230 silly audit report     {
230 silly audit report       id: 1094544,
230 silly audit report       url: 'https://github.com/advisories/GHSA-7fh5-64p2-3v2j',
230 silly audit report       title: 'PostCSS line return parsing error',
230 silly audit report       severity: 'moderate',
230 silly audit report       vulnerable_versions: '<8.4.31',
230 silly audit report       cwe: [Array],
230 silly audit report       cvss: [Object]
230 silly audit report     }
230 silly audit report   ]
230 silly audit report }
231 timing reifyNode:node_modules/react-scripts/node_modules/find-cache-dir Completed in 320ms
232 timing reifyNode:node_modules/isobject Completed in 326ms
233 timing reifyNode:node_modules/is-plain-object Completed in 325ms
234 timing metavuln:cache:get:security-advisory:nth-check:u9kIbs88jjqPq0zHVBinwei/KZ5GCRRfUp85vuDQlT/Si01qI5XVVQOSRujFCbyFsnHqETob3CApPmYQZ74K2A== Completed in 22ms
235 timing metavuln:cache:get:security-advisory:postcss:ylHlqxOD5gx7vcQurwTZyQHJsodRCM2yV95izcDPSahj+DDa6IEdlDh7BWAlf7fDDEd+NyVQHm50pHmcApHI4w== Completed in 21ms
236 http fetch GET 200 https://registry.npmjs.org/shallow-clone/-/shallow-clone-3.0.1.tgz 314ms (cache miss)
237 timing reifyNode:node_modules/shallow-clone Completed in 339ms
238 http fetch GET 200 https://registry.npmjs.org/flat/-/flat-5.0.2.tgz 314ms (cache miss)
239 timing reifyNode:node_modules/flat Completed in 339ms
240 http fetch GET 200 https://registry.npmjs.org/clone-deep/-/clone-deep-4.0.1.tgz 312ms (cache miss)
241 timing reifyNode:node_modules/clone-deep Completed in 340ms
242 http fetch GET 200 https://registry.npmjs.org/@webpack-cli/info/-/info-2.0.2.tgz 308ms (cache miss)
243 timing reifyNode:node_modules/@webpack-cli/info Completed in 340ms
244 timing reifyNode:node_modules/envinfo Completed in 341ms
245 timing reifyNode:node_modules/react-scripts/node_modules/babel-loader Completed in 338ms
246 http fetch GET 200 https://registry.npmjs.org/rechoir/-/rechoir-0.8.0.tgz 317ms (cache miss)
247 timing reifyNode:node_modules/rechoir Completed in 345ms
248 http fetch GET 200 https://registry.npmjs.org/interpret/-/interpret-3.1.1.tgz 316ms (cache miss)
249 timing reifyNode:node_modules/interpret Completed in 345ms
250 http fetch GET 200 https://registry.npmjs.org/@webpack-cli/serve/-/serve-2.0.5.tgz 316ms (cache miss)
251 timing reifyNode:node_modules/@webpack-cli/serve Completed in 347ms
252 http fetch GET 200 https://registry.npmjs.org/wildcard/-/wildcard-2.0.1.tgz 323ms (cache miss)
253 http fetch GET 200 https://registry.npmjs.org/fastest-levenshtein/-/fastest-levenshtein-1.0.16.tgz 319ms (cache miss)
254 timing reifyNode:node_modules/wildcard Completed in 351ms
255 timing reifyNode:node_modules/fastest-levenshtein Completed in 350ms
256 timing reifyNode:node_modules/react-scripts/node_modules/schema-utils Completed in 348ms
257 http fetch GET 200 https://registry.npmjs.org/webpack-merge/-/webpack-merge-5.10.0.tgz 344ms (cache miss)
258 timing reifyNode:node_modules/webpack-merge Completed in 372ms
259 http fetch GET 200 https://registry.npmjs.org/babel-loader/-/babel-loader-9.2.1.tgz 345ms (cache miss)
260 http fetch GET 200 https://registry.npmjs.org/locate-path/-/locate-path-7.2.0.tgz 348ms (cache miss)
261 timing reifyNode:node_modules/find-cache-dir/node_modules/locate-path Completed in 383ms
262 http fetch GET 200 https://registry.npmjs.org/p-limit/-/p-limit-4.0.0.tgz 352ms (cache miss)
263 timing reifyNode:node_modules/find-cache-dir/node_modules/p-limit Completed in 385ms
264 timing reifyNode:node_modules/babel-loader Completed in 391ms
265 http fetch GET 200 https://registry.npmjs.org/pkg-dir/-/pkg-dir-7.0.0.tgz 357ms (cache miss)
266 timing reifyNode:node_modules/find-cache-dir/node_modules/pkg-dir Completed in 392ms
267 http fetch GET 200 https://registry.npmjs.org/yocto-queue/-/yocto-queue-1.1.1.tgz 360ms (cache miss)
268 timing reifyNode:node_modules/find-cache-dir/node_modules/yocto-queue Completed in 392ms
269 http fetch GET 200 https://registry.npmjs.org/common-path-prefix/-/common-path-prefix-3.0.0.tgz 327ms (cache miss)
270 timing reifyNode:node_modules/common-path-prefix Completed in 398ms
271 http fetch GET 200 https://registry.npmjs.org/path-exists/-/path-exists-5.0.0.tgz 362ms (cache miss)
272 timing reifyNode:node_modules/find-cache-dir/node_modules/path-exists Completed in 395ms
273 http fetch GET 200 https://registry.npmjs.org/find-up/-/find-up-6.3.0.tgz 357ms (cache miss)
274 timing reifyNode:node_modules/find-cache-dir/node_modules/find-up Completed in 396ms
275 http fetch GET 200 https://registry.npmjs.org/find-cache-dir/-/find-cache-dir-4.0.0.tgz 377ms (cache miss)
276 timing reifyNode:node_modules/find-cache-dir Completed in 405ms
277 http fetch GET 200 https://registry.npmjs.org/@webpack-cli/configtest/-/configtest-2.1.1.tgz 379ms (cache miss)
278 timing reifyNode:node_modules/@webpack-cli/configtest Completed in 410ms
279 http fetch GET 200 https://registry.npmjs.org/commander/-/commander-10.0.1.tgz 379ms (cache miss)
280 timing reifyNode:node_modules/webpack-cli/node_modules/commander Completed in 413ms
281 http fetch GET 200 https://registry.npmjs.org/p-locate/-/p-locate-6.0.0.tgz 408ms (cache miss)
282 timing reifyNode:node_modules/find-cache-dir/node_modules/p-locate Completed in 443ms
283 http fetch GET 200 https://registry.npmjs.org/nth-check 139ms (cache updated)
284 timing metavuln:packument:nth-check Completed in 139ms
285 timing metavuln:load:security-advisory:nth-check:1095141 Completed in 0ms
286 timing metavuln:calculate:security-advisory:nth-check:1095141 Completed in 141ms
287 http fetch GET 200 https://registry.npmjs.org/webpack-cli/-/webpack-cli-5.1.4.tgz 418ms (cache miss)
288 timing reifyNode:node_modules/webpack-cli Completed in 448ms
289 http fetch GET 200 https://registry.npmjs.org/postcss 148ms (cache updated)
290 timing metavuln:packument:postcss Completed in 150ms
291 timing metavuln:load:security-advisory:postcss:1094544 Completed in 2ms
292 timing metavuln:calculate:security-advisory:postcss:1094544 Completed in 152ms
293 timing metavuln:cache:get:security-advisory:css-select:SLFoDCntvPIX7nfh4g/iCe2/KeoLVy5CIo+Vtscwot4QJeqx55N/LgyavNwRLdiV5D/6y18tMpVEodIgf/9HMA== Completed in 5ms
294 http fetch GET 200 https://registry.npmjs.org/@discoveryjs/json-ext/-/json-ext-0.5.7.tgz 436ms (cache miss)
295 timing reifyNode:node_modules/@discoveryjs/json-ext Completed in 468ms
296 timing reifyNode:node_modules/web-vitals Completed in 477ms
297 http fetch GET 200 https://registry.npmjs.org/css-select 90ms (cache updated)
298 timing metavuln:packument:css-select Completed in 90ms
299 timing metavuln:load:security-advisory:css-select:u9kIbs88jjqPq0zHVBinwei/KZ5GCRRfUp85vuDQlT/Si01qI5XVVQOSRujFCbyFsnHqETob3CApPmYQZ74K2A== Completed in 0ms
300 timing metavuln:calculate:security-advisory:css-select:u9kIbs88jjqPq0zHVBinwei/KZ5GCRRfUp85vuDQlT/Si01qI5XVVQOSRujFCbyFsnHqETob3CApPmYQZ74K2A== Completed in 90ms
301 timing metavuln:cache:get:security-advisory:resolve-url-loader:NMmXK6xVhonFWyuVjVZvtHCgDtIj2Xt/NObjzI+nKFgCMVK0SPWnlUyO5ZfDMa1dK6KZVYB4z5/E6SGUubEZmA== Completed in 2ms
302 http fetch GET 200 https://registry.npmjs.org/resolve-url-loader 50ms (cache updated)
303 timing metavuln:packument:resolve-url-loader Completed in 50ms
304 timing metavuln:load:security-advisory:resolve-url-loader:ylHlqxOD5gx7vcQurwTZyQHJsodRCM2yV95izcDPSahj+DDa6IEdlDh7BWAlf7fDDEd+NyVQHm50pHmcApHI4w== Completed in 1ms
305 timing metavuln:calculate:security-advisory:resolve-url-loader:ylHlqxOD5gx7vcQurwTZyQHJsodRCM2yV95izcDPSahj+DDa6IEdlDh7BWAlf7fDDEd+NyVQHm50pHmcApHI4w== Completed in 52ms
306 timing metavuln:cache:get:security-advisory:svgo:XUKKCUuEIfThVsBLy+oF8GyP7lxkVuLkW//+NY5/KIf8QcWHSFuyi5ASrjDctKGKZ6oI4iYXN2mfMc9AZn06XQ== Completed in 2ms
307 http fetch GET 200 https://registry.npmjs.org/svgo 70ms (cache updated)
308 timing metavuln:packument:svgo Completed in 71ms
309 timing metavuln:load:security-advisory:svgo:SLFoDCntvPIX7nfh4g/iCe2/KeoLVy5CIo+Vtscwot4QJeqx55N/LgyavNwRLdiV5D/6y18tMpVEodIgf/9HMA== Completed in 0ms
310 timing metavuln:calculate:security-advisory:svgo:SLFoDCntvPIX7nfh4g/iCe2/KeoLVy5CIo+Vtscwot4QJeqx55N/LgyavNwRLdiV5D/6y18tMpVEodIgf/9HMA== Completed in 71ms
311 timing metavuln:cache:get:security-advisory:react-scripts:kKU8uM+qTtInubgYQrn1Pxn81QMWKfkCDfIZjup8wyMg7BSnoJIdXRXTKPG7RjTojqBqBxvALJQnSFxA9BPZoA== Completed in 2ms
312 http fetch GET 200 https://registry.npmjs.org/react-scripts 106ms (cache updated)
313 timing metavuln:packument:react-scripts Completed in 111ms
314 timing metavuln:load:security-advisory:react-scripts:NMmXK6xVhonFWyuVjVZvtHCgDtIj2Xt/NObjzI+nKFgCMVK0SPWnlUyO5ZfDMa1dK6KZVYB4z5/E6SGUubEZmA== Completed in 3ms
315 timing metavuln:calculate:security-advisory:react-scripts:NMmXK6xVhonFWyuVjVZvtHCgDtIj2Xt/NObjzI+nKFgCMVK0SPWnlUyO5ZfDMa1dK6KZVYB4z5/E6SGUubEZmA== Completed in 115ms
316 timing metavuln:cache:get:security-advisory:@svgr/plugin-svgo:EsuzSbf7+Y+7kKOmijkK+GD/doYYcoKZ2epSaSjuMjK3D5MenoOfnownHNwRmdBZcaR1NsuBUK35WDllW+AMMw== Completed in 2ms
317 http fetch GET 200 https://registry.npmjs.org/@svgr%2fplugin-svgo 89ms (cache updated)
318 timing metavuln:packument:@svgr/plugin-svgo Completed in 90ms
319 timing metavuln:load:security-advisory:@svgr/plugin-svgo:XUKKCUuEIfThVsBLy+oF8GyP7lxkVuLkW//+NY5/KIf8QcWHSFuyi5ASrjDctKGKZ6oI4iYXN2mfMc9AZn06XQ== Completed in 0ms
320 timing metavuln:calculate:security-advisory:@svgr/plugin-svgo:XUKKCUuEIfThVsBLy+oF8GyP7lxkVuLkW//+NY5/KIf8QcWHSFuyi5ASrjDctKGKZ6oI4iYXN2mfMc9AZn06XQ== Completed in 90ms
321 timing metavuln:cache:get:security-advisory:@svgr/webpack:IqnIHrynVlqAtMhtysIZT7fFR47WkNiVdS0bltwMCNwW6AuOVEGK8Ns3UrtOyzCH0k8s8awx0D1vcr5HtSiaPw== Completed in 5ms
322 timing reifyNode:node_modules/typescript Completed in 931ms
323 timing reify:unpack Completed in 937ms
324 timing reify:unretire Completed in 0ms
325 timing build:queue Completed in 1ms
326 timing build:link:node_modules/envinfo Completed in 3ms
327 timing build:link:node_modules/flat Completed in 3ms
328 timing build:link:node_modules/webpack-cli Completed in 3ms
329 timing build:link:node_modules/typescript Completed in 3ms
330 timing build:link Completed in 4ms
331 timing build:deps Completed in 5ms
332 timing build Completed in 5ms
333 timing reify:build Completed in 6ms
334 timing reify:trash Completed in 22ms
335 timing reify:save Completed in 196ms
336 http fetch GET 200 https://registry.npmjs.org/@svgr%2fwebpack 376ms (cache updated)
337 timing metavuln:packument:@svgr/webpack Completed in 379ms
338 timing metavuln:load:security-advisory:@svgr/webpack:EsuzSbf7+Y+7kKOmijkK+GD/doYYcoKZ2epSaSjuMjK3D5MenoOfnownHNwRmdBZcaR1NsuBUK35WDllW+AMMw== Completed in 0ms
339 timing metavuln:calculate:security-advisory:@svgr/webpack:EsuzSbf7+Y+7kKOmijkK+GD/doYYcoKZ2epSaSjuMjK3D5MenoOfnownHNwRmdBZcaR1NsuBUK35WDllW+AMMw== Completed in 379ms
340 timing metavuln:cache:get:security-advisory:react-scripts:Oynm4f28m7wqpHeAVQPAu6HUX0KhswQORZBCdzEDs2/Qk227PWimoI5yjY/d79GoOSw+zJpJ6uMhVBngEzK4zQ== Completed in 1ms
341 timing metavuln:load:security-advisory:react-scripts:IqnIHrynVlqAtMhtysIZT7fFR47WkNiVdS0bltwMCNwW6AuOVEGK8Ns3UrtOyzCH0k8s8awx0D1vcr5HtSiaPw== Completed in 1ms
342 timing metavuln:calculate:security-advisory:react-scripts:IqnIHrynVlqAtMhtysIZT7fFR47WkNiVdS0bltwMCNwW6AuOVEGK8Ns3UrtOyzCH0k8s8awx0D1vcr5HtSiaPw== Completed in 2ms
343 timing auditReport:init Completed in 962ms
344 timing reify:audit Completed in 1282ms
345 timing reify Completed in 4562ms
346 silly ADD node_modules/isobject
347 silly ADD node_modules/shallow-clone
348 silly ADD node_modules/is-plain-object
349 silly ADD node_modules/wildcard
350 silly ADD node_modules/flat
351 silly ADD node_modules/clone-deep
352 silly ADD node_modules/webpack-merge
353 silly ADD node_modules/rechoir
354 silly ADD node_modules/interpret
355 silly ADD node_modules/fastest-levenshtein
356 silly ADD node_modules/envinfo
357 silly ADD node_modules/@webpack-cli/serve
358 silly ADD node_modules/@webpack-cli/info
359 silly ADD node_modules/@webpack-cli/configtest
360 silly ADD node_modules/@discoveryjs/json-ext
361 silly ADD node_modules/common-path-prefix
362 silly ADD node_modules/webpack-cli
363 silly ADD node_modules/webpack-cli/node_modules/commander
364 silly ADD node_modules/web-vitals
365 silly ADD
366 silly CHANGE node_modules/typescript
367 silly ADD node_modules/react-scripts/node_modules/schema-utils
368 silly ADD node_modules/react-scripts/node_modules/find-cache-dir
369 silly ADD node_modules/react-scripts/node_modules/babel-loader
370 silly CHANGE node_modules/find-cache-dir
371 silly ADD node_modules/find-cache-dir/node_modules/yocto-queue
372 silly ADD node_modules/find-cache-dir/node_modules/p-limit
373 silly ADD node_modules/find-cache-dir/node_modules/p-locate
374 silly ADD node_modules/find-cache-dir/node_modules/path-exists
375 silly ADD node_modules/find-cache-dir/node_modules/locate-path
376 silly ADD node_modules/find-cache-dir/node_modules/find-up
377 silly ADD node_modules/find-cache-dir/node_modules/pkg-dir
378 silly CHANGE node_modules/babel-loader
379 silly REMOVE node_modules/babel-loader/node_modules/schema-utils
380 timing command:install Completed in 4579ms
381 verbose exit 0
382 timing npm Completed in 4634ms
383 info ok
