0 verbose cli /home/abe/.nvm/versions/node/v16.20.2/bin/node /home/abe/.nvm/versions/node/v16.20.2/bin/npm
1 info using npm@8.19.4
2 info using node@v16.20.2
3 timing npm:load:whichnode Completed in 1ms
4 timing config:load:defaults Completed in 0ms
5 timing config:load:file:/home/abe/.nvm/versions/node/v16.20.2/lib/node_modules/npm/npmrc Completed in 2ms
6 timing config:load:builtin Completed in 2ms
7 timing config:load:cli Completed in 3ms
8 timing config:load:env Completed in 1ms
9 timing config:load:file:/home/abe/.cache/typescript/5.7/.npmrc Completed in 1ms
10 timing config:load:project Completed in 4ms
11 timing config:load:file:/home/abe/.npmrc Completed in 0ms
12 timing config:load:user Completed in 0ms
13 timing config:load:file:/home/abe/.nvm/versions/node/v16.20.2/etc/npmrc Completed in 0ms
14 timing config:load:global Completed in 0ms
15 timing config:load:validate Completed in 0ms
16 timing config:load:credentials Completed in 2ms
17 timing config:load:setEnvs Completed in 0ms
18 timing config:load Completed in 12ms
19 timing npm:load:configload Completed in 12ms
20 timing npm:load:mkdirpcache Completed in 1ms
21 timing npm:load:mkdirplogs Completed in 1ms
22 verbose title npm install types-registry@latest
23 verbose argv "install" "--ignore-scripts" "types-registry@latest"
24 timing npm:load:setTitle Completed in 1ms
25 timing config:load:flatten Completed in 2ms
26 timing npm:load:display Completed in 2ms
27 verbose logfile logs-max:10 dir:/home/abe/.npm/_logs
28 verbose logfile /home/abe/.npm/_logs/2025-01-14T22_06_16_251Z-debug-0.log
29 timing npm:load:logFile Completed in 3ms
30 timing npm:load:timers Completed in 0ms
31 timing npm:load:configScope Completed in 0ms
32 timing npm:load Completed in 21ms
33 timing arborist:ctor Completed in 1ms
34 silly logfile done cleaning log files
35 timing arborist:ctor Completed in 0ms
36 timing idealTree:init Completed in 6ms
37 http fetch GET 200 https://registry.npmjs.org/types-registry 211ms (cache updated)
38 timing idealTree:userRequests Completed in 217ms
39 silly idealTree buildDeps
40 silly fetch manifest types-registry@0.1.703
41 silly placeDep ROOT types-registry@0.1.703 OK for:  want: 0.1.703
42 timing idealTree:#root Completed in 5ms
43 timing idealTree:node_modules/types-registry Completed in 0ms
44 timing idealTree:buildDeps Completed in 5ms
45 timing idealTree:fixDepFlags Completed in 0ms
46 timing idealTree Completed in 231ms
47 timing reify:loadTrees Completed in 231ms
48 timing reify:diffTrees Completed in 0ms
49 silly reify moves {}
50 timing reify:retireShallow Completed in 1ms
51 timing reify:createSparse Completed in 1ms
52 timing reify:loadBundles Completed in 0ms
53 silly audit bulk request { 'types-registry': [ '0.1.703' ] }
54 silly tarball no local data for types-registry@https://registry.npmjs.org/types-registry/-/types-registry-0.1.703.tgz. Extracting by manifest.
55 http fetch GET 200 https://registry.npmjs.org/types-registry/-/types-registry-0.1.703.tgz 162ms (cache miss)
56 timing reifyNode:node_modules/types-registry Completed in 168ms
57 timing reify:unpack Completed in 168ms
58 timing reify:unretire Completed in 1ms
59 timing build:queue Completed in 0ms
60 timing build:deps Completed in 0ms
61 timing build Completed in 0ms
62 timing reify:build Completed in 0ms
63 timing reify:trash Completed in 0ms
64 timing reify:save Completed in 3ms
65 http fetch POST 200 https://registry.npmjs.org/-/npm/v1/security/advisories/bulk 178ms
66 timing auditReport:getReport Completed in 179ms
67 silly audit report {}
68 timing auditReport:init Completed in 0ms
69 timing reify:audit Completed in 180ms
70 timing reify Completed in 416ms
71 silly ADD node_modules/types-registry
72 timing command:install Completed in 418ms
73 verbose exit 0
74 timing npm Completed in 535ms
75 info ok
