2025-01-24 14:56:06.235 [info] [main] Log level: Info
2025-01-24 14:56:06.235 [info] [main] Validating found git in: "git"
2025-01-24 14:56:06.235 [info] [main] Using git "2.34.1" from "git"
2025-01-24 14:56:06.235 [info] [Model][doInitialScan] Initial repository scan started
2025-01-24 14:56:06.235 [info] > git rev-parse --show-toplevel [4ms]
2025-01-24 14:56:06.235 [info] > git rev-parse --git-dir --git-common-dir [24ms]
2025-01-24 14:56:06.235 [info] [Model][openRepository] Opened repository: /home/abe
2025-01-24 14:56:06.237 [info] > git config --get commit.template [6ms]
2025-01-24 14:56:06.258 [info] > git for-each-ref --format=%(refname)%00%(upstream:short)%00%(objectname)%00%(upstream:track)%00%(upstream:remotename)%00%(upstream:remoteref) refs/heads/dev refs/remotes/dev [16ms]
2025-01-24 14:56:06.272 [info] > git for-each-ref --sort -committerdate --format %(refname) %(objectname) %(*objectname) [8ms]
2025-01-24 14:56:06.298 [info] > git rev-parse --show-toplevel [11ms]
2025-01-24 14:56:06.301 [info] > git rev-parse --show-toplevel [1ms]
2025-01-24 14:56:06.306 [info] > git rev-parse --show-toplevel [1ms]
2025-01-24 14:56:06.310 [info] > git rev-parse --show-toplevel [1ms]
2025-01-24 14:56:06.316 [info] > git rev-parse --git-dir --git-common-dir [1ms]
2025-01-24 14:56:06.319 [info] [Model][openRepository] Opened repository: /home/abe/.nvm
2025-01-24 14:56:06.330 [info] > git rev-parse --show-toplevel [5ms]
2025-01-24 14:56:06.341 [info] > git config --get commit.template [17ms]
2025-01-24 14:56:06.353 [info] > git rev-parse --show-toplevel [7ms]
2025-01-24 14:56:06.359 [info] > git rev-parse --show-toplevel [0ms]
2025-01-24 14:56:06.360 [info] > git for-each-ref --format %(refname) %(objectname) %(*objectname) refs/tags [9ms]
2025-01-24 14:56:06.369 [info] > git status -z -uall [7ms]
2025-01-24 14:56:06.373 [info] > git rev-parse --show-toplevel [5ms]
2025-01-24 14:56:06.374 [info] > git for-each-ref --sort -committerdate --format %(refname) %(objectname) %(*objectname) [9ms]
2025-01-24 14:56:06.394 [info] > git config --get commit.template [3ms]
2025-01-24 14:56:06.394 [info] > git rev-parse --git-dir --git-common-dir [5ms]
2025-01-24 14:56:06.399 [info] [Model][openRepository] Opened repository: /home/abe/jeopardy-8585a0b237fb4449b6bad21e24a5de97
2025-01-24 14:56:06.433 [info] > git status -z -uall [172ms] (cancelled)
2025-01-24 14:56:06.433 [info] > git rev-parse --show-toplevel [23ms]
2025-01-24 14:56:06.434 [info] > git config --get commit.template [27ms]
2025-01-24 14:56:06.454 [info] > git for-each-ref --format %(refname) %(objectname) %(*objectname) refs/tags [40ms]
2025-01-24 14:56:06.473 [info] > git status -z -uall [10ms]
2025-01-24 14:56:06.474 [info] > git rev-parse --git-dir --git-common-dir [22ms]
2025-01-24 14:56:06.488 [info] [Model][openRepository] Opened repository: /home/abe/oop-science-lab-3258b268632746dea03661c9e93f4801
2025-01-24 14:56:06.523 [info] > git for-each-ref --format=%(refname)%00%(upstream:short)%00%(objectname)%00%(upstream:track)%00%(upstream:remotename)%00%(upstream:remoteref) refs/heads/dev refs/remotes/dev [51ms]
2025-01-24 14:56:06.523 [info] > git for-each-ref --sort -committerdate --format %(refname) %(objectname) %(*objectname) [57ms]
2025-01-24 14:56:06.534 [info] > git rev-parse --show-toplevel [36ms]
2025-01-24 14:56:06.534 [info] > git config --get commit.template [40ms]
2025-01-24 14:56:06.554 [info] > git status -z -uall [7ms]
2025-01-24 14:56:06.554 [info] > git rev-parse --show-toplevel [16ms]
2025-01-24 14:56:06.559 [info] > git for-each-ref --format=%(refname)%00%(upstream:short)%00%(objectname)%00%(upstream:track)%00%(upstream:remotename)%00%(upstream:remoteref) refs/heads/dev refs/remotes/dev [16ms]
2025-01-24 14:56:06.559 [info] > git rev-parse --show-toplevel [2ms]
2025-01-24 14:56:06.560 [info] [Model][doInitialScan] Initial repository scan completed - repositories (4), closed repositories (0), parent repositories (0), unsafe repositories (0)
2025-01-24 14:56:06.560 [info] > git for-each-ref --sort -committerdate --format %(refname) %(objectname) %(*objectname) [7ms]
2025-01-24 14:56:06.573 [info] > git for-each-ref --format=%(refname)%00%(upstream:short)%00%(objectname)%00%(upstream:track)%00%(upstream:remotename)%00%(upstream:remoteref) refs/heads/dev refs/remotes/dev [6ms]
2025-01-24 14:56:06.577 [info] > git config --local branch.dev.vscode-merge-base [2ms]
2025-01-24 14:56:06.579 [info] > git config --get commit.template [6ms]
2025-01-24 14:56:06.591 [info] > git status -z -uall [8ms]
2025-01-24 14:56:06.591 [info] > git for-each-ref --format=%(refname)%00%(upstream:short)%00%(objectname)%00%(upstream:track)%00%(upstream:remotename)%00%(upstream:remoteref) refs/heads/origin/dev refs/remotes/origin/dev [13ms]
2025-01-24 14:56:06.598 [info] > git for-each-ref --format=%(refname)%00%(upstream:short)%00%(objectname)%00%(upstream:track)%00%(upstream:remotename)%00%(upstream:remoteref) refs/heads/dev refs/remotes/dev [9ms]
2025-01-24 14:56:06.599 [info] > git for-each-ref --sort -committerdate --format %(refname) %(objectname) %(*objectname) [13ms]
2025-01-24 14:56:05.968 [info] > git for-each-ref --format=%(refname)%00%(upstream:short)%00%(objectname)%00%(upstream:track)%00%(upstream:remotename)%00%(upstream:remoteref) refs/heads/dev refs/remotes/dev [-642ms]
2025-01-24 14:56:05.971 [info] > git merge-base refs/heads/dev refs/remotes/origin/dev [-624ms]
2025-01-24 14:56:05.978 [info] > git diff --name-status -z --diff-filter=ADMR 54fd42f4985c3d96bfd5895d523927a62d4d32dd...refs/remotes/origin/dev [4ms]
2025-01-24 14:56:05.979 [info] > git config --local branch.dev.vscode-merge-base [8ms]
2025-01-24 14:56:05.981 [info] > git config --get commit.template [14ms]
2025-01-24 14:56:05.998 [info] > git status -z -uall [14ms]
2025-01-24 14:56:05.999 [info] > git for-each-ref --format=%(refname)%00%(upstream:short)%00%(objectname)%00%(upstream:track)%00%(upstream:remotename)%00%(upstream:remoteref) refs/heads/dev refs/remotes/dev [7ms]
2025-01-24 14:56:05.999 [info] > git for-each-ref --sort -committerdate --format %(refname) %(objectname) %(*objectname) [12ms]
2025-01-24 14:56:06.007 [info] > git for-each-ref --format=%(refname)%00%(upstream:short)%00%(objectname)%00%(upstream:track)%00%(upstream:remotename)%00%(upstream:remoteref) refs/heads/origin/dev refs/remotes/origin/dev [25ms]
2025-01-24 14:56:06.019 [info] > git merge-base refs/heads/dev refs/remotes/origin/dev [5ms]
2025-01-24 14:56:06.030 [info] > git status -z -uall [4ms]
2025-01-24 14:56:06.031 [info] > git for-each-ref --sort -committerdate --format %(refname) %(objectname) %(*objectname) [2ms]
2025-01-24 14:56:06.037 [info] > git diff --name-status -z --diff-filter=ADMR 61d9ed4a45a54e2be9de30011eae7bdb5f20395c...refs/remotes/origin/dev [14ms]
2025-01-24 14:56:06.039 [info] > git merge-base refs/heads/dev refs/remotes/origin/dev [3ms]
2025-01-24 14:56:06.043 [info] > git diff --name-status -z --diff-filter=ADMR 61d9ed4a45a54e2be9de30011eae7bdb5f20395c...refs/remotes/origin/dev [2ms]
2025-01-24 14:56:06.381 [info] > git rev-parse --show-toplevel [2ms]
2025-01-24 14:56:06.477 [info] > git check-ignore -v -z --stdin [6ms]
2025-01-24 14:56:06.478 [info] > git check-ignore -v -z --stdin [5ms]
2025-01-24 14:56:06.478 [info] > git check-ignore -v -z --stdin [4ms]
2025-01-24 14:56:06.478 [info] > git check-ignore -v -z --stdin [3ms]
2025-01-24 14:56:14.809 [info] > git log --format=%H%n%aN%n%aE%n%at%n%ct%n%P%n%D%n%B -z --shortstat --diff-merges=first-parent -n50 --skip=0 --topo-order --decorate=full --stdin [85ms]
