2025-01-17 19:12:19.130 [info] [main] Log level: Info
2025-01-17 19:12:19.130 [info] [main] Validating found git in: "git"
2025-01-17 19:12:19.130 [info] [main] Using git "2.34.1" from "git"
2025-01-17 19:12:19.130 [info] [Model][doInitialScan] Initial repository scan started
2025-01-17 19:12:19.130 [info] > git rev-parse --show-toplevel [7ms]
2025-01-17 19:12:19.130 [info] > git rev-parse --git-dir --git-common-dir [52ms]
2025-01-17 19:12:19.130 [info] [Model][openRepository] Opened repository: /home/abe/jeopardy-8585a0b237fb4449b6bad21e24a5de97
2025-01-17 19:12:19.142 [info] > git rev-parse --show-toplevel [4ms]
2025-01-17 19:12:19.143 [info] > git config --get commit.template [8ms]
2025-01-17 19:12:19.155 [info] > git rev-parse --show-toplevel [7ms]
2025-01-17 19:12:19.159 [info] [Model][doInitialScan] Initial repository scan completed - repositories (1), closed repositories (0), parent repositories (0), unsafe repositories (0)
2025-01-17 19:12:19.164 [info] > git for-each-ref --format=%(refname)%00%(upstream:short)%00%(objectname)%00%(upstream:track)%00%(upstream:remotename)%00%(upstream:remoteref) refs/heads/dev refs/remotes/dev [12ms]
2025-01-17 19:12:19.169 [warning] [Git][revParse] Unable to read file: ENOENT: no such file or directory, open '/home/abe/jeopardy-8585a0b237fb4449b6bad21e24a5de97/.git/refs/remotes/origin/dev'
2025-01-17 19:12:19.170 [info] > git rev-parse refs/remotes/origin/dev [2ms]
2025-01-17 19:12:19.183 [info] > git status -z -uall [8ms]
2025-01-17 19:12:19.185 [info] > git for-each-ref --sort -committerdate --format %(refname) %(objectname) %(*objectname) [4ms]
2025-01-17 19:12:19.205 [info] > git for-each-ref --format=%(refname)%00%(upstream:short)%00%(objectname)%00%(upstream:track)%00%(upstream:remotename)%00%(upstream:remoteref) refs/heads/dev refs/remotes/dev [11ms]
2025-01-17 19:12:19.210 [info] > git config --local branch.dev.vscode-merge-base [1ms]
2025-01-17 19:12:19.214 [info] > git config --get commit.template [11ms]
2025-01-17 19:12:19.216 [info] > git for-each-ref --format=%(refname)%00%(upstream:short)%00%(objectname)%00%(upstream:track)%00%(upstream:remotename)%00%(upstream:remoteref) refs/heads/origin/dev refs/remotes/origin/dev [3ms]
2025-01-17 19:12:19.238 [info] > git merge-base refs/heads/dev refs/remotes/origin/dev [17ms]
2025-01-17 19:12:19.244 [info] > git diff --name-status -z --diff-filter=ADMR f05e74926f12ed3653030c769edb1122fb653459...refs/remotes/origin/dev [4ms]
2025-01-17 19:12:19.245 [info] > git for-each-ref --format=%(refname)%00%(upstream:short)%00%(objectname)%00%(upstream:track)%00%(upstream:remotename)%00%(upstream:remoteref) refs/heads/dev refs/remotes/dev [8ms]
2025-01-17 19:12:19.249 [warning] [Git][revParse] Unable to read file: ENOENT: no such file or directory, open '/home/abe/jeopardy-8585a0b237fb4449b6bad21e24a5de97/.git/refs/remotes/origin/dev'
2025-01-17 19:12:19.251 [info] > git rev-parse refs/remotes/origin/dev [1ms]
2025-01-17 19:12:19.260 [info] > git status -z -uall [7ms]
2025-01-17 19:12:19.260 [info] > git for-each-ref --sort -committerdate --format %(refname) %(objectname) %(*objectname) [3ms]
2025-01-17 19:12:19.491 [info] > git show --textconv :jeopardy/jeopardy.js [7ms]
2025-01-17 19:12:19.491 [info] > git show --textconv :README.md [5ms]
2025-01-17 19:12:19.491 [info] > git ls-files --stage -- /home/abe/jeopardy-8585a0b237fb4449b6bad21e24a5de97/jeopardy/jeopardy.js [3ms]
2025-01-17 19:12:19.495 [info] > git cat-file -s 848ef5a5faba8eae0824af0108dd866f773642bf [1ms]
2025-01-17 19:12:19.496 [info] > git ls-files --stage -- /home/abe/jeopardy-8585a0b237fb4449b6bad21e24a5de97/README.md [6ms]
2025-01-17 19:12:19.498 [info] > git cat-file -s e3da52f92c135dd0800c5f6508a8b41c7c4c0412 [1ms]
2025-01-17 19:12:19.516 [info] > git blame --root --incremental f05e74926f12ed3653030c769edb1122fb653459 -- /home/abe/jeopardy-8585a0b237fb4449b6bad21e24a5de97/jeopardy/jeopardy.js [1ms]
2025-01-17 19:12:19.673 [info] > git check-ignore -v -z --stdin [1ms]
2025-01-17 19:18:15.556 [info] > git show --textconv :jeopardy/jeopardy.css [4ms]
2025-01-17 19:18:15.557 [info] > git ls-files --stage -- /home/abe/jeopardy-8585a0b237fb4449b6bad21e24a5de97/jeopardy/jeopardy.css [2ms]
2025-01-17 19:18:15.562 [info] > git cat-file -s 1ca03dc151768c0cac821e84829178c062fe3197 [1ms]
2025-01-17 19:18:22.910 [info] > git show --textconv :jeopardy/index.html [4ms]
2025-01-17 19:18:22.910 [info] > git ls-files --stage -- /home/abe/jeopardy-8585a0b237fb4449b6bad21e24a5de97/jeopardy/index.html [1ms]
2025-01-17 19:18:22.915 [info] > git cat-file -s dbcff747754a2109cefc8fb34bc75352e6eeb8da [2ms]
2025-01-17 19:18:23.542 [info] > git blame --root --incremental f05e74926f12ed3653030c769edb1122fb653459 -- /home/abe/jeopardy-8585a0b237fb4449b6bad21e24a5de97/jeopardy/index.html [2ms]
2025-01-17 19:19:13.146 [info] > git show --textconv :jeopardy/jeopardy.js [7ms]
2025-01-17 19:19:13.147 [info] > git ls-files --stage -- /home/abe/jeopardy-8585a0b237fb4449b6bad21e24a5de97/jeopardy/jeopardy.js [3ms]
2025-01-17 19:19:13.151 [info] > git cat-file -s 848ef5a5faba8eae0824af0108dd866f773642bf [1ms]
2025-01-17 19:33:35.533 [info] > git config --get commit.template [25ms]
2025-01-17 19:33:35.542 [info] > git for-each-ref --format=%(refname)%00%(upstream:short)%00%(objectname)%00%(upstream:track)%00%(upstream:remotename)%00%(upstream:remoteref) refs/heads/dev refs/remotes/dev [27ms]
2025-01-17 19:33:35.548 [warning] [Git][revParse] Unable to read file: ENOENT: no such file or directory, open '/home/abe/jeopardy-8585a0b237fb4449b6bad21e24a5de97/.git/refs/remotes/origin/dev'
2025-01-17 19:33:35.550 [info] > git rev-parse refs/remotes/origin/dev [3ms]
2025-01-17 19:33:35.564 [info] > git status -z -uall [7ms]
2025-01-17 19:33:35.566 [info] > git for-each-ref --sort -committerdate --format %(refname) %(objectname) %(*objectname) [4ms]
2025-01-17 19:49:47.830 [info] > git config --get commit.template [21ms]
2025-01-17 19:49:47.839 [info] > git for-each-ref --format=%(refname)%00%(upstream:short)%00%(objectname)%00%(upstream:track)%00%(upstream:remotename)%00%(upstream:remoteref) refs/heads/dev refs/remotes/dev [25ms]
2025-01-17 19:49:47.845 [warning] [Git][revParse] Unable to read file: ENOENT: no such file or directory, open '/home/abe/jeopardy-8585a0b237fb4449b6bad21e24a5de97/.git/refs/remotes/origin/dev'
2025-01-17 19:49:47.847 [info] > git rev-parse refs/remotes/origin/dev [3ms]
2025-01-17 19:49:47.861 [info] > git status -z -uall [9ms]
2025-01-17 19:49:47.863 [info] > git for-each-ref --sort -committerdate --format %(refname) %(objectname) %(*objectname) [4ms]
2025-01-17 19:59:37.408 [info] > git config --get commit.template [2ms]
2025-01-17 19:59:37.415 [info] > git for-each-ref --format=%(refname)%00%(upstream:short)%00%(objectname)%00%(upstream:track)%00%(upstream:remotename)%00%(upstream:remoteref) refs/heads/dev refs/remotes/dev [2ms]
2025-01-17 19:59:37.419 [warning] [Git][revParse] Unable to read file: ENOENT: no such file or directory, open '/home/abe/jeopardy-8585a0b237fb4449b6bad21e24a5de97/.git/refs/remotes/origin/dev'
2025-01-17 19:59:37.421 [info] > git rev-parse refs/remotes/origin/dev [1ms]
2025-01-17 19:59:37.431 [info] > git status -z -uall [7ms]
2025-01-17 19:59:37.433 [info] > git for-each-ref --sort -committerdate --format %(refname) %(objectname) %(*objectname) [4ms]
2025-01-17 20:08:17.853 [info] > git config --get commit.template [20ms]
2025-01-17 20:08:17.860 [info] > git for-each-ref --format=%(refname)%00%(upstream:short)%00%(objectname)%00%(upstream:track)%00%(upstream:remotename)%00%(upstream:remoteref) refs/heads/dev refs/remotes/dev [21ms]
2025-01-17 20:08:17.865 [warning] [Git][revParse] Unable to read file: ENOENT: no such file or directory, open '/home/abe/jeopardy-8585a0b237fb4449b6bad21e24a5de97/.git/refs/remotes/origin/dev'
2025-01-17 20:08:17.867 [info] > git rev-parse refs/remotes/origin/dev [3ms]
2025-01-17 20:08:17.882 [info] > git status -z -uall [8ms]
2025-01-17 20:08:17.886 [info] > git for-each-ref --sort -committerdate --format %(refname) %(objectname) %(*objectname) [5ms]
2025-01-17 20:10:26.667 [info] > git ls-files --stage -- /home/abe/jeopardy-8585a0b237fb4449b6bad21e24a5de97/jeopardy/index.html [19ms]
2025-01-17 20:10:26.673 [info] > git show --textconv :jeopardy/index.html [31ms]
2025-01-17 20:10:26.674 [info] > git cat-file -s dbcff747754a2109cefc8fb34bc75352e6eeb8da [2ms]
2025-01-17 20:10:37.565 [info] > git show --textconv :jeopardy/jeopardy.js [5ms]
2025-01-17 20:10:37.566 [info] > git ls-files --stage -- /home/abe/jeopardy-8585a0b237fb4449b6bad21e24a5de97/jeopardy/jeopardy.js [2ms]
2025-01-17 20:10:37.572 [info] > git cat-file -s 848ef5a5faba8eae0824af0108dd866f773642bf [2ms]
2025-01-17 20:13:33.215 [info] > git config --get commit.template [7ms]
2025-01-17 20:13:33.219 [info] > git for-each-ref --format=%(refname)%00%(upstream:short)%00%(objectname)%00%(upstream:track)%00%(upstream:remotename)%00%(upstream:remoteref) refs/heads/dev refs/remotes/dev [7ms]
2025-01-17 20:13:33.225 [warning] [Git][revParse] Unable to read file: ENOENT: no such file or directory, open '/home/abe/jeopardy-8585a0b237fb4449b6bad21e24a5de97/.git/refs/remotes/origin/dev'
2025-01-17 20:13:33.228 [info] > git rev-parse refs/remotes/origin/dev [3ms]
2025-01-17 20:13:33.240 [info] > git status -z -uall [7ms]
2025-01-17 20:13:33.244 [info] > git for-each-ref --sort -committerdate --format %(refname) %(objectname) %(*objectname) [5ms]
2025-01-17 20:25:07.273 [info] > git config --get commit.template [10ms]
2025-01-17 20:25:07.274 [info] > git for-each-ref --format=%(refname)%00%(upstream:short)%00%(objectname)%00%(upstream:track)%00%(upstream:remotename)%00%(upstream:remoteref) refs/heads/dev refs/remotes/dev [4ms]
2025-01-17 20:25:07.278 [warning] [Git][revParse] Unable to read file: ENOENT: no such file or directory, open '/home/abe/jeopardy-8585a0b237fb4449b6bad21e24a5de97/.git/refs/remotes/origin/dev'
2025-01-17 20:25:07.279 [info] > git rev-parse refs/remotes/origin/dev [1ms]
2025-01-17 20:25:07.289 [info] > git status -z -uall [6ms]
2025-01-17 20:25:07.290 [info] > git for-each-ref --sort -committerdate --format %(refname) %(objectname) %(*objectname) [1ms]
2025-01-17 20:30:43.446 [info] > git config --get commit.template [4ms]
2025-01-17 20:30:43.455 [info] > git for-each-ref --format=%(refname)%00%(upstream:short)%00%(objectname)%00%(upstream:track)%00%(upstream:remotename)%00%(upstream:remoteref) refs/heads/dev refs/remotes/dev [3ms]
2025-01-17 20:30:43.461 [warning] [Git][revParse] Unable to read file: ENOENT: no such file or directory, open '/home/abe/jeopardy-8585a0b237fb4449b6bad21e24a5de97/.git/refs/remotes/origin/dev'
2025-01-17 20:30:43.464 [info] > git rev-parse refs/remotes/origin/dev [3ms]
2025-01-17 20:30:43.478 [info] > git status -z -uall [8ms]
2025-01-17 20:30:43.480 [info] > git for-each-ref --sort -committerdate --format %(refname) %(objectname) %(*objectname) [3ms]
2025-01-17 20:31:10.157 [info] > git config --get commit.template [3ms]
2025-01-17 20:31:10.163 [info] > git for-each-ref --format=%(refname)%00%(upstream:short)%00%(objectname)%00%(upstream:track)%00%(upstream:remotename)%00%(upstream:remoteref) refs/heads/dev refs/remotes/dev [2ms]
2025-01-17 20:31:10.168 [warning] [Git][revParse] Unable to read file: ENOENT: no such file or directory, open '/home/abe/jeopardy-8585a0b237fb4449b6bad21e24a5de97/.git/refs/remotes/origin/dev'
2025-01-17 20:31:10.169 [info] > git rev-parse refs/remotes/origin/dev [1ms]
2025-01-17 20:31:10.177 [info] > git status -z -uall [4ms]
2025-01-17 20:31:10.178 [info] > git for-each-ref --sort -committerdate --format %(refname) %(objectname) %(*objectname) [1ms]
2025-01-17 20:34:51.641 [info] > git show --textconv :jeopardy/index.html [12ms]
2025-01-17 20:34:51.643 [info] > git ls-files --stage -- /home/abe/jeopardy-8585a0b237fb4449b6bad21e24a5de97/jeopardy/index.html [3ms]
2025-01-17 20:34:51.651 [info] > git cat-file -s dbcff747754a2109cefc8fb34bc75352e6eeb8da [2ms]
2025-01-17 20:37:33.071 [info] > git config --get commit.template [3ms]
2025-01-17 20:37:33.077 [info] > git for-each-ref --format=%(refname)%00%(upstream:short)%00%(objectname)%00%(upstream:track)%00%(upstream:remotename)%00%(upstream:remoteref) refs/heads/dev refs/remotes/dev [1ms]
2025-01-17 20:37:33.081 [warning] [Git][revParse] Unable to read file: ENOENT: no such file or directory, open '/home/abe/jeopardy-8585a0b237fb4449b6bad21e24a5de97/.git/refs/remotes/origin/dev'
2025-01-17 20:37:33.084 [info] > git rev-parse refs/remotes/origin/dev [3ms]
2025-01-17 20:37:33.094 [info] > git status -z -uall [7ms]
2025-01-17 20:37:33.095 [info] > git for-each-ref --sort -committerdate --format %(refname) %(objectname) %(*objectname) [3ms]
2025-01-17 20:38:33.055 [info] > git show --textconv :jeopardy/jeopardy.js [5ms]
2025-01-17 20:38:33.057 [info] > git ls-files --stage -- /home/abe/jeopardy-8585a0b237fb4449b6bad21e24a5de97/jeopardy/jeopardy.js [2ms]
2025-01-17 20:38:33.061 [info] > git cat-file -s 848ef5a5faba8eae0824af0108dd866f773642bf [2ms]
2025-01-17 20:38:34.194 [info] > git show --textconv :jeopardy/index.html [6ms]
2025-01-17 20:38:34.198 [info] > git ls-files --stage -- /home/abe/jeopardy-8585a0b237fb4449b6bad21e24a5de97/jeopardy/index.html [5ms]
2025-01-17 20:38:34.204 [info] > git cat-file -s dbcff747754a2109cefc8fb34bc75352e6eeb8da [2ms]
2025-01-17 20:38:43.558 [info] > git show --textconv :jeopardy/jeopardy.js [5ms]
2025-01-17 20:38:43.559 [info] > git ls-files --stage -- /home/abe/jeopardy-8585a0b237fb4449b6bad21e24a5de97/jeopardy/jeopardy.js [2ms]
2025-01-17 20:38:43.567 [info] > git cat-file -s 848ef5a5faba8eae0824af0108dd866f773642bf [5ms]
2025-01-17 20:44:23.600 [info] > git config --get commit.template [7ms]
2025-01-17 20:44:23.601 [info] > git for-each-ref --format=%(refname)%00%(upstream:short)%00%(objectname)%00%(upstream:track)%00%(upstream:remotename)%00%(upstream:remoteref) refs/heads/dev refs/remotes/dev [2ms]
2025-01-17 20:44:23.608 [warning] [Git][revParse] Unable to read file: ENOENT: no such file or directory, open '/home/abe/jeopardy-8585a0b237fb4449b6bad21e24a5de97/.git/refs/remotes/origin/dev'
2025-01-17 20:44:23.611 [info] > git rev-parse refs/remotes/origin/dev [2ms]
2025-01-17 20:44:23.625 [info] > git status -z -uall [10ms]
2025-01-17 20:44:23.627 [info] > git for-each-ref --sort -committerdate --format %(refname) %(objectname) %(*objectname) [5ms]
2025-01-17 20:46:28.646 [info] > git show --textconv :jeopardy/index.html [6ms]
2025-01-17 20:46:28.650 [info] > git ls-files --stage -- /home/abe/jeopardy-8585a0b237fb4449b6bad21e24a5de97/jeopardy/index.html [5ms]
2025-01-17 20:46:28.657 [info] > git cat-file -s dbcff747754a2109cefc8fb34bc75352e6eeb8da [2ms]
2025-01-17 20:48:26.378 [info] > git config --get commit.template [9ms]
2025-01-17 20:48:26.379 [info] > git for-each-ref --format=%(refname)%00%(upstream:short)%00%(objectname)%00%(upstream:track)%00%(upstream:remotename)%00%(upstream:remoteref) refs/heads/dev refs/remotes/dev [4ms]
2025-01-17 20:48:26.386 [warning] [Git][revParse] Unable to read file: ENOENT: no such file or directory, open '/home/abe/jeopardy-8585a0b237fb4449b6bad21e24a5de97/.git/refs/remotes/origin/dev'
2025-01-17 20:48:26.387 [info] > git rev-parse refs/remotes/origin/dev [2ms]
2025-01-17 20:48:26.401 [info] > git status -z -uall [8ms]
2025-01-17 20:48:26.403 [info] > git for-each-ref --sort -committerdate --format %(refname) %(objectname) %(*objectname) [4ms]
2025-01-17 20:48:56.672 [info] > git show --textconv :jeopardy/jeopardy.css [8ms]
2025-01-17 20:48:56.674 [info] > git ls-files --stage -- /home/abe/jeopardy-8585a0b237fb4449b6bad21e24a5de97/jeopardy/jeopardy.css [5ms]
2025-01-17 20:48:56.681 [info] > git cat-file -s 1ca03dc151768c0cac821e84829178c062fe3197 [2ms]
2025-01-17 20:48:58.202 [info] > git blame --root --incremental f05e74926f12ed3653030c769edb1122fb653459 -- /home/abe/jeopardy-8585a0b237fb4449b6bad21e24a5de97/jeopardy/jeopardy.css [4ms]
2025-01-17 20:50:37.279 [info] > git show --textconv :jeopardy/jeopardy.js [6ms]
2025-01-17 20:50:37.280 [info] > git ls-files --stage -- /home/abe/jeopardy-8585a0b237fb4449b6bad21e24a5de97/jeopardy/jeopardy.js [3ms]
2025-01-17 20:50:37.289 [info] > git cat-file -s 848ef5a5faba8eae0824af0108dd866f773642bf [2ms]
2025-01-17 20:50:44.274 [info] > git show --textconv :jeopardy/index.html [8ms]
2025-01-17 20:50:44.277 [info] > git ls-files --stage -- /home/abe/jeopardy-8585a0b237fb4449b6bad21e24a5de97/jeopardy/index.html [4ms]
2025-01-17 20:50:44.283 [info] > git cat-file -s dbcff747754a2109cefc8fb34bc75352e6eeb8da [1ms]
2025-01-17 20:51:13.934 [info] > git show --textconv :jeopardy/jeopardy.js [7ms]
2025-01-17 20:51:13.935 [info] > git ls-files --stage -- /home/abe/jeopardy-8585a0b237fb4449b6bad21e24a5de97/jeopardy/jeopardy.js [3ms]
2025-01-17 20:51:13.942 [info] > git cat-file -s 848ef5a5faba8eae0824af0108dd866f773642bf [3ms]
2025-01-17 20:51:59.748 [info] > git show --textconv :jeopardy/index.html [5ms]
2025-01-17 20:51:59.751 [info] > git ls-files --stage -- /home/abe/jeopardy-8585a0b237fb4449b6bad21e24a5de97/jeopardy/index.html [3ms]
2025-01-17 20:51:59.756 [info] > git cat-file -s dbcff747754a2109cefc8fb34bc75352e6eeb8da [2ms]
2025-01-17 20:52:25.980 [info] > git show --textconv :jeopardy/jeopardy.css [6ms]
2025-01-17 20:52:25.981 [info] > git ls-files --stage -- /home/abe/jeopardy-8585a0b237fb4449b6bad21e24a5de97/jeopardy/jeopardy.css [5ms]
2025-01-17 20:52:25.986 [info] > git cat-file -s 1ca03dc151768c0cac821e84829178c062fe3197 [2ms]
2025-01-17 20:53:21.202 [info] > git config --get commit.template [7ms]
2025-01-17 20:53:21.202 [info] > git for-each-ref --format=%(refname)%00%(upstream:short)%00%(objectname)%00%(upstream:track)%00%(upstream:remotename)%00%(upstream:remoteref) refs/heads/dev refs/remotes/dev [2ms]
2025-01-17 20:53:21.207 [warning] [Git][revParse] Unable to read file: ENOENT: no such file or directory, open '/home/abe/jeopardy-8585a0b237fb4449b6bad21e24a5de97/.git/refs/remotes/origin/dev'
2025-01-17 20:53:21.209 [info] > git rev-parse refs/remotes/origin/dev [2ms]
2025-01-17 20:53:21.219 [info] > git status -z -uall [6ms]
2025-01-17 20:53:21.220 [info] > git for-each-ref --sort -committerdate --format %(refname) %(objectname) %(*objectname) [2ms]
2025-01-17 20:56:16.145 [info] > git show --textconv :jeopardy/jeopardy.js [5ms]
2025-01-17 20:56:16.146 [info] > git ls-files --stage -- /home/abe/jeopardy-8585a0b237fb4449b6bad21e24a5de97/jeopardy/jeopardy.js [2ms]
2025-01-17 20:56:16.151 [info] > git cat-file -s 848ef5a5faba8eae0824af0108dd866f773642bf [2ms]
2025-01-17 20:56:34.721 [info] > git show --textconv :jeopardy/index.html [4ms]
2025-01-17 20:56:34.723 [info] > git ls-files --stage -- /home/abe/jeopardy-8585a0b237fb4449b6bad21e24a5de97/jeopardy/index.html [2ms]
2025-01-17 20:56:34.730 [info] > git cat-file -s dbcff747754a2109cefc8fb34bc75352e6eeb8da [2ms]
2025-01-17 20:57:12.662 [info] > git show --textconv :jeopardy/jeopardy.js [5ms]
2025-01-17 20:57:12.663 [info] > git ls-files --stage -- /home/abe/jeopardy-8585a0b237fb4449b6bad21e24a5de97/jeopardy/jeopardy.js [2ms]
2025-01-17 20:57:12.668 [info] > git cat-file -s 848ef5a5faba8eae0824af0108dd866f773642bf [1ms]
2025-01-17 21:01:03.047 [info] > git config --get commit.template [2ms]
2025-01-17 21:01:03.058 [info] > git for-each-ref --format=%(refname)%00%(upstream:short)%00%(objectname)%00%(upstream:track)%00%(upstream:remotename)%00%(upstream:remoteref) refs/heads/dev refs/remotes/dev [2ms]
2025-01-17 21:01:03.063 [warning] [Git][revParse] Unable to read file: ENOENT: no such file or directory, open '/home/abe/jeopardy-8585a0b237fb4449b6bad21e24a5de97/.git/refs/remotes/origin/dev'
2025-01-17 21:01:03.064 [info] > git rev-parse refs/remotes/origin/dev [1ms]
2025-01-17 21:01:03.074 [info] > git status -z -uall [7ms]
2025-01-17 21:01:03.075 [info] > git for-each-ref --sort -committerdate --format %(refname) %(objectname) %(*objectname) [3ms]
2025-01-17 21:02:36.414 [info] > git config --get commit.template [6ms]
2025-01-17 21:02:36.415 [info] > git for-each-ref --format=%(refname)%00%(upstream:short)%00%(objectname)%00%(upstream:track)%00%(upstream:remotename)%00%(upstream:remoteref) refs/heads/dev refs/remotes/dev [3ms]
2025-01-17 21:02:36.419 [warning] [Git][revParse] Unable to read file: ENOENT: no such file or directory, open '/home/abe/jeopardy-8585a0b237fb4449b6bad21e24a5de97/.git/refs/remotes/origin/dev'
2025-01-17 21:02:36.421 [info] > git rev-parse refs/remotes/origin/dev [2ms]
2025-01-17 21:02:36.431 [info] > git status -z -uall [6ms]
2025-01-17 21:02:36.432 [info] > git for-each-ref --sort -committerdate --format %(refname) %(objectname) %(*objectname) [3ms]
2025-01-17 21:03:40.281 [info] > git config --get commit.template [5ms]
2025-01-17 21:03:40.288 [info] > git for-each-ref --format=%(refname)%00%(upstream:short)%00%(objectname)%00%(upstream:track)%00%(upstream:remotename)%00%(upstream:remoteref) refs/heads/dev refs/remotes/dev [2ms]
2025-01-17 21:03:40.294 [warning] [Git][revParse] Unable to read file: ENOENT: no such file or directory, open '/home/abe/jeopardy-8585a0b237fb4449b6bad21e24a5de97/.git/refs/remotes/origin/dev'
2025-01-17 21:03:40.295 [info] > git rev-parse refs/remotes/origin/dev [2ms]
2025-01-17 21:03:40.304 [info] > git status -z -uall [5ms]
2025-01-17 21:03:40.306 [info] > git for-each-ref --sort -committerdate --format %(refname) %(objectname) %(*objectname) [2ms]
2025-01-17 21:07:09.644 [info] > git config --get commit.template [5ms]
2025-01-17 21:07:09.646 [info] > git for-each-ref --format=%(refname)%00%(upstream:short)%00%(objectname)%00%(upstream:track)%00%(upstream:remotename)%00%(upstream:remoteref) refs/heads/dev refs/remotes/dev [3ms]
2025-01-17 21:07:09.652 [warning] [Git][revParse] Unable to read file: ENOENT: no such file or directory, open '/home/abe/jeopardy-8585a0b237fb4449b6bad21e24a5de97/.git/refs/remotes/origin/dev'
2025-01-17 21:07:09.652 [info] > git rev-parse refs/remotes/origin/dev [0ms]
2025-01-17 21:07:09.671 [info] > git status -z -uall [11ms]
2025-01-17 21:07:09.673 [info] > git for-each-ref --sort -committerdate --format %(refname) %(objectname) %(*objectname) [3ms]
2025-01-18 17:01:24.124 [info] > git config --get commit.template [12ms]
2025-01-18 17:01:24.129 [info] > git for-each-ref --format=%(refname)%00%(upstream:short)%00%(objectname)%00%(upstream:track)%00%(upstream:remotename)%00%(upstream:remoteref) refs/heads/dev refs/remotes/dev [13ms]
2025-01-18 17:01:24.141 [info] > git status -z -uall [8ms]
2025-01-18 17:01:24.142 [info] > git for-each-ref --sort -committerdate --format %(refname) %(objectname) %(*objectname) [5ms]
2025-01-18 17:01:24.159 [info] > git merge-base refs/heads/dev refs/remotes/origin/dev [1ms]
2025-01-18 17:01:24.164 [info] > git blame --root --incremental 54fd42f4985c3d96bfd5895d523927a62d4d32dd -- /home/abe/jeopardy-8585a0b237fb4449b6bad21e24a5de97/jeopardy/jeopardy.js [8ms]
2025-01-18 17:01:24.168 [info] > git ls-files --stage -- /home/abe/jeopardy-8585a0b237fb4449b6bad21e24a5de97/jeopardy/jeopardy.js [27ms]
2025-01-18 17:01:24.171 [info] > git diff --name-status -z --diff-filter=ADMR 54fd42f4985c3d96bfd5895d523927a62d4d32dd...refs/remotes/origin/dev [9ms]
2025-01-18 17:01:24.172 [info] > git cat-file -s aad43b8b6b87979c543237197cc15a400720968a [2ms]
2025-01-18 17:01:24.182 [info] > git show --textconv :jeopardy/jeopardy.js [1ms]
2025-01-18 17:01:29.170 [info] > git config --get commit.template [5ms]
2025-01-18 17:01:29.172 [info] > git for-each-ref --format=%(refname)%00%(upstream:short)%00%(objectname)%00%(upstream:track)%00%(upstream:remotename)%00%(upstream:remoteref) refs/heads/dev refs/remotes/dev [2ms]
2025-01-18 17:01:29.181 [info] > git status -z -uall [4ms]
2025-01-18 17:01:29.182 [info] > git for-each-ref --sort -committerdate --format %(refname) %(objectname) %(*objectname) [1ms]
