2025-01-24 15:07:24.154 [info] [main] Log level: Info
2025-01-24 15:07:24.154 [info] [main] Validating found git in: "git"
2025-01-24 15:07:24.154 [info] [main] Using git "2.34.1" from "git"
2025-01-24 15:07:24.154 [info] [Model][doInitialScan] Initial repository scan started
2025-01-24 15:07:24.154 [info] > git rev-parse --show-toplevel [4ms]
2025-01-24 15:07:24.154 [info] > git rev-parse --git-dir --git-common-dir [38ms]
2025-01-24 15:07:24.154 [info] [Model][openRepository] Opened repository: /home/abe
2025-01-24 15:07:24.154 [info] > git rev-parse --show-toplevel [2ms]
2025-01-24 15:07:24.154 [info] > git config --get commit.template [4ms]
2025-01-24 15:07:24.163 [info] > git rev-parse --show-toplevel [6ms]
2025-01-24 15:07:24.167 [info] [Model][doInitialScan] Initial repository scan completed - repositories (1), closed repositories (0), parent repositories (0), unsafe repositories (0)
2025-01-24 15:07:24.190 [info] > git for-each-ref --format=%(refname)%00%(upstream:short)%00%(objectname)%00%(upstream:track)%00%(upstream:remotename)%00%(upstream:remoteref) refs/heads/dev refs/remotes/dev [29ms]
2025-01-24 15:07:24.229 [info] > git for-each-ref --sort -committerdate --format %(refname) %(objectname) %(*objectname) [35ms]
2025-01-24 15:07:24.702 [info] > git check-ignore -v -z --stdin [2ms]
2025-01-24 15:07:25.243 [info] > git status -z -uall [1051ms] (cancelled)
2025-01-24 15:07:34.044 [info] > git for-each-ref --format=%(refname)%00%(upstream:short)%00%(objectname)%00%(upstream:track)%00%(upstream:remotename)%00%(upstream:remoteref) refs/heads/dev refs/remotes/dev [471ms]
2025-01-24 15:07:34.084 [info] > git config --local branch.dev.vscode-merge-base [36ms]
2025-01-24 15:07:34.086 [info] > git config --get commit.template [42ms]
2025-01-24 15:07:34.088 [info] > git for-each-ref --format=%(refname)%00%(upstream:short)%00%(objectname)%00%(upstream:track)%00%(upstream:remotename)%00%(upstream:remoteref) refs/heads/origin/master refs/remotes/origin/master [2ms]
2025-01-24 15:07:34.100 [info] > git for-each-ref --format=%(refname)%00%(upstream:short)%00%(objectname)%00%(upstream:track)%00%(upstream:remotename)%00%(upstream:remoteref) refs/heads/dev refs/remotes/dev [2ms]
2025-01-24 15:07:34.108 [info] > git for-each-ref --sort -committerdate --format %(refname) %(objectname) %(*objectname) [3ms]
2025-01-24 15:07:34.325 [info] > git status -z -uall [223ms] (cancelled)
2025-01-24 15:07:54.943 [info] > git check-ignore -v -z --stdin [6ms]
2025-01-24 15:09:04.223 [info] > git show --textconv :my-pokedex/package.json [15ms]
2025-01-24 15:09:04.225 [info] > git ls-files --stage -- /home/abe/my-pokedex/package.json [15ms]
2025-01-24 15:10:18.787 [info] > git check-ignore -v -z --stdin [4ms]
2025-01-24 15:10:57.643 [info] > git show --textconv :my-pokedex/src/components/Pokedex.js [4ms]
2025-01-24 15:10:57.646 [info] > git ls-files --stage -- /home/abe/my-pokedex/src/components/Pokedex.js [5ms]
2025-01-24 15:10:57.804 [info] > git check-ignore -v -z --stdin [2ms]
2025-01-24 15:11:13.217 [info] > git show --textconv :my-pokedex/src/components/PokeCard.js [5ms]
2025-01-24 15:11:13.223 [info] > git ls-files --stage -- /home/abe/my-pokedex/src/components/PokeCard.js [7ms]
2025-01-24 15:11:13.487 [info] > git check-ignore -v -z --stdin [2ms]
2025-01-24 15:13:12.379 [info] > git blame --root --incremental b3c37848e12d2fc25aa4aebc9d0fb311d0075e7d -- /home/abe/my-pokedex/src/components/PokeCard.js [1ms]
2025-01-24 15:13:12.379 [info] fatal: no such path my-pokedex/src/components/PokeCard.js in b3c37848e12d2fc25aa4aebc9d0fb311d0075e7d
2025-01-24 15:14:40.943 [info] > git show --textconv :my-pokedex/package-lock.json [5ms]
2025-01-24 15:14:40.952 [info] > git ls-files --stage -- /home/abe/my-pokedex/package-lock.json [10ms]
2025-01-24 15:14:42.214 [info] > git show --textconv :my-pokedex/package.json [5ms]
2025-01-24 15:14:42.216 [info] > git ls-files --stage -- /home/abe/my-pokedex/package.json [3ms]
2025-01-24 15:18:34.890 [info] > git show --textconv :my-pokedex/package-lock.json [18ms]
2025-01-24 15:18:34.893 [info] > git ls-files --stage -- /home/abe/my-pokedex/package-lock.json [4ms]
2025-01-24 15:18:35.764 [info] > git show --textconv :my-pokedex/package.json [9ms]
2025-01-24 15:18:35.765 [info] > git ls-files --stage -- /home/abe/my-pokedex/package.json [3ms]
2025-01-24 15:18:46.896 [info] > git blame --root --incremental b3c37848e12d2fc25aa4aebc9d0fb311d0075e7d -- /home/abe/my-pokedex/package.json [3ms]
2025-01-24 15:18:46.896 [info] fatal: no such path my-pokedex/package.json in b3c37848e12d2fc25aa4aebc9d0fb311d0075e7d
2025-01-24 15:24:07.371 [info] > git show --textconv :my-pokedex/src/components/PokeCard.js [7ms]
2025-01-24 15:24:07.372 [info] > git ls-files --stage -- /home/abe/my-pokedex/src/components/PokeCard.js [2ms]
2025-01-24 15:25:01.011 [info] > git show --textconv :my-pokedex/src/App.js [5ms]
2025-01-24 15:25:01.013 [info] > git ls-files --stage -- /home/abe/my-pokedex/src/App.js [3ms]
2025-01-24 15:25:16.376 [info] > git show --textconv :my-pokedex/src/components/PokeCard.js [6ms]
2025-01-24 15:25:16.377 [info] > git ls-files --stage -- /home/abe/my-pokedex/src/components/PokeCard.js [3ms]
2025-01-24 15:25:56.554 [info] > git show --textconv :my-pokedex/src/App.js [8ms]
2025-01-24 15:25:56.557 [info] > git ls-files --stage -- /home/abe/my-pokedex/src/App.js [6ms]
2025-01-24 15:26:00.055 [info] > git show --textconv :my-pokedex/package.json [8ms]
2025-01-24 15:26:00.055 [info] > git ls-files --stage -- /home/abe/my-pokedex/package.json [1ms]
2025-01-24 15:26:02.161 [info] > git show --textconv :my-pokedex/src/App.js [5ms]
2025-01-24 15:26:02.163 [info] > git ls-files --stage -- /home/abe/my-pokedex/src/App.js [3ms]
2025-01-24 15:26:28.727 [info] > git show --textconv :my-pokedex/src/components/PokeCard.js [4ms]
2025-01-24 15:26:28.728 [info] > git ls-files --stage -- /home/abe/my-pokedex/src/components/PokeCard.js [2ms]
2025-01-24 15:26:53.707 [info] > git show --textconv :my-pokedex/src/components/Pokedex.js [7ms]
2025-01-24 15:26:53.709 [info] > git ls-files --stage -- /home/abe/my-pokedex/src/components/Pokedex.js [2ms]
2025-01-24 15:27:02.058 [info] > git blame --root --incremental b3c37848e12d2fc25aa4aebc9d0fb311d0075e7d -- /home/abe/my-pokedex/src/components/Pokedex.js [3ms]
2025-01-24 15:27:02.058 [info] fatal: no such path my-pokedex/src/components/Pokedex.js in b3c37848e12d2fc25aa4aebc9d0fb311d0075e7d
2025-01-24 15:32:03.100 [info] > git show --textconv :my-pokedex/src/App.js [6ms]
2025-01-24 15:32:03.102 [info] > git ls-files --stage -- /home/abe/my-pokedex/src/App.js [3ms]
2025-01-24 15:32:11.701 [info] > git blame --root --incremental b3c37848e12d2fc25aa4aebc9d0fb311d0075e7d -- /home/abe/my-pokedex/src/App.js [2ms]
2025-01-24 15:32:11.701 [info] fatal: no such path my-pokedex/src/App.js in b3c37848e12d2fc25aa4aebc9d0fb311d0075e7d
2025-01-24 15:33:09.345 [info] > git show --textconv :my-pokedex/src/components/Pokedex.js [4ms]
2025-01-24 15:33:09.346 [info] > git ls-files --stage -- /home/abe/my-pokedex/src/components/Pokedex.js [2ms]
2025-01-24 15:34:25.739 [info] > git ls-files --stage -- /home/abe/my-pokedex/src/components/PokeCard.css [13ms]
2025-01-24 15:34:25.741 [info] > git show --textconv :my-pokedex/src/components/PokeCard.css [17ms]
2025-01-24 15:34:26.027 [info] > git check-ignore -v -z --stdin [27ms]
2025-01-24 15:34:38.807 [info] > git show --textconv :my-pokedex/src/components/PokeCard.js [8ms]
2025-01-24 15:34:38.809 [info] > git ls-files --stage -- /home/abe/my-pokedex/src/components/PokeCard.js [3ms]
2025-01-24 15:34:40.828 [info] > git show --textconv :my-pokedex/src/components/PokeCard.css [6ms]
2025-01-24 15:34:40.831 [info] > git ls-files --stage -- /home/abe/my-pokedex/src/components/PokeCard.css [4ms]
2025-01-24 15:34:42.333 [info] > git show --textconv :my-pokedex/src/components/Pokedex.js [4ms]
2025-01-24 15:34:42.333 [info] > git ls-files --stage -- /home/abe/my-pokedex/src/components/Pokedex.js [1ms]
2025-01-24 15:34:53.112 [info] > git show --textconv :my-pokedex/src/components/PokeCard.css [4ms]
2025-01-24 15:34:53.114 [info] > git ls-files --stage -- /home/abe/my-pokedex/src/components/PokeCard.css [3ms]
2025-01-24 15:34:54.323 [info] > git show --textconv :my-pokedex/src/components/PokeCard.js [4ms]
2025-01-24 15:34:54.325 [info] > git ls-files --stage -- /home/abe/my-pokedex/src/components/PokeCard.js [2ms]
2025-01-24 15:34:55.603 [info] > git show --textconv :my-pokedex/src/App.js [4ms]
2025-01-24 15:34:55.606 [info] > git ls-files --stage -- /home/abe/my-pokedex/src/App.js [3ms]
2025-01-24 15:36:22.549 [info] > git show --textconv :my-pokedex/src/components/PokeCard.css [15ms]
2025-01-24 15:36:22.550 [info] > git ls-files --stage -- /home/abe/my-pokedex/src/components/PokeCard.css [11ms]
2025-01-24 15:36:31.860 [info] > git blame --root --incremental b3c37848e12d2fc25aa4aebc9d0fb311d0075e7d -- /home/abe/my-pokedex/src/components/PokeCard.css [3ms]
2025-01-24 15:36:31.860 [info] fatal: no such path my-pokedex/src/components/PokeCard.css in b3c37848e12d2fc25aa4aebc9d0fb311d0075e7d
2025-01-24 15:40:22.470 [info] > git show --textconv :my-pokedex/src/components/PokeCard.js [17ms]
2025-01-24 15:40:22.472 [info] > git ls-files --stage -- /home/abe/my-pokedex/src/components/PokeCard.js [14ms]
2025-01-24 15:40:24.563 [info] > git show --textconv :my-pokedex/src/App.js [6ms]
2025-01-24 15:40:24.565 [info] > git ls-files --stage -- /home/abe/my-pokedex/src/App.js [3ms]
2025-01-24 15:40:26.395 [info] > git show --textconv :my-pokedex/src/components/PokeCard.css [8ms]
2025-01-24 15:40:26.396 [info] > git ls-files --stage -- /home/abe/my-pokedex/src/components/PokeCard.css [2ms]
2025-01-24 15:40:28.916 [info] > git show --textconv :my-pokedex/src/components/Pokedex.js [3ms]
2025-01-24 15:40:28.918 [info] > git ls-files --stage -- /home/abe/my-pokedex/src/components/Pokedex.js [2ms]
2025-01-24 15:40:47.654 [info] > git show --textconv :my-pokedex/src/components/PokeCard.css [5ms]
2025-01-24 15:40:47.656 [info] > git ls-files --stage -- /home/abe/my-pokedex/src/components/PokeCard.css [3ms]
2025-01-24 15:40:48.777 [info] > git show --textconv :my-pokedex/src/components/PokeCard.js [6ms]
2025-01-24 15:40:48.778 [info] > git ls-files --stage -- /home/abe/my-pokedex/src/components/PokeCard.js [3ms]
2025-01-24 15:40:49.844 [info] > git show --textconv :my-pokedex/src/App.js [4ms]
2025-01-24 15:40:49.846 [info] > git ls-files --stage -- /home/abe/my-pokedex/src/App.js [2ms]
2025-01-24 15:41:33.817 [info] > git show --textconv :my-pokedex/src/components/PokeCard.css [15ms]
2025-01-24 15:41:33.817 [info] > git ls-files --stage -- /home/abe/my-pokedex/src/components/PokeCard.css [2ms]
2025-01-24 15:42:42.550 [info] > git show --textconv :my-pokedex/src/components/PokeCard.js [5ms]
2025-01-24 15:42:42.552 [info] > git ls-files --stage -- /home/abe/my-pokedex/src/components/PokeCard.js [3ms]
2025-01-24 15:42:53.001 [info] > git show --textconv :my-pokedex/src/components/PokeCard.css [15ms]
2025-01-24 15:42:53.010 [info] > git ls-files --stage -- /home/abe/my-pokedex/src/components/PokeCard.css [10ms]
2025-01-24 15:49:15.186 [info] > git ls-files --stage -- /home/abe/my-pokedex/src/components/Pokedex.js [2ms]
2025-01-24 15:49:15.190 [info] > git show --textconv :my-pokedex/src/components/Pokedex.js [10ms]
2025-01-24 15:49:29.992 [info] > git show --textconv :my-pokedex/src/components/PokeCard.css [13ms]
2025-01-24 15:49:29.992 [info] > git ls-files --stage -- /home/abe/my-pokedex/src/components/PokeCard.css [3ms]
